{"C:\\Users\\Tim\\Desktop\\api_teamwork\\api\\v1\\test\\app.spec.js":{"path":"C:\\Users\\Tim\\Desktop\\api_teamwork\\api\\v1\\test\\app.spec.js","statementMap":{"0":{"start":{"line":1,"column":13},"end":{"line":1,"column":28}},"1":{"start":{"line":2,"column":17},"end":{"line":2,"column":37}},"2":{"start":{"line":4,"column":15},"end":{"line":4,"column":26}},"3":{"start":{"line":5,"column":15},"end":{"line":5,"column":28}},"4":{"start":{"line":7,"column":0},"end":{"line":7,"column":19}},"5":{"start":{"line":8,"column":12},"end":{"line":8,"column":35}},"6":{"start":{"line":10,"column":0},"end":{"line":80,"column":3}},"7":{"start":{"line":11,"column":2},"end":{"line":15,"column":5}},"8":{"start":{"line":12,"column":4},"end":{"line":12,"column":48}},"9":{"start":{"line":13,"column":4},"end":{"line":13,"column":75}},"10":{"start":{"line":14,"column":4},"end":{"line":14,"column":134}},"11":{"start":{"line":16,"column":2},"end":{"line":26,"column":5}},"12":{"start":{"line":17,"column":4},"end":{"line":25,"column":7}},"13":{"start":{"line":18,"column":6},"end":{"line":24,"column":11}},"14":{"start":{"line":21,"column":10},"end":{"line":21,"column":38}},"15":{"start":{"line":22,"column":10},"end":{"line":22,"column":41}},"16":{"start":{"line":23,"column":10},"end":{"line":23,"column":17}},"17":{"start":{"line":28,"column":2},"end":{"line":79,"column":5}},"18":{"start":{"line":29,"column":4},"end":{"line":38,"column":7}},"19":{"start":{"line":30,"column":6},"end":{"line":37,"column":11}},"20":{"start":{"line":32,"column":10},"end":{"line":32,"column":32}},"21":{"start":{"line":33,"column":10},"end":{"line":33,"column":28}},"22":{"start":{"line":34,"column":10},"end":{"line":34,"column":43}},"23":{"start":{"line":35,"column":10},"end":{"line":35,"column":119}},"24":{"start":{"line":36,"column":10},"end":{"line":36,"column":17}},"25":{"start":{"line":39,"column":4},"end":{"line":48,"column":7}},"26":{"start":{"line":40,"column":6},"end":{"line":47,"column":11}},"27":{"start":{"line":42,"column":10},"end":{"line":42,"column":32}},"28":{"start":{"line":43,"column":10},"end":{"line":43,"column":28}},"29":{"start":{"line":44,"column":10},"end":{"line":44,"column":43}},"30":{"start":{"line":45,"column":10},"end":{"line":45,"column":119}},"31":{"start":{"line":46,"column":10},"end":{"line":46,"column":17}},"32":{"start":{"line":49,"column":4},"end":{"line":58,"column":7}},"33":{"start":{"line":50,"column":6},"end":{"line":57,"column":11}},"34":{"start":{"line":52,"column":10},"end":{"line":52,"column":32}},"35":{"start":{"line":53,"column":10},"end":{"line":53,"column":28}},"36":{"start":{"line":54,"column":10},"end":{"line":54,"column":43}},"37":{"start":{"line":55,"column":10},"end":{"line":55,"column":119}},"38":{"start":{"line":56,"column":10},"end":{"line":56,"column":17}},"39":{"start":{"line":59,"column":4},"end":{"line":68,"column":7}},"40":{"start":{"line":60,"column":6},"end":{"line":67,"column":11}},"41":{"start":{"line":62,"column":10},"end":{"line":62,"column":32}},"42":{"start":{"line":63,"column":10},"end":{"line":63,"column":28}},"43":{"start":{"line":64,"column":10},"end":{"line":64,"column":43}},"44":{"start":{"line":65,"column":10},"end":{"line":65,"column":119}},"45":{"start":{"line":66,"column":10},"end":{"line":66,"column":17}},"46":{"start":{"line":69,"column":4},"end":{"line":78,"column":7}},"47":{"start":{"line":70,"column":6},"end":{"line":77,"column":11}},"48":{"start":{"line":72,"column":10},"end":{"line":72,"column":32}},"49":{"start":{"line":73,"column":10},"end":{"line":73,"column":28}},"50":{"start":{"line":74,"column":10},"end":{"line":74,"column":43}},"51":{"start":{"line":75,"column":10},"end":{"line":75,"column":119}},"52":{"start":{"line":76,"column":10},"end":{"line":76,"column":17}}},"fnMap":{"0":{"name":"(anonymous_0)","decl":{"start":{"line":10,"column":28},"end":{"line":10,"column":29}},"loc":{"start":{"line":10,"column":34},"end":{"line":80,"column":1}},"line":10},"1":{"name":"(anonymous_1)","decl":{"start":{"line":11,"column":9},"end":{"line":11,"column":10}},"loc":{"start":{"line":11,"column":15},"end":{"line":15,"column":3}},"line":11},"2":{"name":"(anonymous_2)","decl":{"start":{"line":16,"column":41},"end":{"line":16,"column":42}},"loc":{"start":{"line":16,"column":47},"end":{"line":26,"column":3}},"line":16},"3":{"name":"(anonymous_3)","decl":{"start":{"line":17,"column":38},"end":{"line":17,"column":39}},"loc":{"start":{"line":17,"column":48},"end":{"line":25,"column":5}},"line":17},"4":{"name":"(anonymous_4)","decl":{"start":{"line":20,"column":13},"end":{"line":20,"column":14}},"loc":{"start":{"line":20,"column":27},"end":{"line":24,"column":9}},"line":20},"5":{"name":"(anonymous_5)","decl":{"start":{"line":28,"column":26},"end":{"line":28,"column":27}},"loc":{"start":{"line":28,"column":32},"end":{"line":79,"column":3}},"line":28},"6":{"name":"(anonymous_6)","decl":{"start":{"line":29,"column":54},"end":{"line":29,"column":55}},"loc":{"start":{"line":29,"column":66},"end":{"line":38,"column":5}},"line":29},"7":{"name":"(anonymous_7)","decl":{"start":{"line":31,"column":18},"end":{"line":31,"column":19}},"loc":{"start":{"line":31,"column":38},"end":{"line":37,"column":9}},"line":31},"8":{"name":"(anonymous_8)","decl":{"start":{"line":39,"column":55},"end":{"line":39,"column":56}},"loc":{"start":{"line":39,"column":67},"end":{"line":48,"column":5}},"line":39},"9":{"name":"(anonymous_9)","decl":{"start":{"line":41,"column":19},"end":{"line":41,"column":20}},"loc":{"start":{"line":41,"column":39},"end":{"line":47,"column":9}},"line":41},"10":{"name":"(anonymous_10)","decl":{"start":{"line":49,"column":56},"end":{"line":49,"column":57}},"loc":{"start":{"line":49,"column":68},"end":{"line":58,"column":5}},"line":49},"11":{"name":"(anonymous_11)","decl":{"start":{"line":51,"column":20},"end":{"line":51,"column":21}},"loc":{"start":{"line":51,"column":40},"end":{"line":57,"column":9}},"line":51},"12":{"name":"(anonymous_12)","decl":{"start":{"line":59,"column":54},"end":{"line":59,"column":55}},"loc":{"start":{"line":59,"column":66},"end":{"line":68,"column":5}},"line":59},"13":{"name":"(anonymous_13)","decl":{"start":{"line":61,"column":18},"end":{"line":61,"column":19}},"loc":{"start":{"line":61,"column":38},"end":{"line":67,"column":9}},"line":61},"14":{"name":"(anonymous_14)","decl":{"start":{"line":69,"column":57},"end":{"line":69,"column":58}},"loc":{"start":{"line":69,"column":69},"end":{"line":78,"column":5}},"line":69},"15":{"name":"(anonymous_15)","decl":{"start":{"line":71,"column":21},"end":{"line":71,"column":22}},"loc":{"start":{"line":71,"column":41},"end":{"line":77,"column":9}},"line":71}},"branchMap":{},"s":{"0":1,"1":1,"2":1,"3":1,"4":1,"5":1,"6":1,"7":1,"8":1,"9":1,"10":1,"11":1,"12":1,"13":1,"14":1,"15":1,"16":1,"17":1,"18":1,"19":1,"20":0,"21":0,"22":0,"23":0,"24":0,"25":1,"26":1,"27":0,"28":0,"29":0,"30":0,"31":0,"32":1,"33":1,"34":0,"35":0,"36":0,"37":0,"38":0,"39":1,"40":1,"41":0,"42":0,"43":0,"44":0,"45":0,"46":1,"47":1,"48":0,"49":0,"50":0,"51":0,"52":0},"f":{"0":1,"1":1,"2":1,"3":1,"4":1,"5":1,"6":1,"7":0,"8":1,"9":0,"10":1,"11":0,"12":1,"13":0,"14":1,"15":0},"b":{},"_coverageSchema":"43e27e138ebf9cfc5966b082cf9a028302ed4184","hash":"c870da1a6887c8954b30ffd2df95121727cc6cef","contentHash":"9e0ef872417066cb81377d647c164d78f0622169f88607caece4793e6d053e43"},"C:\\Users\\Tim\\Desktop\\api_teamwork\\api\\app.js":{"path":"C:\\Users\\Tim\\Desktop\\api_teamwork\\api\\app.js","statementMap":{"0":{"start":{"line":1,"column":16},"end":{"line":1,"column":34}},"1":{"start":{"line":2,"column":19},"end":{"line":2,"column":41}},"2":{"start":{"line":3,"column":13},"end":{"line":3,"column":28}},"3":{"start":{"line":4,"column":12},"end":{"line":4,"column":26}},"4":{"start":{"line":5,"column":15},"end":{"line":5,"column":32}},"5":{"start":{"line":6,"column":12},"end":{"line":6,"column":26}},"6":{"start":{"line":7,"column":19},"end":{"line":7,"column":48}},"7":{"start":{"line":9,"column":12},"end":{"line":9,"column":21}},"8":{"start":{"line":10,"column":0},"end":{"line":10,"column":51}},"9":{"start":{"line":11,"column":0},"end":{"line":11,"column":27}},"10":{"start":{"line":12,"column":0},"end":{"line":12,"column":16}},"11":{"start":{"line":13,"column":0},"end":{"line":13,"column":15}},"12":{"start":{"line":14,"column":0},"end":{"line":14,"column":18}},"13":{"start":{"line":15,"column":0},"end":{"line":20,"column":4}},"14":{"start":{"line":22,"column":19},"end":{"line":22,"column":52}},"15":{"start":{"line":23,"column":18},"end":{"line":23,"column":50}},"16":{"start":{"line":24,"column":23},"end":{"line":24,"column":60}},"17":{"start":{"line":25,"column":22},"end":{"line":25,"column":58}},"18":{"start":{"line":26,"column":18},"end":{"line":26,"column":50}},"19":{"start":{"line":27,"column":21},"end":{"line":27,"column":56}},"20":{"start":{"line":28,"column":18},"end":{"line":28,"column":50}},"21":{"start":{"line":30,"column":0},"end":{"line":35,"column":3}},"22":{"start":{"line":31,"column":2},"end":{"line":31,"column":76}},"23":{"start":{"line":32,"column":2},"end":{"line":32,"column":135}},"24":{"start":{"line":33,"column":2},"end":{"line":33,"column":49}},"25":{"start":{"line":34,"column":2},"end":{"line":34,"column":9}},"26":{"start":{"line":37,"column":0},"end":{"line":39,"column":3}},"27":{"start":{"line":38,"column":2},"end":{"line":38,"column":140}},"28":{"start":{"line":42,"column":0},"end":{"line":42,"column":36}},"29":{"start":{"line":43,"column":0},"end":{"line":43,"column":35}},"30":{"start":{"line":44,"column":0},"end":{"line":44,"column":46}},"31":{"start":{"line":45,"column":0},"end":{"line":45,"column":43}},"32":{"start":{"line":46,"column":0},"end":{"line":46,"column":35}},"33":{"start":{"line":47,"column":0},"end":{"line":47,"column":42}},"34":{"start":{"line":48,"column":0},"end":{"line":48,"column":36}},"35":{"start":{"line":51,"column":0},"end":{"line":60,"column":3}},"36":{"start":{"line":52,"column":18},"end":{"line":52,"column":42}},"37":{"start":{"line":53,"column":18},"end":{"line":53,"column":45}},"38":{"start":{"line":54,"column":2},"end":{"line":58,"column":3}},"39":{"start":{"line":55,"column":4},"end":{"line":55,"column":87}},"40":{"start":{"line":57,"column":4},"end":{"line":57,"column":11}},"41":{"start":{"line":59,"column":2},"end":{"line":59,"column":12}},"42":{"start":{"line":63,"column":0},"end":{"line":65,"column":3}},"43":{"start":{"line":64,"column":2},"end":{"line":64,"column":107}},"44":{"start":{"line":67,"column":0},"end":{"line":67,"column":21}}},"fnMap":{"0":{"name":"(anonymous_0)","decl":{"start":{"line":30,"column":13},"end":{"line":30,"column":14}},"loc":{"start":{"line":30,"column":33},"end":{"line":35,"column":1}},"line":30},"1":{"name":"(anonymous_1)","decl":{"start":{"line":37,"column":13},"end":{"line":37,"column":14}},"loc":{"start":{"line":37,"column":27},"end":{"line":39,"column":1}},"line":37},"2":{"name":"(anonymous_2)","decl":{"start":{"line":51,"column":16},"end":{"line":51,"column":17}},"loc":{"start":{"line":51,"column":36},"end":{"line":60,"column":1}},"line":51},"3":{"name":"(anonymous_3)","decl":{"start":{"line":63,"column":13},"end":{"line":63,"column":14}},"loc":{"start":{"line":63,"column":27},"end":{"line":65,"column":1}},"line":63}},"branchMap":{"0":{"loc":{"start":{"line":54,"column":2},"end":{"line":58,"column":3}},"type":"if","locations":[{"start":{"line":54,"column":2},"end":{"line":58,"column":3}},{"start":{"line":54,"column":2},"end":{"line":58,"column":3}}],"line":54}},"s":{"0":1,"1":1,"2":1,"3":1,"4":1,"5":1,"6":1,"7":1,"8":1,"9":1,"10":1,"11":1,"12":1,"13":1,"14":1,"15":1,"16":1,"17":1,"18":1,"19":1,"20":1,"21":1,"22":31,"23":31,"24":31,"25":31,"26":1,"27":1,"28":1,"29":1,"30":1,"31":1,"32":1,"33":1,"34":1,"35":1,"36":0,"37":0,"38":0,"39":0,"40":0,"41":0,"42":1,"43":0,"44":1},"f":{"0":31,"1":1,"2":0,"3":0},"b":{"0":[0,0]},"_coverageSchema":"43e27e138ebf9cfc5966b082cf9a028302ed4184","hash":"9f091949a525242fcd646f7b517cc0c652ff0b2b","contentHash":"e9b6378c9def07b1fc06572ac54278072ef54e03f3ea6da834aabbde29235b81"},"C:\\Users\\Tim\\Desktop\\api_teamwork\\api\\v1\\routes\\userRoutes.js":{"path":"C:\\Users\\Tim\\Desktop\\api_teamwork\\api\\v1\\routes\\userRoutes.js","statementMap":{"0":{"start":{"line":1,"column":16},"end":{"line":1,"column":34}},"1":{"start":{"line":3,"column":15},"end":{"line":3,"column":31}},"2":{"start":{"line":5,"column":20},"end":{"line":5,"column":62}},"3":{"start":{"line":6,"column":13},"end":{"line":6,"column":52}},"4":{"start":{"line":9,"column":4},"end":{"line":9,"column":49}},"5":{"start":{"line":11,"column":23},"end":{"line":11,"column":63}},"6":{"start":{"line":13,"column":0},"end":{"line":13,"column":100}},"7":{"start":{"line":14,"column":0},"end":{"line":14,"column":79}},"8":{"start":{"line":15,"column":0},"end":{"line":15,"column":59}},"9":{"start":{"line":16,"column":0},"end":{"line":16,"column":67}},"10":{"start":{"line":17,"column":0},"end":{"line":17,"column":64}},"11":{"start":{"line":18,"column":0},"end":{"line":18,"column":107}},"12":{"start":{"line":19,"column":0},"end":{"line":19,"column":105}},"13":{"start":{"line":20,"column":0},"end":{"line":20,"column":72}},"14":{"start":{"line":22,"column":0},"end":{"line":22,"column":24}}},"fnMap":{},"branchMap":{},"s":{"0":1,"1":1,"2":1,"3":1,"4":1,"5":1,"6":1,"7":1,"8":1,"9":1,"10":1,"11":1,"12":1,"13":1,"14":1},"f":{},"b":{},"_coverageSchema":"43e27e138ebf9cfc5966b082cf9a028302ed4184","hash":"111d38a7ebde9644068fc4e1ea7dda3432ad874e","contentHash":"00f2fd45f65bbf66773966d5b099abeaa159e40c77d84766061ffd7f31941d1a"},"C:\\Users\\Tim\\Desktop\\api_teamwork\\api\\v1\\middleware\\accountMiddleware.js":{"path":"C:\\Users\\Tim\\Desktop\\api_teamwork\\api\\v1\\middleware\\accountMiddleware.js","statementMap":{"0":{"start":{"line":1,"column":12},"end":{"line":1,"column":35}},"1":{"start":{"line":2,"column":0},"end":{"line":2,"column":27}},"2":{"start":{"line":4,"column":20},"end":{"line":4,"column":54}},"3":{"start":{"line":5,"column":13},"end":{"line":5,"column":38}},"4":{"start":{"line":7,"column":13},"end":{"line":7,"column":23}},"5":{"start":{"line":9,"column":0},"end":{"line":35,"column":2}},"6":{"start":{"line":10,"column":20},"end":{"line":10,"column":45}},"7":{"start":{"line":11,"column":2},"end":{"line":14,"column":3}},"8":{"start":{"line":12,"column":4},"end":{"line":12,"column":48}},"9":{"start":{"line":13,"column":4},"end":{"line":13,"column":26}},"10":{"start":{"line":15,"column":2},"end":{"line":34,"column":3}},"11":{"start":{"line":16,"column":18},"end":{"line":16,"column":57}},"12":{"start":{"line":17,"column":25},"end":{"line":17,"column":68}},"13":{"start":{"line":18,"column":19},"end":{"line":18,"column":38}},"14":{"start":{"line":19,"column":21},"end":{"line":19,"column":55}},"15":{"start":{"line":20,"column":4},"end":{"line":23,"column":5}},"16":{"start":{"line":21,"column":6},"end":{"line":21,"column":52}},"17":{"start":{"line":22,"column":6},"end":{"line":22,"column":28}},"18":{"start":{"line":24,"column":4},"end":{"line":27,"column":5}},"19":{"start":{"line":25,"column":6},"end":{"line":25,"column":74}},"20":{"start":{"line":26,"column":6},"end":{"line":26,"column":28}},"21":{"start":{"line":28,"column":4},"end":{"line":28,"column":11}},"22":{"start":{"line":29,"column":24},"end":{"line":29,"column":78}},"23":{"start":{"line":30,"column":4},"end":{"line":30,"column":23}},"24":{"start":{"line":32,"column":4},"end":{"line":32,"column":38}},"25":{"start":{"line":33,"column":4},"end":{"line":33,"column":26}}},"fnMap":{"0":{"name":"(anonymous_0)","decl":{"start":{"line":9,"column":17},"end":{"line":9,"column":18}},"loc":{"start":{"line":9,"column":43},"end":{"line":35,"column":1}},"line":9}},"branchMap":{"0":{"loc":{"start":{"line":11,"column":2},"end":{"line":14,"column":3}},"type":"if","locations":[{"start":{"line":11,"column":2},"end":{"line":14,"column":3}},{"start":{"line":11,"column":2},"end":{"line":14,"column":3}}],"line":11},"1":{"loc":{"start":{"line":20,"column":4},"end":{"line":23,"column":5}},"type":"if","locations":[{"start":{"line":20,"column":4},"end":{"line":23,"column":5}},{"start":{"line":20,"column":4},"end":{"line":23,"column":5}}],"line":20},"2":{"loc":{"start":{"line":24,"column":4},"end":{"line":27,"column":5}},"type":"if","locations":[{"start":{"line":24,"column":4},"end":{"line":27,"column":5}},{"start":{"line":24,"column":4},"end":{"line":27,"column":5}}],"line":24}},"s":{"0":1,"1":1,"2":1,"3":1,"4":1,"5":1,"6":8,"7":8,"8":0,"9":0,"10":8,"11":8,"12":8,"13":8,"14":8,"15":8,"16":0,"17":0,"18":8,"19":0,"20":0,"21":8,"22":8,"23":8,"24":0,"25":0},"f":{"0":8},"b":{"0":[0,8],"1":[0,8],"2":[0,8]},"_coverageSchema":"43e27e138ebf9cfc5966b082cf9a028302ed4184","hash":"fef000d604f2ec89c7d5db1a55fc2ef89567b5ec","contentHash":"c52230f1d7f7970cc1fbfd1e186786d3d9d9decec597c38a2521f6e109784375"},"C:\\Users\\Tim\\Desktop\\api_teamwork\\api\\v1\\services\\UserService.js":{"path":"C:\\Users\\Tim\\Desktop\\api_teamwork\\api\\v1\\services\\UserService.js","statementMap":{"0":{"start":{"line":2,"column":13},"end":{"line":2,"column":42}},"1":{"start":{"line":6,"column":4},"end":{"line":13,"column":5}},"2":{"start":{"line":7,"column":27},"end":{"line":7,"column":205}},"3":{"start":{"line":8,"column":21},"end":{"line":8,"column":223}},"4":{"start":{"line":9,"column":23},"end":{"line":9,"column":61}},"5":{"start":{"line":10,"column":6},"end":{"line":10,"column":21}},"6":{"start":{"line":12,"column":6},"end":{"line":12,"column":18}},"7":{"start":{"line":17,"column":4},"end":{"line":24,"column":5}},"8":{"start":{"line":18,"column":27},"end":{"line":18,"column":186}},"9":{"start":{"line":19,"column":21},"end":{"line":19,"column":30}},"10":{"start":{"line":20,"column":23},"end":{"line":20,"column":61}},"11":{"start":{"line":21,"column":6},"end":{"line":21,"column":21}},"12":{"start":{"line":23,"column":6},"end":{"line":23,"column":18}},"13":{"start":{"line":28,"column":4},"end":{"line":33,"column":5}},"14":{"start":{"line":29,"column":23},"end":{"line":29,"column":161}},"15":{"start":{"line":30,"column":6},"end":{"line":30,"column":18}},"16":{"start":{"line":32,"column":6},"end":{"line":32,"column":18}},"17":{"start":{"line":37,"column":4},"end":{"line":44,"column":5}},"18":{"start":{"line":38,"column":27},"end":{"line":38,"column":178}},"19":{"start":{"line":39,"column":21},"end":{"line":39,"column":35}},"20":{"start":{"line":40,"column":21},"end":{"line":40,"column":59}},"21":{"start":{"line":41,"column":6},"end":{"line":41,"column":20}},"22":{"start":{"line":43,"column":6},"end":{"line":43,"column":18}},"23":{"start":{"line":48,"column":4},"end":{"line":62,"column":5}},"24":{"start":{"line":49,"column":23},"end":{"line":49,"column":207}},"25":{"start":{"line":50,"column":6},"end":{"line":52,"column":7}},"26":{"start":{"line":51,"column":8},"end":{"line":51,"column":43}},"27":{"start":{"line":53,"column":6},"end":{"line":55,"column":7}},"28":{"start":{"line":54,"column":8},"end":{"line":54,"column":35}},"29":{"start":{"line":56,"column":24},"end":{"line":56,"column":81}},"30":{"start":{"line":57,"column":21},"end":{"line":57,"column":58}},"31":{"start":{"line":58,"column":6},"end":{"line":58,"column":42}},"32":{"start":{"line":59,"column":6},"end":{"line":59,"column":42}},"33":{"start":{"line":61,"column":6},"end":{"line":61,"column":18}},"34":{"start":{"line":66,"column":4},"end":{"line":80,"column":5}},"35":{"start":{"line":67,"column":23},"end":{"line":67,"column":207}},"36":{"start":{"line":68,"column":6},"end":{"line":70,"column":7}},"37":{"start":{"line":69,"column":8},"end":{"line":69,"column":43}},"38":{"start":{"line":71,"column":6},"end":{"line":73,"column":7}},"39":{"start":{"line":72,"column":8},"end":{"line":72,"column":35}},"40":{"start":{"line":74,"column":24},"end":{"line":74,"column":82}},"41":{"start":{"line":75,"column":21},"end":{"line":75,"column":59}},"42":{"start":{"line":76,"column":6},"end":{"line":76,"column":42}},"43":{"start":{"line":77,"column":6},"end":{"line":77,"column":45}},"44":{"start":{"line":79,"column":6},"end":{"line":79,"column":18}},"45":{"start":{"line":84,"column":4},"end":{"line":91,"column":5}},"46":{"start":{"line":85,"column":24},"end":{"line":85,"column":210}},"47":{"start":{"line":86,"column":21},"end":{"line":86,"column":194}},"48":{"start":{"line":87,"column":6},"end":{"line":87,"column":42}},"49":{"start":{"line":88,"column":6},"end":{"line":88,"column":44}},"50":{"start":{"line":90,"column":6},"end":{"line":90,"column":18}},"51":{"start":{"line":95,"column":4},"end":{"line":107,"column":5}},"52":{"start":{"line":96,"column":34},"end":{"line":96,"column":104}},"53":{"start":{"line":97,"column":30},"end":{"line":97,"column":96}},"54":{"start":{"line":98,"column":34},"end":{"line":98,"column":104}},"55":{"start":{"line":99,"column":31},"end":{"line":99,"column":98}},"56":{"start":{"line":100,"column":6},"end":{"line":102,"column":7}},"57":{"start":{"line":101,"column":8},"end":{"line":101,"column":46}},"58":{"start":{"line":103,"column":6},"end":{"line":103,"column":74}},"59":{"start":{"line":104,"column":6},"end":{"line":104,"column":44}},"60":{"start":{"line":106,"column":6},"end":{"line":106,"column":18}},"61":{"start":{"line":111,"column":0},"end":{"line":111,"column":29}}},"fnMap":{"0":{"name":"(anonymous_0)","decl":{"start":{"line":5,"column":2},"end":{"line":5,"column":3}},"loc":{"start":{"line":5,"column":32},"end":{"line":14,"column":3}},"line":5},"1":{"name":"(anonymous_1)","decl":{"start":{"line":16,"column":2},"end":{"line":16,"column":3}},"loc":{"start":{"line":16,"column":32},"end":{"line":25,"column":3}},"line":16},"2":{"name":"(anonymous_2)","decl":{"start":{"line":27,"column":2},"end":{"line":27,"column":3}},"loc":{"start":{"line":27,"column":26},"end":{"line":34,"column":3}},"line":27},"3":{"name":"(anonymous_3)","decl":{"start":{"line":36,"column":2},"end":{"line":36,"column":3}},"loc":{"start":{"line":36,"column":33},"end":{"line":45,"column":3}},"line":36},"4":{"name":"(anonymous_4)","decl":{"start":{"line":47,"column":2},"end":{"line":47,"column":3}},"loc":{"start":{"line":47,"column":33},"end":{"line":63,"column":3}},"line":47},"5":{"name":"(anonymous_5)","decl":{"start":{"line":65,"column":2},"end":{"line":65,"column":3}},"loc":{"start":{"line":65,"column":36},"end":{"line":81,"column":3}},"line":65},"6":{"name":"(anonymous_6)","decl":{"start":{"line":83,"column":2},"end":{"line":83,"column":3}},"loc":{"start":{"line":83,"column":30},"end":{"line":92,"column":3}},"line":83},"7":{"name":"(anonymous_7)","decl":{"start":{"line":94,"column":2},"end":{"line":94,"column":3}},"loc":{"start":{"line":94,"column":32},"end":{"line":108,"column":3}},"line":94}},"branchMap":{"0":{"loc":{"start":{"line":50,"column":6},"end":{"line":52,"column":7}},"type":"if","locations":[{"start":{"line":50,"column":6},"end":{"line":52,"column":7}},{"start":{"line":50,"column":6},"end":{"line":52,"column":7}}],"line":50},"1":{"loc":{"start":{"line":50,"column":10},"end":{"line":50,"column":40}},"type":"binary-expr","locations":[{"start":{"line":50,"column":10},"end":{"line":50,"column":28}},{"start":{"line":50,"column":32},"end":{"line":50,"column":40}}],"line":50},"2":{"loc":{"start":{"line":53,"column":6},"end":{"line":55,"column":7}},"type":"if","locations":[{"start":{"line":53,"column":6},"end":{"line":55,"column":7}},{"start":{"line":53,"column":6},"end":{"line":55,"column":7}}],"line":53},"3":{"loc":{"start":{"line":68,"column":6},"end":{"line":70,"column":7}},"type":"if","locations":[{"start":{"line":68,"column":6},"end":{"line":70,"column":7}},{"start":{"line":68,"column":6},"end":{"line":70,"column":7}}],"line":68},"4":{"loc":{"start":{"line":68,"column":10},"end":{"line":68,"column":40}},"type":"binary-expr","locations":[{"start":{"line":68,"column":10},"end":{"line":68,"column":28}},{"start":{"line":68,"column":32},"end":{"line":68,"column":40}}],"line":68},"5":{"loc":{"start":{"line":71,"column":6},"end":{"line":73,"column":7}},"type":"if","locations":[{"start":{"line":71,"column":6},"end":{"line":73,"column":7}},{"start":{"line":71,"column":6},"end":{"line":73,"column":7}}],"line":71},"6":{"loc":{"start":{"line":100,"column":6},"end":{"line":102,"column":7}},"type":"if","locations":[{"start":{"line":100,"column":6},"end":{"line":102,"column":7}},{"start":{"line":100,"column":6},"end":{"line":102,"column":7}}],"line":100},"7":{"loc":{"start":{"line":100,"column":10},"end":{"line":100,"column":99}},"type":"binary-expr","locations":[{"start":{"line":100,"column":11},"end":{"line":100,"column":31}},{"start":{"line":100,"column":35},"end":{"line":100,"column":51}},{"start":{"line":100,"column":57},"end":{"line":100,"column":77}},{"start":{"line":100,"column":81},"end":{"line":100,"column":98}}],"line":100}},"s":{"0":1,"1":1,"2":1,"3":1,"4":1,"5":0,"6":1,"7":2,"8":2,"9":2,"10":2,"11":2,"12":0,"13":2,"14":2,"15":2,"16":0,"17":26,"18":26,"19":26,"20":26,"21":26,"22":0,"23":1,"24":1,"25":1,"26":0,"27":1,"28":0,"29":1,"30":1,"31":1,"32":1,"33":0,"34":1,"35":1,"36":1,"37":0,"38":1,"39":0,"40":1,"41":1,"42":1,"43":1,"44":0,"45":1,"46":1,"47":1,"48":1,"49":1,"50":0,"51":1,"52":1,"53":1,"54":1,"55":1,"56":1,"57":0,"58":1,"59":1,"60":0,"61":1},"f":{"0":1,"1":2,"2":2,"3":26,"4":1,"5":1,"6":1,"7":1},"b":{"0":[0,1],"1":[1,1],"2":[0,1],"3":[0,1],"4":[1,1],"5":[0,1],"6":[0,1],"7":[1,1,1,1]},"_coverageSchema":"43e27e138ebf9cfc5966b082cf9a028302ed4184","hash":"e2b5baaa7dd567afbe304f4d1a9ec435a9da8a30","contentHash":"a5e386ca0ac00cdf5ac78512661c897837559599e20bf9320888999d60950911"},"C:\\Users\\Tim\\Desktop\\api_teamwork\\api\\v1\\config\\dbConfig.js":{"path":"C:\\Users\\Tim\\Desktop\\api_teamwork\\api\\v1\\config\\dbConfig.js","statementMap":{"0":{"start":{"line":1,"column":0},"end":{"line":1,"column":27}},"1":{"start":{"line":3,"column":17},"end":{"line":3,"column":30}},"2":{"start":{"line":5,"column":0},"end":{"line":5,"column":61}},"3":{"start":{"line":8,"column":25},"end":{"line":8,"column":162}},"4":{"start":{"line":9,"column":29},"end":{"line":9,"column":153}},"5":{"start":{"line":11,"column":0},"end":{"line":24,"column":1}},"6":{"start":{"line":12,"column":2},"end":{"line":15,"column":5}},"7":{"start":{"line":16,"column":7},"end":{"line":24,"column":1}},"8":{"start":{"line":17,"column":2},"end":{"line":19,"column":5}},"9":{"start":{"line":21,"column":2},"end":{"line":23,"column":5}},"10":{"start":{"line":26,"column":0},"end":{"line":33,"column":1}},"11":{"start":{"line":27,"column":2},"end":{"line":27,"column":50}},"12":{"start":{"line":28,"column":2},"end":{"line":28,"column":18}},"13":{"start":{"line":30,"column":2},"end":{"line":32,"column":5}},"14":{"start":{"line":31,"column":4},"end":{"line":31,"column":58}},"15":{"start":{"line":35,"column":0},"end":{"line":35,"column":22}}},"fnMap":{"0":{"name":"(anonymous_0)","decl":{"start":{"line":30,"column":21},"end":{"line":30,"column":22}},"loc":{"start":{"line":30,"column":27},"end":{"line":32,"column":3}},"line":30}},"branchMap":{"0":{"loc":{"start":{"line":11,"column":0},"end":{"line":24,"column":1}},"type":"if","locations":[{"start":{"line":11,"column":0},"end":{"line":24,"column":1}},{"start":{"line":11,"column":0},"end":{"line":24,"column":1}}],"line":11},"1":{"loc":{"start":{"line":16,"column":7},"end":{"line":24,"column":1}},"type":"if","locations":[{"start":{"line":16,"column":7},"end":{"line":24,"column":1}},{"start":{"line":16,"column":7},"end":{"line":24,"column":1}}],"line":16},"2":{"loc":{"start":{"line":26,"column":0},"end":{"line":33,"column":1}},"type":"if","locations":[{"start":{"line":26,"column":0},"end":{"line":33,"column":1}},{"start":{"line":26,"column":0},"end":{"line":33,"column":1}}],"line":26}},"s":{"0":1,"1":1,"2":1,"3":1,"4":1,"5":1,"6":0,"7":1,"8":1,"9":0,"10":1,"11":0,"12":0,"13":1,"14":2,"15":1},"f":{"0":2},"b":{"0":[0,1],"1":[1,0],"2":[0,1]},"_coverageSchema":"43e27e138ebf9cfc5966b082cf9a028302ed4184","hash":"a0897451ac9204cb92af46335bcc171e5f94f2dd","contentHash":"4e42dc551052f2a44bfda35228c616b6848a1e5811b92b7690682edebdf4740f"},"C:\\Users\\Tim\\Desktop\\api_teamwork\\api\\v1\\utils\\Utils.js":{"path":"C:\\Users\\Tim\\Desktop\\api_teamwork\\api\\v1\\utils\\Utils.js","statementMap":{"0":{"start":{"line":3,"column":4},"end":{"line":3,"column":27}},"1":{"start":{"line":4,"column":4},"end":{"line":4,"column":21}},"2":{"start":{"line":5,"column":4},"end":{"line":5,"column":21}},"3":{"start":{"line":6,"column":4},"end":{"line":6,"column":24}},"4":{"start":{"line":10,"column":4},"end":{"line":10,"column":33}},"5":{"start":{"line":11,"column":4},"end":{"line":11,"column":21}},"6":{"start":{"line":12,"column":4},"end":{"line":12,"column":26}},"7":{"start":{"line":16,"column":4},"end":{"line":16,"column":33}},"8":{"start":{"line":17,"column":4},"end":{"line":17,"column":27}},"9":{"start":{"line":18,"column":4},"end":{"line":18,"column":24}},"10":{"start":{"line":22,"column":19},"end":{"line":25,"column":5}},"11":{"start":{"line":27,"column":4},"end":{"line":29,"column":5}},"12":{"start":{"line":28,"column":6},"end":{"line":28,"column":54}},"13":{"start":{"line":30,"column":4},"end":{"line":33,"column":7}},"14":{"start":{"line":37,"column":0},"end":{"line":37,"column":22}}},"fnMap":{"0":{"name":"(anonymous_0)","decl":{"start":{"line":2,"column":2},"end":{"line":2,"column":3}},"loc":{"start":{"line":2,"column":16},"end":{"line":7,"column":3}},"line":2},"1":{"name":"(anonymous_1)","decl":{"start":{"line":9,"column":2},"end":{"line":9,"column":3}},"loc":{"start":{"line":9,"column":31},"end":{"line":13,"column":3}},"line":9},"2":{"name":"(anonymous_2)","decl":{"start":{"line":15,"column":2},"end":{"line":15,"column":3}},"loc":{"start":{"line":15,"column":32},"end":{"line":19,"column":3}},"line":15},"3":{"name":"(anonymous_3)","decl":{"start":{"line":21,"column":2},"end":{"line":21,"column":3}},"loc":{"start":{"line":21,"column":12},"end":{"line":34,"column":3}},"line":21}},"branchMap":{"0":{"loc":{"start":{"line":27,"column":4},"end":{"line":29,"column":5}},"type":"if","locations":[{"start":{"line":27,"column":4},"end":{"line":29,"column":5}},{"start":{"line":27,"column":4},"end":{"line":29,"column":5}}],"line":27}},"s":{"0":9,"1":9,"2":9,"3":9,"4":25,"5":25,"6":25,"7":4,"8":4,"9":4,"10":29,"11":29,"12":25,"13":4,"14":1},"f":{"0":9,"1":25,"2":4,"3":29},"b":{"0":[25,4]},"_coverageSchema":"43e27e138ebf9cfc5966b082cf9a028302ed4184","hash":"a8f40b3914ef28ad028b225f8077ae008f71c1f6","contentHash":"9d9146890a2f512a6c70a5637c2219ddaff01ea2912b4b035f4e195d00ba710f"},"C:\\Users\\Tim\\Desktop\\api_teamwork\\api\\v1\\middleware\\authMiddleware.js":{"path":"C:\\Users\\Tim\\Desktop\\api_teamwork\\api\\v1\\middleware\\authMiddleware.js","statementMap":{"0":{"start":{"line":1,"column":12},"end":{"line":1,"column":35}},"1":{"start":{"line":2,"column":0},"end":{"line":2,"column":27}},"2":{"start":{"line":4,"column":20},"end":{"line":4,"column":54}},"3":{"start":{"line":5,"column":13},"end":{"line":5,"column":38}},"4":{"start":{"line":7,"column":13},"end":{"line":7,"column":23}},"5":{"start":{"line":9,"column":0},"end":{"line":31,"column":2}},"6":{"start":{"line":10,"column":20},"end":{"line":10,"column":45}},"7":{"start":{"line":11,"column":2},"end":{"line":14,"column":3}},"8":{"start":{"line":12,"column":4},"end":{"line":12,"column":48}},"9":{"start":{"line":13,"column":4},"end":{"line":13,"column":26}},"10":{"start":{"line":15,"column":2},"end":{"line":30,"column":3}},"11":{"start":{"line":16,"column":18},"end":{"line":16,"column":57}},"12":{"start":{"line":17,"column":25},"end":{"line":17,"column":68}},"13":{"start":{"line":18,"column":19},"end":{"line":18,"column":38}},"14":{"start":{"line":19,"column":21},"end":{"line":19,"column":55}},"15":{"start":{"line":20,"column":4},"end":{"line":23,"column":5}},"16":{"start":{"line":21,"column":6},"end":{"line":21,"column":52}},"17":{"start":{"line":22,"column":6},"end":{"line":22,"column":28}},"18":{"start":{"line":24,"column":4},"end":{"line":24,"column":11}},"19":{"start":{"line":25,"column":24},"end":{"line":25,"column":52}},"20":{"start":{"line":26,"column":4},"end":{"line":26,"column":23}},"21":{"start":{"line":28,"column":4},"end":{"line":28,"column":38}},"22":{"start":{"line":29,"column":4},"end":{"line":29,"column":26}}},"fnMap":{"0":{"name":"(anonymous_0)","decl":{"start":{"line":9,"column":17},"end":{"line":9,"column":18}},"loc":{"start":{"line":9,"column":43},"end":{"line":31,"column":1}},"line":9}},"branchMap":{"0":{"loc":{"start":{"line":11,"column":2},"end":{"line":14,"column":3}},"type":"if","locations":[{"start":{"line":11,"column":2},"end":{"line":14,"column":3}},{"start":{"line":11,"column":2},"end":{"line":14,"column":3}}],"line":11},"1":{"loc":{"start":{"line":20,"column":4},"end":{"line":23,"column":5}},"type":"if","locations":[{"start":{"line":20,"column":4},"end":{"line":23,"column":5}},{"start":{"line":20,"column":4},"end":{"line":23,"column":5}}],"line":20}},"s":{"0":1,"1":1,"2":1,"3":1,"4":1,"5":1,"6":18,"7":18,"8":0,"9":0,"10":18,"11":18,"12":18,"13":18,"14":18,"15":18,"16":0,"17":0,"18":18,"19":18,"20":18,"21":0,"22":0},"f":{"0":18},"b":{"0":[0,18],"1":[0,18]},"_coverageSchema":"43e27e138ebf9cfc5966b082cf9a028302ed4184","hash":"44c0cf34dc5bf98be7a67224782bc021de4893f8","contentHash":"a6339cd14fc1a353d77503c20a51a8c7cc1bb60cdf19374a37143473623d693e"},"C:\\Users\\Tim\\Desktop\\api_teamwork\\api\\v1\\middleware\\validationMiddleware.js":{"path":"C:\\Users\\Tim\\Desktop\\api_teamwork\\api\\v1\\middleware\\validationMiddleware.js","statementMap":{"0":{"start":{"line":1,"column":35},"end":{"line":1,"column":63}},"1":{"start":{"line":3,"column":31},"end":{"line":17,"column":1}},"2":{"start":{"line":4,"column":2},"end":{"line":16,"column":4}},"3":{"start":{"line":19,"column":28},"end":{"line":24,"column":1}},"4":{"start":{"line":20,"column":2},"end":{"line":23,"column":4}},"5":{"start":{"line":26,"column":32},"end":{"line":31,"column":1}},"6":{"start":{"line":27,"column":2},"end":{"line":30,"column":4}},"7":{"start":{"line":33,"column":31},"end":{"line":41,"column":1}},"8":{"start":{"line":34,"column":2},"end":{"line":40,"column":4}},"9":{"start":{"line":43,"column":31},"end":{"line":48,"column":1}},"10":{"start":{"line":44,"column":2},"end":{"line":47,"column":4}},"11":{"start":{"line":50,"column":32},"end":{"line":55,"column":1}},"12":{"start":{"line":51,"column":2},"end":{"line":54,"column":4}},"13":{"start":{"line":57,"column":27},"end":{"line":62,"column":1}},"14":{"start":{"line":58,"column":2},"end":{"line":61,"column":4}},"15":{"start":{"line":64,"column":17},"end":{"line":75,"column":1}},"16":{"start":{"line":65,"column":17},"end":{"line":65,"column":38}},"17":{"start":{"line":66,"column":2},"end":{"line":68,"column":3}},"18":{"start":{"line":67,"column":4},"end":{"line":67,"column":18}},"19":{"start":{"line":69,"column":26},"end":{"line":69,"column":28}},"20":{"start":{"line":70,"column":2},"end":{"line":70,"column":78}},"21":{"start":{"line":70,"column":30},"end":{"line":70,"column":76}},"22":{"start":{"line":72,"column":2},"end":{"line":74,"column":5}},"23":{"start":{"line":77,"column":0},"end":{"line":86,"column":2}}},"fnMap":{"0":{"name":"(anonymous_0)","decl":{"start":{"line":3,"column":31},"end":{"line":3,"column":32}},"loc":{"start":{"line":3,"column":37},"end":{"line":17,"column":1}},"line":3},"1":{"name":"(anonymous_1)","decl":{"start":{"line":19,"column":28},"end":{"line":19,"column":29}},"loc":{"start":{"line":19,"column":34},"end":{"line":24,"column":1}},"line":19},"2":{"name":"(anonymous_2)","decl":{"start":{"line":26,"column":32},"end":{"line":26,"column":33}},"loc":{"start":{"line":26,"column":38},"end":{"line":31,"column":1}},"line":26},"3":{"name":"(anonymous_3)","decl":{"start":{"line":33,"column":31},"end":{"line":33,"column":32}},"loc":{"start":{"line":33,"column":37},"end":{"line":41,"column":1}},"line":33},"4":{"name":"(anonymous_4)","decl":{"start":{"line":43,"column":31},"end":{"line":43,"column":32}},"loc":{"start":{"line":43,"column":37},"end":{"line":48,"column":1}},"line":43},"5":{"name":"(anonymous_5)","decl":{"start":{"line":50,"column":32},"end":{"line":50,"column":33}},"loc":{"start":{"line":50,"column":38},"end":{"line":55,"column":1}},"line":50},"6":{"name":"(anonymous_6)","decl":{"start":{"line":57,"column":27},"end":{"line":57,"column":28}},"loc":{"start":{"line":57,"column":33},"end":{"line":62,"column":1}},"line":57},"7":{"name":"(anonymous_7)","decl":{"start":{"line":64,"column":17},"end":{"line":64,"column":18}},"loc":{"start":{"line":64,"column":37},"end":{"line":75,"column":1}},"line":64},"8":{"name":"(anonymous_8)","decl":{"start":{"line":70,"column":21},"end":{"line":70,"column":22}},"loc":{"start":{"line":70,"column":30},"end":{"line":70,"column":76}},"line":70}},"branchMap":{"0":{"loc":{"start":{"line":66,"column":2},"end":{"line":68,"column":3}},"type":"if","locations":[{"start":{"line":66,"column":2},"end":{"line":68,"column":3}},{"start":{"line":66,"column":2},"end":{"line":68,"column":3}}],"line":66}},"s":{"0":1,"1":1,"2":2,"3":1,"4":1,"5":1,"6":1,"7":1,"8":2,"9":1,"10":2,"11":1,"12":2,"13":1,"14":1,"15":1,"16":13,"17":13,"18":13,"19":0,"20":0,"21":0,"22":0,"23":1},"f":{"0":2,"1":1,"2":1,"3":2,"4":2,"5":2,"6":1,"7":13,"8":0},"b":{"0":[13,0]},"_coverageSchema":"43e27e138ebf9cfc5966b082cf9a028302ed4184","hash":"7403d8166e544ca9d608b08c5238b550fff7c6bf","contentHash":"fccda7925b5b2a93be6253f54a284dc61ab7483797aef1e321e87d9499eefd1b"},"C:\\Users\\Tim\\Desktop\\api_teamwork\\api\\v1\\controllers\\UserController.js":{"path":"C:\\Users\\Tim\\Desktop\\api_teamwork\\api\\v1\\controllers\\UserController.js","statementMap":{"0":{"start":{"line":1,"column":15},"end":{"line":1,"column":32}},"1":{"start":{"line":2,"column":12},"end":{"line":2,"column":35}},"2":{"start":{"line":3,"column":18},"end":{"line":3,"column":62}},"3":{"start":{"line":4,"column":0},"end":{"line":4,"column":27}},"4":{"start":{"line":6,"column":20},"end":{"line":6,"column":54}},"5":{"start":{"line":7,"column":13},"end":{"line":7,"column":38}},"6":{"start":{"line":9,"column":13},"end":{"line":9,"column":23}},"7":{"start":{"line":11,"column":0},"end":{"line":43,"column":2}},"8":{"start":{"line":12,"column":15},"end":{"line":12,"column":72}},"9":{"start":{"line":13,"column":18},"end":{"line":23,"column":3}},"10":{"start":{"line":24,"column":2},"end":{"line":42,"column":3}},"11":{"start":{"line":25,"column":19},"end":{"line":25,"column":53}},"12":{"start":{"line":26,"column":4},"end":{"line":37,"column":7}},"13":{"start":{"line":38,"column":4},"end":{"line":38,"column":26}},"14":{"start":{"line":40,"column":4},"end":{"line":40,"column":38}},"15":{"start":{"line":41,"column":4},"end":{"line":41,"column":26}},"16":{"start":{"line":45,"column":0},"end":{"line":88,"column":2}},"17":{"start":{"line":46,"column":22},"end":{"line":49,"column":3}},"18":{"start":{"line":50,"column":2},"end":{"line":87,"column":3}},"19":{"start":{"line":51,"column":17},"end":{"line":51,"column":61}},"20":{"start":{"line":52,"column":4},"end":{"line":55,"column":5}},"21":{"start":{"line":53,"column":6},"end":{"line":53,"column":62}},"22":{"start":{"line":54,"column":6},"end":{"line":54,"column":28}},"23":{"start":{"line":56,"column":20},"end":{"line":56,"column":33}},"24":{"start":{"line":57,"column":4},"end":{"line":83,"column":7}},"25":{"start":{"line":58,"column":6},"end":{"line":61,"column":7}},"26":{"start":{"line":59,"column":8},"end":{"line":59,"column":50}},"27":{"start":{"line":60,"column":8},"end":{"line":60,"column":30}},"28":{"start":{"line":62,"column":20},"end":{"line":66,"column":7}},"29":{"start":{"line":67,"column":6},"end":{"line":78,"column":9}},"30":{"start":{"line":79,"column":6},"end":{"line":79,"column":28}},"31":{"start":{"line":81,"column":6},"end":{"line":81,"column":40}},"32":{"start":{"line":82,"column":6},"end":{"line":82,"column":28}},"33":{"start":{"line":85,"column":4},"end":{"line":85,"column":38}},"34":{"start":{"line":86,"column":4},"end":{"line":86,"column":26}},"35":{"start":{"line":90,"column":0},"end":{"line":103,"column":2}},"36":{"start":{"line":91,"column":2},"end":{"line":102,"column":3}},"37":{"start":{"line":92,"column":19},"end":{"line":92,"column":47}},"38":{"start":{"line":93,"column":4},"end":{"line":97,"column":5}},"39":{"start":{"line":94,"column":6},"end":{"line":94,"column":35}},"40":{"start":{"line":96,"column":6},"end":{"line":96,"column":42}},"41":{"start":{"line":98,"column":4},"end":{"line":98,"column":26}},"42":{"start":{"line":100,"column":4},"end":{"line":100,"column":38}},"43":{"start":{"line":101,"column":4},"end":{"line":101,"column":26}},"44":{"start":{"line":105,"column":0},"end":{"line":115,"column":2}},"45":{"start":{"line":106,"column":17},"end":{"line":106,"column":34}},"46":{"start":{"line":107,"column":2},"end":{"line":114,"column":3}},"47":{"start":{"line":108,"column":19},"end":{"line":108,"column":53}},"48":{"start":{"line":109,"column":4},"end":{"line":109,"column":33}},"49":{"start":{"line":110,"column":4},"end":{"line":110,"column":26}},"50":{"start":{"line":112,"column":4},"end":{"line":112,"column":38}},"51":{"start":{"line":113,"column":4},"end":{"line":113,"column":26}},"52":{"start":{"line":117,"column":0},"end":{"line":170,"column":2}},"53":{"start":{"line":118,"column":2},"end":{"line":121,"column":3}},"54":{"start":{"line":119,"column":4},"end":{"line":119,"column":46}},"55":{"start":{"line":120,"column":4},"end":{"line":120,"column":26}},"56":{"start":{"line":122,"column":17},"end":{"line":122,"column":37}},"57":{"start":{"line":123,"column":15},"end":{"line":123,"column":32}},"58":{"start":{"line":124,"column":19},"end":{"line":124,"column":32}},"59":{"start":{"line":126,"column":2},"end":{"line":139,"column":3}},"60":{"start":{"line":128,"column":6},"end":{"line":128,"column":23}},"61":{"start":{"line":129,"column":6},"end":{"line":129,"column":12}},"62":{"start":{"line":131,"column":6},"end":{"line":131,"column":23}},"63":{"start":{"line":132,"column":6},"end":{"line":132,"column":12}},"64":{"start":{"line":134,"column":6},"end":{"line":134,"column":23}},"65":{"start":{"line":135,"column":6},"end":{"line":135,"column":12}},"66":{"start":{"line":137,"column":6},"end":{"line":137,"column":20}},"67":{"start":{"line":138,"column":6},"end":{"line":138,"column":12}},"68":{"start":{"line":140,"column":2},"end":{"line":143,"column":3}},"69":{"start":{"line":141,"column":4},"end":{"line":141,"column":42}},"70":{"start":{"line":142,"column":4},"end":{"line":142,"column":26}},"71":{"start":{"line":144,"column":2},"end":{"line":144,"column":32}},"72":{"start":{"line":145,"column":14},"end":{"line":145,"column":52}},"73":{"start":{"line":146,"column":14},"end":{"line":146,"column":63}},"74":{"start":{"line":147,"column":22},"end":{"line":150,"column":3}},"75":{"start":{"line":151,"column":2},"end":{"line":169,"column":3}},"76":{"start":{"line":152,"column":19},"end":{"line":152,"column":61}},"77":{"start":{"line":153,"column":4},"end":{"line":156,"column":5}},"78":{"start":{"line":154,"column":6},"end":{"line":154,"column":54}},"79":{"start":{"line":155,"column":6},"end":{"line":155,"column":28}},"80":{"start":{"line":157,"column":4},"end":{"line":163,"column":7}},"81":{"start":{"line":158,"column":6},"end":{"line":161,"column":7}},"82":{"start":{"line":159,"column":8},"end":{"line":159,"column":64}},"83":{"start":{"line":160,"column":8},"end":{"line":160,"column":30}},"84":{"start":{"line":162,"column":6},"end":{"line":162,"column":18}},"85":{"start":{"line":164,"column":4},"end":{"line":164,"column":33}},"86":{"start":{"line":165,"column":4},"end":{"line":165,"column":26}},"87":{"start":{"line":167,"column":4},"end":{"line":167,"column":38}},"88":{"start":{"line":168,"column":4},"end":{"line":168,"column":26}},"89":{"start":{"line":172,"column":0},"end":{"line":194,"column":2}},"90":{"start":{"line":173,"column":17},"end":{"line":173,"column":37}},"91":{"start":{"line":174,"column":22},"end":{"line":178,"column":3}},"92":{"start":{"line":179,"column":2},"end":{"line":193,"column":3}},"93":{"start":{"line":180,"column":18},"end":{"line":180,"column":62}},"94":{"start":{"line":181,"column":4},"end":{"line":184,"column":5}},"95":{"start":{"line":182,"column":6},"end":{"line":182,"column":62}},"96":{"start":{"line":183,"column":6},"end":{"line":183,"column":28}},"97":{"start":{"line":185,"column":17},"end":{"line":185,"column":77}},"98":{"start":{"line":186,"column":23},"end":{"line":186,"column":49}},"99":{"start":{"line":187,"column":17},"end":{"line":187,"column":61}},"100":{"start":{"line":188,"column":4},"end":{"line":188,"column":31}},"101":{"start":{"line":189,"column":4},"end":{"line":189,"column":26}},"102":{"start":{"line":191,"column":4},"end":{"line":191,"column":38}},"103":{"start":{"line":192,"column":4},"end":{"line":192,"column":26}},"104":{"start":{"line":196,"column":0},"end":{"line":216,"column":2}},"105":{"start":{"line":197,"column":22},"end":{"line":207,"column":3}},"106":{"start":{"line":208,"column":2},"end":{"line":215,"column":3}},"107":{"start":{"line":209,"column":19},"end":{"line":209,"column":58}},"108":{"start":{"line":210,"column":4},"end":{"line":210,"column":33}},"109":{"start":{"line":211,"column":4},"end":{"line":211,"column":26}},"110":{"start":{"line":213,"column":4},"end":{"line":213,"column":38}},"111":{"start":{"line":214,"column":4},"end":{"line":214,"column":26}},"112":{"start":{"line":218,"column":0},"end":{"line":232,"column":2}},"113":{"start":{"line":219,"column":17},"end":{"line":219,"column":35}},"114":{"start":{"line":220,"column":2},"end":{"line":231,"column":3}},"115":{"start":{"line":221,"column":19},"end":{"line":221,"column":55}},"116":{"start":{"line":222,"column":4},"end":{"line":225,"column":5}},"117":{"start":{"line":223,"column":6},"end":{"line":223,"column":51}},"118":{"start":{"line":224,"column":6},"end":{"line":224,"column":28}},"119":{"start":{"line":226,"column":4},"end":{"line":226,"column":33}},"120":{"start":{"line":227,"column":4},"end":{"line":227,"column":26}},"121":{"start":{"line":229,"column":4},"end":{"line":229,"column":38}},"122":{"start":{"line":230,"column":4},"end":{"line":230,"column":26}}},"fnMap":{"0":{"name":"(anonymous_0)","decl":{"start":{"line":11,"column":17},"end":{"line":11,"column":18}},"loc":{"start":{"line":11,"column":37},"end":{"line":43,"column":1}},"line":11},"1":{"name":"(anonymous_1)","decl":{"start":{"line":45,"column":17},"end":{"line":45,"column":18}},"loc":{"start":{"line":45,"column":37},"end":{"line":88,"column":1}},"line":45},"2":{"name":"(anonymous_2)","decl":{"start":{"line":57,"column":62},"end":{"line":57,"column":63}},"loc":{"start":{"line":57,"column":74},"end":{"line":80,"column":5}},"line":57},"3":{"name":"(anonymous_3)","decl":{"start":{"line":80,"column":13},"end":{"line":80,"column":14}},"loc":{"start":{"line":80,"column":24},"end":{"line":83,"column":5}},"line":80},"4":{"name":"(anonymous_4)","decl":{"start":{"line":90,"column":19},"end":{"line":90,"column":20}},"loc":{"start":{"line":90,"column":39},"end":{"line":103,"column":1}},"line":90},"5":{"name":"(anonymous_5)","decl":{"start":{"line":105,"column":18},"end":{"line":105,"column":19}},"loc":{"start":{"line":105,"column":38},"end":{"line":115,"column":1}},"line":105},"6":{"name":"(anonymous_6)","decl":{"start":{"line":117,"column":22},"end":{"line":117,"column":23}},"loc":{"start":{"line":117,"column":42},"end":{"line":170,"column":1}},"line":117},"7":{"name":"(anonymous_7)","decl":{"start":{"line":157,"column":23},"end":{"line":157,"column":24}},"loc":{"start":{"line":157,"column":32},"end":{"line":163,"column":5}},"line":157},"8":{"name":"(anonymous_8)","decl":{"start":{"line":172,"column":25},"end":{"line":172,"column":26}},"loc":{"start":{"line":172,"column":45},"end":{"line":194,"column":1}},"line":172},"9":{"name":"(anonymous_9)","decl":{"start":{"line":196,"column":19},"end":{"line":196,"column":20}},"loc":{"start":{"line":196,"column":39},"end":{"line":216,"column":1}},"line":196},"10":{"name":"(anonymous_10)","decl":{"start":{"line":218,"column":21},"end":{"line":218,"column":22}},"loc":{"start":{"line":218,"column":41},"end":{"line":232,"column":1}},"line":218}},"branchMap":{"0":{"loc":{"start":{"line":52,"column":4},"end":{"line":55,"column":5}},"type":"if","locations":[{"start":{"line":52,"column":4},"end":{"line":55,"column":5}},{"start":{"line":52,"column":4},"end":{"line":55,"column":5}}],"line":52},"1":{"loc":{"start":{"line":58,"column":6},"end":{"line":61,"column":7}},"type":"if","locations":[{"start":{"line":58,"column":6},"end":{"line":61,"column":7}},{"start":{"line":58,"column":6},"end":{"line":61,"column":7}}],"line":58},"2":{"loc":{"start":{"line":93,"column":4},"end":{"line":97,"column":5}},"type":"if","locations":[{"start":{"line":93,"column":4},"end":{"line":97,"column":5}},{"start":{"line":93,"column":4},"end":{"line":97,"column":5}}],"line":93},"3":{"loc":{"start":{"line":118,"column":2},"end":{"line":121,"column":3}},"type":"if","locations":[{"start":{"line":118,"column":2},"end":{"line":121,"column":3}},{"start":{"line":118,"column":2},"end":{"line":121,"column":3}}],"line":118},"4":{"loc":{"start":{"line":126,"column":2},"end":{"line":139,"column":3}},"type":"switch","locations":[{"start":{"line":127,"column":4},"end":{"line":129,"column":12}},{"start":{"line":130,"column":4},"end":{"line":132,"column":12}},{"start":{"line":133,"column":4},"end":{"line":135,"column":12}},{"start":{"line":136,"column":4},"end":{"line":138,"column":12}}],"line":126},"5":{"loc":{"start":{"line":140,"column":2},"end":{"line":143,"column":3}},"type":"if","locations":[{"start":{"line":140,"column":2},"end":{"line":143,"column":3}},{"start":{"line":140,"column":2},"end":{"line":143,"column":3}}],"line":140},"6":{"loc":{"start":{"line":140,"column":6},"end":{"line":140,"column":34}},"type":"binary-expr","locations":[{"start":{"line":140,"column":6},"end":{"line":140,"column":15}},{"start":{"line":140,"column":19},"end":{"line":140,"column":34}}],"line":140},"7":{"loc":{"start":{"line":153,"column":4},"end":{"line":156,"column":5}},"type":"if","locations":[{"start":{"line":153,"column":4},"end":{"line":156,"column":5}},{"start":{"line":153,"column":4},"end":{"line":156,"column":5}}],"line":153},"8":{"loc":{"start":{"line":158,"column":6},"end":{"line":161,"column":7}},"type":"if","locations":[{"start":{"line":158,"column":6},"end":{"line":161,"column":7}},{"start":{"line":158,"column":6},"end":{"line":161,"column":7}}],"line":158},"9":{"loc":{"start":{"line":181,"column":4},"end":{"line":184,"column":5}},"type":"if","locations":[{"start":{"line":181,"column":4},"end":{"line":184,"column":5}},{"start":{"line":181,"column":4},"end":{"line":184,"column":5}}],"line":181},"10":{"loc":{"start":{"line":222,"column":4},"end":{"line":225,"column":5}},"type":"if","locations":[{"start":{"line":222,"column":4},"end":{"line":225,"column":5}},{"start":{"line":222,"column":4},"end":{"line":225,"column":5}}],"line":222}},"s":{"0":1,"1":1,"2":1,"3":1,"4":1,"5":1,"6":1,"7":1,"8":1,"9":1,"10":1,"11":1,"12":0,"13":0,"14":1,"15":1,"16":1,"17":1,"18":1,"19":1,"20":1,"21":0,"22":0,"23":1,"24":1,"25":1,"26":0,"27":0,"28":1,"29":1,"30":1,"31":0,"32":0,"33":0,"34":0,"35":1,"36":2,"37":2,"38":2,"39":2,"40":0,"41":2,"42":0,"43":0,"44":1,"45":0,"46":0,"47":0,"48":0,"49":0,"50":0,"51":0,"52":1,"53":1,"54":0,"55":0,"56":1,"57":1,"58":1,"59":1,"60":0,"61":0,"62":1,"63":1,"64":0,"65":0,"66":0,"67":0,"68":1,"69":0,"70":0,"71":1,"72":1,"73":1,"74":1,"75":1,"76":1,"77":1,"78":0,"79":0,"80":1,"81":1,"82":0,"83":0,"84":1,"85":1,"86":1,"87":0,"88":0,"89":1,"90":1,"91":1,"92":1,"93":1,"94":1,"95":0,"96":0,"97":1,"98":1,"99":1,"100":1,"101":1,"102":0,"103":0,"104":1,"105":1,"106":1,"107":1,"108":1,"109":1,"110":0,"111":0,"112":1,"113":1,"114":1,"115":1,"116":1,"117":0,"118":0,"119":1,"120":1,"121":0,"122":0},"f":{"0":1,"1":1,"2":1,"3":0,"4":2,"5":0,"6":1,"7":1,"8":1,"9":1,"10":1},"b":{"0":[0,1],"1":[0,1],"2":[2,0],"3":[0,1],"4":[0,1,0,0],"5":[0,1],"6":[1,1],"7":[0,1],"8":[0,1],"9":[0,1],"10":[0,1]},"_coverageSchema":"43e27e138ebf9cfc5966b082cf9a028302ed4184","hash":"593c97ea23643557c02419ef6eacb2fb46653746","contentHash":"d193b14d2e78de3f5c5c3a52f23b1dd2f6d156be1aa40a73dadf46f0f0e417f4"},"C:\\Users\\Tim\\Desktop\\api_teamwork\\api\\v1\\middleware\\getUserIdMiddleware.js":{"path":"C:\\Users\\Tim\\Desktop\\api_teamwork\\api\\v1\\middleware\\getUserIdMiddleware.js","statementMap":{"0":{"start":{"line":1,"column":12},"end":{"line":1,"column":35}},"1":{"start":{"line":2,"column":0},"end":{"line":2,"column":27}},"2":{"start":{"line":4,"column":0},"end":{"line":8,"column":2}},"3":{"start":{"line":5,"column":16},"end":{"line":5,"column":55}},"4":{"start":{"line":6,"column":23},"end":{"line":6,"column":66}},"5":{"start":{"line":7,"column":2},"end":{"line":7,"column":29}}},"fnMap":{"0":{"name":"(anonymous_0)","decl":{"start":{"line":4,"column":17},"end":{"line":4,"column":18}},"loc":{"start":{"line":4,"column":32},"end":{"line":8,"column":1}},"line":4}},"branchMap":{},"s":{"0":1,"1":1,"2":1,"3":13,"4":13,"5":13},"f":{"0":13},"b":{},"_coverageSchema":"43e27e138ebf9cfc5966b082cf9a028302ed4184","hash":"c46a2f1d7ef46b43042038454a7036138bb92697","contentHash":"ea4345d0058193ab007e40909b96eee595a2606c3acacb960b6844055df55c28"},"C:\\Users\\Tim\\Desktop\\api_teamwork\\api\\v1\\routes\\gifRoutes.js":{"path":"C:\\Users\\Tim\\Desktop\\api_teamwork\\api\\v1\\routes\\gifRoutes.js","statementMap":{"0":{"start":{"line":1,"column":16},"end":{"line":1,"column":34}},"1":{"start":{"line":3,"column":15},"end":{"line":3,"column":31}},"2":{"start":{"line":5,"column":13},"end":{"line":5,"column":52}},"3":{"start":{"line":6,"column":22},"end":{"line":6,"column":61}},"4":{"start":{"line":7,"column":65},"end":{"line":7,"column":110}},"5":{"start":{"line":9,"column":0},"end":{"line":9,"column":80}},"6":{"start":{"line":10,"column":0},"end":{"line":10,"column":44}},"7":{"start":{"line":11,"column":0},"end":{"line":11,"column":56}},"8":{"start":{"line":12,"column":0},"end":{"line":12,"column":99}},"9":{"start":{"line":13,"column":0},"end":{"line":13,"column":57}},"10":{"start":{"line":15,"column":0},"end":{"line":15,"column":24}}},"fnMap":{},"branchMap":{},"s":{"0":1,"1":1,"2":1,"3":1,"4":1,"5":1,"6":1,"7":1,"8":1,"9":1,"10":1},"f":{},"b":{},"_coverageSchema":"43e27e138ebf9cfc5966b082cf9a028302ed4184","hash":"da1ab6661a0ef4978c83f6963e91a26b4587573c","contentHash":"3bfa4313c0036b9f7e0de028287006c4a6182d57247b8a92afddb86963d61877"},"C:\\Users\\Tim\\Desktop\\api_teamwork\\api\\v1\\controllers\\GifController.js":{"path":"C:\\Users\\Tim\\Desktop\\api_teamwork\\api\\v1\\controllers\\GifController.js","statementMap":{"0":{"start":{"line":1,"column":19},"end":{"line":1,"column":43}},"1":{"start":{"line":2,"column":0},"end":{"line":2,"column":27}},"2":{"start":{"line":4,"column":18},"end":{"line":4,"column":62}},"3":{"start":{"line":5,"column":19},"end":{"line":5,"column":52}},"4":{"start":{"line":6,"column":13},"end":{"line":6,"column":38}},"5":{"start":{"line":8,"column":13},"end":{"line":8,"column":23}},"6":{"start":{"line":10,"column":0},"end":{"line":14,"column":3}},"7":{"start":{"line":16,"column":0},"end":{"line":53,"column":2}},"8":{"start":{"line":17,"column":15},"end":{"line":17,"column":28}},"9":{"start":{"line":18,"column":2},"end":{"line":21,"column":3}},"10":{"start":{"line":19,"column":4},"end":{"line":19,"column":51}},"11":{"start":{"line":20,"column":4},"end":{"line":20,"column":26}},"12":{"start":{"line":22,"column":22},"end":{"line":28,"column":4}},"13":{"start":{"line":23,"column":4},"end":{"line":26,"column":5}},"14":{"start":{"line":24,"column":6},"end":{"line":24,"column":32}},"15":{"start":{"line":25,"column":6},"end":{"line":25,"column":28}},"16":{"start":{"line":27,"column":4},"end":{"line":27,"column":18}},"17":{"start":{"line":29,"column":17},"end":{"line":29,"column":37}},"18":{"start":{"line":30,"column":17},"end":{"line":35,"column":3}},"19":{"start":{"line":36,"column":2},"end":{"line":52,"column":3}},"20":{"start":{"line":37,"column":19},"end":{"line":37,"column":50}},"21":{"start":{"line":38,"column":4},"end":{"line":47,"column":7}},"22":{"start":{"line":48,"column":4},"end":{"line":48,"column":26}},"23":{"start":{"line":50,"column":4},"end":{"line":50,"column":30}},"24":{"start":{"line":51,"column":4},"end":{"line":51,"column":26}},"25":{"start":{"line":55,"column":0},"end":{"line":78,"column":2}},"26":{"start":{"line":56,"column":16},"end":{"line":56,"column":33}},"27":{"start":{"line":57,"column":2},"end":{"line":77,"column":3}},"28":{"start":{"line":58,"column":19},"end":{"line":58,"column":49}},"29":{"start":{"line":59,"column":4},"end":{"line":62,"column":5}},"30":{"start":{"line":60,"column":6},"end":{"line":60,"column":54}},"31":{"start":{"line":61,"column":6},"end":{"line":61,"column":28}},"32":{"start":{"line":63,"column":4},"end":{"line":72,"column":7}},"33":{"start":{"line":73,"column":4},"end":{"line":73,"column":26}},"34":{"start":{"line":75,"column":4},"end":{"line":75,"column":30}},"35":{"start":{"line":76,"column":4},"end":{"line":76,"column":26}},"36":{"start":{"line":80,"column":0},"end":{"line":119,"column":2}},"37":{"start":{"line":81,"column":14},"end":{"line":81,"column":31}},"38":{"start":{"line":82,"column":15},"end":{"line":82,"column":35}},"39":{"start":{"line":83,"column":22},"end":{"line":86,"column":3}},"40":{"start":{"line":87,"column":2},"end":{"line":118,"column":3}},"41":{"start":{"line":88,"column":19},"end":{"line":88,"column":58}},"42":{"start":{"line":89,"column":4},"end":{"line":92,"column":5}},"43":{"start":{"line":90,"column":6},"end":{"line":90,"column":54}},"44":{"start":{"line":91,"column":6},"end":{"line":91,"column":28}},"45":{"start":{"line":93,"column":4},"end":{"line":96,"column":5}},"46":{"start":{"line":94,"column":6},"end":{"line":94,"column":49}},"47":{"start":{"line":95,"column":6},"end":{"line":95,"column":28}},"48":{"start":{"line":97,"column":4},"end":{"line":103,"column":7}},"49":{"start":{"line":98,"column":6},"end":{"line":101,"column":7}},"50":{"start":{"line":99,"column":8},"end":{"line":99,"column":59}},"51":{"start":{"line":100,"column":8},"end":{"line":100,"column":30}},"52":{"start":{"line":102,"column":6},"end":{"line":102,"column":21}},"53":{"start":{"line":104,"column":4},"end":{"line":113,"column":7}},"54":{"start":{"line":114,"column":4},"end":{"line":114,"column":26}},"55":{"start":{"line":116,"column":4},"end":{"line":116,"column":30}},"56":{"start":{"line":117,"column":4},"end":{"line":117,"column":26}},"57":{"start":{"line":121,"column":0},"end":{"line":153,"column":2}},"58":{"start":{"line":122,"column":16},"end":{"line":122,"column":33}},"59":{"start":{"line":123,"column":17},"end":{"line":123,"column":37}},"60":{"start":{"line":124,"column":23},"end":{"line":129,"column":3}},"61":{"start":{"line":130,"column":2},"end":{"line":152,"column":3}},"62":{"start":{"line":131,"column":19},"end":{"line":131,"column":60}},"63":{"start":{"line":132,"column":4},"end":{"line":135,"column":5}},"64":{"start":{"line":133,"column":6},"end":{"line":133,"column":54}},"65":{"start":{"line":134,"column":6},"end":{"line":134,"column":28}},"66":{"start":{"line":136,"column":4},"end":{"line":147,"column":7}},"67":{"start":{"line":148,"column":4},"end":{"line":148,"column":26}},"68":{"start":{"line":150,"column":4},"end":{"line":150,"column":30}},"69":{"start":{"line":151,"column":4},"end":{"line":151,"column":26}},"70":{"start":{"line":155,"column":0},"end":{"line":190,"column":2}},"71":{"start":{"line":156,"column":17},"end":{"line":156,"column":37}},"72":{"start":{"line":157,"column":17},"end":{"line":157,"column":34}},"73":{"start":{"line":158,"column":20},"end":{"line":162,"column":3}},"74":{"start":{"line":163,"column":2},"end":{"line":189,"column":3}},"75":{"start":{"line":164,"column":19},"end":{"line":164,"column":54}},"76":{"start":{"line":165,"column":4},"end":{"line":168,"column":5}},"77":{"start":{"line":166,"column":6},"end":{"line":166,"column":54}},"78":{"start":{"line":167,"column":6},"end":{"line":167,"column":28}},"79":{"start":{"line":169,"column":4},"end":{"line":175,"column":5}},"80":{"start":{"line":170,"column":6},"end":{"line":173,"column":9}},"81":{"start":{"line":174,"column":6},"end":{"line":174,"column":28}},"82":{"start":{"line":176,"column":4},"end":{"line":184,"column":7}},"83":{"start":{"line":185,"column":4},"end":{"line":185,"column":26}},"84":{"start":{"line":187,"column":4},"end":{"line":187,"column":30}},"85":{"start":{"line":188,"column":4},"end":{"line":188,"column":26}}},"fnMap":{"0":{"name":"(anonymous_0)","decl":{"start":{"line":16,"column":20},"end":{"line":16,"column":21}},"loc":{"start":{"line":16,"column":40},"end":{"line":53,"column":1}},"line":16},"1":{"name":"(anonymous_1)","decl":{"start":{"line":22,"column":74},"end":{"line":22,"column":75}},"loc":{"start":{"line":22,"column":93},"end":{"line":28,"column":3}},"line":22},"2":{"name":"(anonymous_2)","decl":{"start":{"line":55,"column":17},"end":{"line":55,"column":18}},"loc":{"start":{"line":55,"column":37},"end":{"line":78,"column":1}},"line":55},"3":{"name":"(anonymous_3)","decl":{"start":{"line":80,"column":20},"end":{"line":80,"column":21}},"loc":{"start":{"line":80,"column":40},"end":{"line":119,"column":1}},"line":80},"4":{"name":"(anonymous_4)","decl":{"start":{"line":97,"column":56},"end":{"line":97,"column":57}},"loc":{"start":{"line":97,"column":76},"end":{"line":103,"column":5}},"line":97},"5":{"name":"(anonymous_5)","decl":{"start":{"line":121,"column":21},"end":{"line":121,"column":22}},"loc":{"start":{"line":121,"column":41},"end":{"line":153,"column":1}},"line":121},"6":{"name":"(anonymous_6)","decl":{"start":{"line":155,"column":18},"end":{"line":155,"column":19}},"loc":{"start":{"line":155,"column":38},"end":{"line":190,"column":1}},"line":155}},"branchMap":{"0":{"loc":{"start":{"line":18,"column":2},"end":{"line":21,"column":3}},"type":"if","locations":[{"start":{"line":18,"column":2},"end":{"line":21,"column":3}},{"start":{"line":18,"column":2},"end":{"line":21,"column":3}}],"line":18},"1":{"loc":{"start":{"line":23,"column":4},"end":{"line":26,"column":5}},"type":"if","locations":[{"start":{"line":23,"column":4},"end":{"line":26,"column":5}},{"start":{"line":23,"column":4},"end":{"line":26,"column":5}}],"line":23},"2":{"loc":{"start":{"line":59,"column":4},"end":{"line":62,"column":5}},"type":"if","locations":[{"start":{"line":59,"column":4},"end":{"line":62,"column":5}},{"start":{"line":59,"column":4},"end":{"line":62,"column":5}}],"line":59},"3":{"loc":{"start":{"line":89,"column":4},"end":{"line":92,"column":5}},"type":"if","locations":[{"start":{"line":89,"column":4},"end":{"line":92,"column":5}},{"start":{"line":89,"column":4},"end":{"line":92,"column":5}}],"line":89},"4":{"loc":{"start":{"line":93,"column":4},"end":{"line":96,"column":5}},"type":"if","locations":[{"start":{"line":93,"column":4},"end":{"line":96,"column":5}},{"start":{"line":93,"column":4},"end":{"line":96,"column":5}}],"line":93},"5":{"loc":{"start":{"line":98,"column":6},"end":{"line":101,"column":7}},"type":"if","locations":[{"start":{"line":98,"column":6},"end":{"line":101,"column":7}},{"start":{"line":98,"column":6},"end":{"line":101,"column":7}}],"line":98},"6":{"loc":{"start":{"line":132,"column":4},"end":{"line":135,"column":5}},"type":"if","locations":[{"start":{"line":132,"column":4},"end":{"line":135,"column":5}},{"start":{"line":132,"column":4},"end":{"line":135,"column":5}}],"line":132},"7":{"loc":{"start":{"line":165,"column":4},"end":{"line":168,"column":5}},"type":"if","locations":[{"start":{"line":165,"column":4},"end":{"line":168,"column":5}},{"start":{"line":165,"column":4},"end":{"line":168,"column":5}}],"line":165},"8":{"loc":{"start":{"line":169,"column":4},"end":{"line":175,"column":5}},"type":"if","locations":[{"start":{"line":169,"column":4},"end":{"line":175,"column":5}},{"start":{"line":169,"column":4},"end":{"line":175,"column":5}}],"line":169}},"s":{"0":1,"1":1,"2":1,"3":1,"4":1,"5":1,"6":1,"7":1,"8":1,"9":1,"10":0,"11":0,"12":1,"13":0,"14":0,"15":0,"16":0,"17":0,"18":0,"19":0,"20":0,"21":0,"22":0,"23":0,"24":0,"25":1,"26":1,"27":1,"28":1,"29":1,"30":0,"31":0,"32":1,"33":1,"34":0,"35":0,"36":1,"37":1,"38":1,"39":1,"40":1,"41":1,"42":1,"43":0,"44":0,"45":1,"46":1,"47":1,"48":0,"49":0,"50":0,"51":0,"52":0,"53":0,"54":0,"55":0,"56":0,"57":1,"58":1,"59":1,"60":1,"61":1,"62":1,"63":1,"64":0,"65":0,"66":1,"67":1,"68":0,"69":0,"70":1,"71":1,"72":1,"73":1,"74":1,"75":1,"76":1,"77":0,"78":0,"79":1,"80":0,"81":0,"82":1,"83":1,"84":0,"85":0},"f":{"0":1,"1":0,"2":1,"3":1,"4":0,"5":1,"6":1},"b":{"0":[0,1],"1":[0,0],"2":[0,1],"3":[0,1],"4":[1,0],"5":[0,0],"6":[0,1],"7":[0,1],"8":[0,1]},"_coverageSchema":"43e27e138ebf9cfc5966b082cf9a028302ed4184","hash":"4814b13f8dfde02b6d3db7015135ccc5ae5f536c","contentHash":"709fa999447d84c3368e9fea78e04e257c6aaa9295207706a0289c4949c3ded7"},"C:\\Users\\Tim\\Desktop\\api_teamwork\\api\\v1\\services\\GifService.js":{"path":"C:\\Users\\Tim\\Desktop\\api_teamwork\\api\\v1\\services\\GifService.js","statementMap":{"0":{"start":{"line":2,"column":13},"end":{"line":2,"column":42}},"1":{"start":{"line":6,"column":4},"end":{"line":13,"column":5}},"2":{"start":{"line":7,"column":26},"end":{"line":7,"column":124}},"3":{"start":{"line":8,"column":21},"end":{"line":8,"column":105}},"4":{"start":{"line":9,"column":23},"end":{"line":9,"column":60}},"5":{"start":{"line":10,"column":6},"end":{"line":10,"column":21}},"6":{"start":{"line":12,"column":6},"end":{"line":12,"column":18}},"7":{"start":{"line":17,"column":4},"end":{"line":37,"column":5}},"8":{"start":{"line":18,"column":26},"end":{"line":22,"column":33}},"9":{"start":{"line":23,"column":28},"end":{"line":28,"column":42}},"10":{"start":{"line":29,"column":21},"end":{"line":29,"column":28}},"11":{"start":{"line":30,"column":23},"end":{"line":30,"column":60}},"12":{"start":{"line":31,"column":18},"end":{"line":31,"column":57}},"13":{"start":{"line":32,"column":18},"end":{"line":32,"column":25}},"14":{"start":{"line":33,"column":22},"end":{"line":33,"column":30}},"15":{"start":{"line":34,"column":6},"end":{"line":34,"column":28}},"16":{"start":{"line":36,"column":6},"end":{"line":36,"column":18}},"17":{"start":{"line":41,"column":4},"end":{"line":57,"column":5}},"18":{"start":{"line":42,"column":20},"end":{"line":42,"column":22}},"19":{"start":{"line":43,"column":23},"end":{"line":43,"column":101}},"20":{"start":{"line":44,"column":6},"end":{"line":46,"column":7}},"21":{"start":{"line":45,"column":8},"end":{"line":45,"column":20}},"22":{"start":{"line":47,"column":6},"end":{"line":47,"column":24}},"23":{"start":{"line":48,"column":6},"end":{"line":53,"column":7}},"24":{"start":{"line":49,"column":28},"end":{"line":49,"column":67}},"25":{"start":{"line":50,"column":23},"end":{"line":50,"column":47}},"26":{"start":{"line":51,"column":8},"end":{"line":51,"column":46}},"27":{"start":{"line":52,"column":8},"end":{"line":52,"column":23}},"28":{"start":{"line":54,"column":6},"end":{"line":54,"column":21}},"29":{"start":{"line":56,"column":6},"end":{"line":56,"column":18}},"30":{"start":{"line":61,"column":4},"end":{"line":76,"column":5}},"31":{"start":{"line":63,"column":23},"end":{"line":63,"column":102}},"32":{"start":{"line":64,"column":6},"end":{"line":66,"column":7}},"33":{"start":{"line":65,"column":8},"end":{"line":65,"column":38}},"34":{"start":{"line":68,"column":6},"end":{"line":72,"column":7}},"35":{"start":{"line":69,"column":28},"end":{"line":69,"column":125}},"36":{"start":{"line":70,"column":23},"end":{"line":70,"column":125}},"37":{"start":{"line":71,"column":8},"end":{"line":71,"column":46}},"38":{"start":{"line":73,"column":6},"end":{"line":73,"column":21}},"39":{"start":{"line":75,"column":6},"end":{"line":75,"column":18}},"40":{"start":{"line":80,"column":4},"end":{"line":93,"column":5}},"41":{"start":{"line":81,"column":18},"end":{"line":81,"column":188}},"42":{"start":{"line":82,"column":21},"end":{"line":82,"column":32}},"43":{"start":{"line":83,"column":6},"end":{"line":86,"column":7}},"44":{"start":{"line":84,"column":8},"end":{"line":84,"column":154}},"45":{"start":{"line":85,"column":8},"end":{"line":85,"column":75}},"46":{"start":{"line":87,"column":24},"end":{"line":87,"column":103}},"47":{"start":{"line":88,"column":21},"end":{"line":88,"column":88}},"48":{"start":{"line":89,"column":23},"end":{"line":89,"column":58}},"49":{"start":{"line":90,"column":6},"end":{"line":90,"column":32}},"50":{"start":{"line":92,"column":6},"end":{"line":92,"column":18}},"51":{"start":{"line":97,"column":0},"end":{"line":97,"column":28}}},"fnMap":{"0":{"name":"(anonymous_0)","decl":{"start":{"line":5,"column":2},"end":{"line":5,"column":3}},"loc":{"start":{"line":5,"column":30},"end":{"line":14,"column":3}},"line":5},"1":{"name":"(anonymous_1)","decl":{"start":{"line":16,"column":2},"end":{"line":16,"column":3}},"loc":{"start":{"line":16,"column":29},"end":{"line":38,"column":3}},"line":16},"2":{"name":"(anonymous_2)","decl":{"start":{"line":40,"column":2},"end":{"line":40,"column":3}},"loc":{"start":{"line":40,"column":38},"end":{"line":58,"column":3}},"line":40},"3":{"name":"(anonymous_3)","decl":{"start":{"line":60,"column":2},"end":{"line":60,"column":3}},"loc":{"start":{"line":60,"column":40},"end":{"line":77,"column":3}},"line":60},"4":{"name":"(anonymous_4)","decl":{"start":{"line":79,"column":2},"end":{"line":79,"column":3}},"loc":{"start":{"line":79,"column":34},"end":{"line":94,"column":3}},"line":79}},"branchMap":{"0":{"loc":{"start":{"line":44,"column":6},"end":{"line":46,"column":7}},"type":"if","locations":[{"start":{"line":44,"column":6},"end":{"line":46,"column":7}},{"start":{"line":44,"column":6},"end":{"line":46,"column":7}}],"line":44},"1":{"loc":{"start":{"line":44,"column":10},"end":{"line":44,"column":36}},"type":"binary-expr","locations":[{"start":{"line":44,"column":10},"end":{"line":44,"column":15}},{"start":{"line":44,"column":19},"end":{"line":44,"column":36}}],"line":44},"2":{"loc":{"start":{"line":48,"column":6},"end":{"line":53,"column":7}},"type":"if","locations":[{"start":{"line":48,"column":6},"end":{"line":53,"column":7}},{"start":{"line":48,"column":6},"end":{"line":53,"column":7}}],"line":48},"3":{"loc":{"start":{"line":64,"column":6},"end":{"line":66,"column":7}},"type":"if","locations":[{"start":{"line":64,"column":6},"end":{"line":66,"column":7}},{"start":{"line":64,"column":6},"end":{"line":66,"column":7}}],"line":64},"4":{"loc":{"start":{"line":68,"column":6},"end":{"line":72,"column":7}},"type":"if","locations":[{"start":{"line":68,"column":6},"end":{"line":72,"column":7}},{"start":{"line":68,"column":6},"end":{"line":72,"column":7}}],"line":68},"5":{"loc":{"start":{"line":83,"column":6},"end":{"line":86,"column":7}},"type":"if","locations":[{"start":{"line":83,"column":6},"end":{"line":86,"column":7}},{"start":{"line":83,"column":6},"end":{"line":86,"column":7}}],"line":83},"6":{"loc":{"start":{"line":83,"column":10},"end":{"line":83,"column":41}},"type":"binary-expr","locations":[{"start":{"line":83,"column":10},"end":{"line":83,"column":16}},{"start":{"line":83,"column":20},"end":{"line":83,"column":41}}],"line":83}},"s":{"0":1,"1":0,"2":0,"3":0,"4":0,"5":0,"6":0,"7":1,"8":1,"9":1,"10":1,"11":1,"12":1,"13":1,"14":1,"15":1,"16":0,"17":1,"18":1,"19":1,"20":1,"21":1,"22":0,"23":0,"24":0,"25":0,"26":0,"27":0,"28":0,"29":0,"30":1,"31":1,"32":1,"33":0,"34":1,"35":1,"36":1,"37":1,"38":1,"39":0,"40":1,"41":1,"42":1,"43":1,"44":0,"45":0,"46":1,"47":1,"48":1,"49":1,"50":0,"51":1},"f":{"0":0,"1":1,"2":1,"3":1,"4":1},"b":{"0":[1,0],"1":[1,1],"2":[0,0],"3":[0,1],"4":[1,0],"5":[0,1],"6":[1,0]},"_coverageSchema":"43e27e138ebf9cfc5966b082cf9a028302ed4184","hash":"5e3dca01f6b9021b3221b71078babef97961daa5","contentHash":"5242cdef69448cf2d8c60761c4a064d490747cf595f5a6caf6dc4b1aafcf6dbc"},"C:\\Users\\Tim\\Desktop\\api_teamwork\\api\\v1\\routes\\categoryRoutes.js":{"path":"C:\\Users\\Tim\\Desktop\\api_teamwork\\api\\v1\\routes\\categoryRoutes.js","statementMap":{"0":{"start":{"line":1,"column":16},"end":{"line":1,"column":34}},"1":{"start":{"line":3,"column":15},"end":{"line":3,"column":31}},"2":{"start":{"line":5,"column":20},"end":{"line":5,"column":62}},"3":{"start":{"line":6,"column":27},"end":{"line":6,"column":71}},"4":{"start":{"line":9,"column":4},"end":{"line":9,"column":49}},"5":{"start":{"line":11,"column":0},"end":{"line":11,"column":102}},"6":{"start":{"line":12,"column":0},"end":{"line":12,"column":50}},"7":{"start":{"line":13,"column":0},"end":{"line":13,"column":112}},"8":{"start":{"line":14,"column":0},"end":{"line":14,"column":75}},"9":{"start":{"line":16,"column":0},"end":{"line":16,"column":24}}},"fnMap":{},"branchMap":{},"s":{"0":1,"1":1,"2":1,"3":1,"4":1,"5":1,"6":1,"7":1,"8":1,"9":1},"f":{},"b":{},"_coverageSchema":"43e27e138ebf9cfc5966b082cf9a028302ed4184","hash":"6fd43b89a425185d570d30e8b3eb8c6d0e71012b","contentHash":"b2e042835f81144c9e9c4b1e4b0b606382c73c53088870499747414993e3022b"},"C:\\Users\\Tim\\Desktop\\api_teamwork\\api\\v1\\controllers\\CategoryController.js":{"path":"C:\\Users\\Tim\\Desktop\\api_teamwork\\api\\v1\\controllers\\CategoryController.js","statementMap":{"0":{"start":{"line":1,"column":24},"end":{"line":1,"column":62}},"1":{"start":{"line":2,"column":13},"end":{"line":2,"column":38}},"2":{"start":{"line":4,"column":13},"end":{"line":4,"column":23}},"3":{"start":{"line":6,"column":0},"end":{"line":22,"column":2}},"4":{"start":{"line":7,"column":22},"end":{"line":9,"column":3}},"5":{"start":{"line":10,"column":2},"end":{"line":21,"column":3}},"6":{"start":{"line":11,"column":19},"end":{"line":11,"column":68}},"7":{"start":{"line":12,"column":4},"end":{"line":16,"column":7}},"8":{"start":{"line":17,"column":4},"end":{"line":17,"column":26}},"9":{"start":{"line":19,"column":4},"end":{"line":19,"column":30}},"10":{"start":{"line":20,"column":4},"end":{"line":20,"column":26}},"11":{"start":{"line":24,"column":0},"end":{"line":43,"column":2}},"12":{"start":{"line":25,"column":2},"end":{"line":42,"column":3}},"13":{"start":{"line":26,"column":19},"end":{"line":26,"column":56}},"14":{"start":{"line":27,"column":4},"end":{"line":30,"column":5}},"15":{"start":{"line":28,"column":6},"end":{"line":28,"column":54}},"16":{"start":{"line":29,"column":6},"end":{"line":29,"column":28}},"17":{"start":{"line":31,"column":4},"end":{"line":36,"column":5}},"18":{"start":{"line":32,"column":6},"end":{"line":34,"column":9}},"19":{"start":{"line":35,"column":6},"end":{"line":35,"column":28}},"20":{"start":{"line":37,"column":4},"end":{"line":37,"column":33}},"21":{"start":{"line":38,"column":4},"end":{"line":38,"column":26}},"22":{"start":{"line":40,"column":4},"end":{"line":40,"column":30}},"23":{"start":{"line":41,"column":4},"end":{"line":41,"column":26}},"24":{"start":{"line":45,"column":0},"end":{"line":66,"column":2}},"25":{"start":{"line":46,"column":23},"end":{"line":49,"column":3}},"26":{"start":{"line":50,"column":2},"end":{"line":65,"column":3}},"27":{"start":{"line":51,"column":19},"end":{"line":51,"column":67}},"28":{"start":{"line":52,"column":4},"end":{"line":55,"column":5}},"29":{"start":{"line":53,"column":6},"end":{"line":53,"column":38}},"30":{"start":{"line":54,"column":6},"end":{"line":54,"column":28}},"31":{"start":{"line":56,"column":4},"end":{"line":60,"column":7}},"32":{"start":{"line":61,"column":4},"end":{"line":61,"column":26}},"33":{"start":{"line":63,"column":4},"end":{"line":63,"column":30}},"34":{"start":{"line":64,"column":4},"end":{"line":64,"column":26}},"35":{"start":{"line":68,"column":0},"end":{"line":96,"column":2}},"36":{"start":{"line":69,"column":21},"end":{"line":69,"column":42}},"37":{"start":{"line":70,"column":2},"end":{"line":95,"column":3}},"38":{"start":{"line":71,"column":19},"end":{"line":71,"column":71}},"39":{"start":{"line":72,"column":4},"end":{"line":89,"column":5}},"40":{"start":{"line":73,"column":6},"end":{"line":81,"column":7}},"41":{"start":{"line":74,"column":8},"end":{"line":79,"column":11}},"42":{"start":{"line":80,"column":8},"end":{"line":80,"column":30}},"43":{"start":{"line":82,"column":6},"end":{"line":87,"column":9}},"44":{"start":{"line":88,"column":6},"end":{"line":88,"column":28}},"45":{"start":{"line":90,"column":4},"end":{"line":90,"column":36}},"46":{"start":{"line":91,"column":4},"end":{"line":91,"column":26}},"47":{"start":{"line":93,"column":4},"end":{"line":93,"column":30}},"48":{"start":{"line":94,"column":4},"end":{"line":94,"column":26}}},"fnMap":{"0":{"name":"(anonymous_0)","decl":{"start":{"line":6,"column":25},"end":{"line":6,"column":26}},"loc":{"start":{"line":6,"column":45},"end":{"line":22,"column":1}},"line":6},"1":{"name":"(anonymous_1)","decl":{"start":{"line":24,"column":24},"end":{"line":24,"column":25}},"loc":{"start":{"line":24,"column":44},"end":{"line":43,"column":1}},"line":24},"2":{"name":"(anonymous_2)","decl":{"start":{"line":45,"column":23},"end":{"line":45,"column":24}},"loc":{"start":{"line":45,"column":43},"end":{"line":66,"column":1}},"line":45},"3":{"name":"(anonymous_3)","decl":{"start":{"line":68,"column":29},"end":{"line":68,"column":30}},"loc":{"start":{"line":68,"column":49},"end":{"line":96,"column":1}},"line":68}},"branchMap":{"0":{"loc":{"start":{"line":27,"column":4},"end":{"line":30,"column":5}},"type":"if","locations":[{"start":{"line":27,"column":4},"end":{"line":30,"column":5}},{"start":{"line":27,"column":4},"end":{"line":30,"column":5}}],"line":27},"1":{"loc":{"start":{"line":31,"column":4},"end":{"line":36,"column":5}},"type":"if","locations":[{"start":{"line":31,"column":4},"end":{"line":36,"column":5}},{"start":{"line":31,"column":4},"end":{"line":36,"column":5}}],"line":31},"2":{"loc":{"start":{"line":52,"column":4},"end":{"line":55,"column":5}},"type":"if","locations":[{"start":{"line":52,"column":4},"end":{"line":55,"column":5}},{"start":{"line":52,"column":4},"end":{"line":55,"column":5}}],"line":52},"3":{"loc":{"start":{"line":72,"column":4},"end":{"line":89,"column":5}},"type":"if","locations":[{"start":{"line":72,"column":4},"end":{"line":89,"column":5}},{"start":{"line":72,"column":4},"end":{"line":89,"column":5}}],"line":72},"4":{"loc":{"start":{"line":73,"column":6},"end":{"line":81,"column":7}},"type":"if","locations":[{"start":{"line":73,"column":6},"end":{"line":81,"column":7}},{"start":{"line":73,"column":6},"end":{"line":81,"column":7}}],"line":73}},"s":{"0":1,"1":1,"2":1,"3":1,"4":1,"5":1,"6":1,"7":1,"8":1,"9":0,"10":0,"11":1,"12":1,"13":1,"14":1,"15":0,"16":0,"17":1,"18":0,"19":0,"20":1,"21":1,"22":0,"23":0,"24":1,"25":1,"26":1,"27":1,"28":1,"29":0,"30":0,"31":1,"32":1,"33":0,"34":0,"35":1,"36":1,"37":1,"38":1,"39":1,"40":1,"41":0,"42":0,"43":1,"44":1,"45":0,"46":0,"47":0,"48":0},"f":{"0":1,"1":1,"2":1,"3":1},"b":{"0":[0,1],"1":[0,1],"2":[0,1],"3":[1,0],"4":[0,1]},"_coverageSchema":"43e27e138ebf9cfc5966b082cf9a028302ed4184","hash":"7aa1c482c73a774a85ea1effd2c8eab4423e60db","contentHash":"8fbc610d02c6d16b233033113cb23a71e395af9e9639598e2e8e1ae6284a354b"},"C:\\Users\\Tim\\Desktop\\api_teamwork\\api\\v1\\services\\CategoryService.js":{"path":"C:\\Users\\Tim\\Desktop\\api_teamwork\\api\\v1\\services\\CategoryService.js","statementMap":{"0":{"start":{"line":2,"column":13},"end":{"line":2,"column":42}},"1":{"start":{"line":6,"column":4},"end":{"line":13,"column":5}},"2":{"start":{"line":7,"column":31},"end":{"line":7,"column":91}},"3":{"start":{"line":8,"column":21},"end":{"line":8,"column":48}},"4":{"start":{"line":9,"column":23},"end":{"line":9,"column":65}},"5":{"start":{"line":10,"column":6},"end":{"line":10,"column":21}},"6":{"start":{"line":12,"column":6},"end":{"line":12,"column":18}},"7":{"start":{"line":17,"column":4},"end":{"line":23,"column":5}},"8":{"start":{"line":18,"column":33},"end":{"line":18,"column":80}},"9":{"start":{"line":19,"column":23},"end":{"line":19,"column":59}},"10":{"start":{"line":20,"column":6},"end":{"line":20,"column":18}},"11":{"start":{"line":22,"column":6},"end":{"line":22,"column":18}},"12":{"start":{"line":27,"column":4},"end":{"line":41,"column":5}}
[...]
"name":"(anonymous_11)","decl":{"start":{"line":53,"column":14},"end":{"line":53,"column":15}},"loc":{"start":{"line":53,"column":23},"end":{"line":56,"column":9}},"line":53},"12":{"name":"(anonymous_12)","decl":{"start":{"line":57,"column":15},"end":{"line":57,"column":16}},"loc":{"start":{"line":57,"column":24},"end":{"line":60,"column":9}},"line":57}},"branchMap":{},"s":{"0":1,"1":1,"2":1,"3":1,"4":1,"5":1,"6":1,"7":1,"8":1,"9":1,"10":1,"11":1,"12":1,"13":1,"14":0,"15":0,"16":1,"17":1,"18":1,"19":1,"20":1,"21":0,"22":0,"23":1,"24":1,"25":1,"26":1,"27":1,"28":0,"29":0},"f":{"0":1,"1":1,"2":1,"3":1,"4":0,"5":1,"6":1,"7":1,"8":0,"9":1,"10":1,"11":1,"12":0},"b":{},"_coverageSchema":"43e27e138ebf9cfc5966b082cf9a028302ed4184","hash":"4bc68b0f9d3b471ceb382f00a93b58978e68cb27","contentHash":"f5b1a7b694667042e35b1f12fc077169f35e4b00aa7b8e582a52ec00c5b03261"},"C:\\Users\\Tim\\Desktop\\api_teamwork\\api\\v1\\test\\gif.spec.js":{"path":"C:\\Users\\Tim\\Desktop\\api_teamwork\\api\\v1\\test\\gif.spec.js","statementMap":{"0":{"start":{"line":1,"column":13},"end":{"line":1,"column":28}},"1":{"start":{"line":2,"column":17},"end":{"line":2,"column":37}},"2":{"start":{"line":3,"column":11},"end":{"line":3,"column":24}},"3":{"start":{"line":5,"column":15},"end":{"line":5,"column":26}},"4":{"start":{"line":7,"column":0},"end":{"line":7,"column":19}},"5":{"start":{"line":8,"column":12},"end":{"line":8,"column":35}},"6":{"start":{"line":10,"column":0},"end":{"line":105,"column":3}},"7":{"start":{"line":11,"column":2},"end":{"line":30,"column":5}},"8":{"start":{"line":12,"column":4},"end":{"line":29,"column":7}},"9":{"start":{"line":13,"column":6},"end":{"line":27,"column":11}},"10":{"start":{"line":20,"column":10},"end":{"line":20,"column":42}},"11":{"start":{"line":21,"column":10},"end":{"line":23,"column":13}},"12":{"start":{"line":26,"column":10},"end":{"line":26,"column":20}},"13":{"start":{"line":28,"column":6},"end":{"line":28,"column":13}},"14":{"start":{"line":32,"column":2},"end":{"line":46,"column":5}},"15":{"start":{"line":33,"column":4},"end":{"line":45,"column":7}},"16":{"start":{"line":34,"column":6},"end":{"line":44,"column":11}},"17":{"start":{"line":38,"column":10},"end":{"line":38,"column":43}},"18":{"start":{"line":39,"column":10},"end":{"line":39,"column":17}},"19":{"start":{"line":42,"column":10},"end":{"line":42,"column":35}},"20":{"start":{"line":43,"column":10},"end":{"line":43,"column":17}},"21":{"start":{"line":48,"column":2},"end":{"line":70,"column":5}},"22":{"start":{"line":49,"column":4},"end":{"line":69,"column":7}},"23":{"start":{"line":50,"column":22},"end":{"line":52,"column":7}},"24":{"start":{"line":53,"column":6},"end":{"line":68,"column":11}},"25":{"start":{"line":59,"column":10},"end":{"line":59,"column":43}},"26":{"start":{"line":60,"column":10},"end":{"line":62,"column":13}},"27":{"start":{"line":63,"column":10},"end":{"line":63,"column":17}},"28":{"start":{"line":66,"column":10},"end":{"line":66,"column":35}},"29":{"start":{"line":67,"column":10},"end":{"line":67,"column":17}},"30":{"start":{"line":72,"column":2},"end":{"line":87,"column":5}},"31":{"start":{"line":73,"column":4},"end":{"line":86,"column":7}},"32":{"start":{"line":74,"column":6},"end":{"line":85,"column":11}},"33":{"start":{"line":79,"column":10},"end":{"line":79,"column":42}},"34":{"start":{"line":80,"column":10},"end":{"line":80,"column":17}},"35":{"start":{"line":83,"column":10},"end":{"line":83,"column":35}},"36":{"start":{"line":84,"column":10},"end":{"line":84,"column":17}},"37":{"start":{"line":89,"column":2},"end":{"line":104,"column":5}},"38":{"start":{"line":90,"column":4},"end":{"line":103,"column":7}},"39":{"start":{"line":91,"column":6},"end":{"line":102,"column":11}},"40":{"start":{"line":96,"column":10},"end":{"line":96,"column":42}},"41":{"start":{"line":97,"column":10},"end":{"line":97,"column":17}},"42":{"start":{"line":100,"column":10},"end":{"line":100,"column":37}},"43":{"start":{"line":101,"column":10},"end":{"line":101,"column":17}}},"fnMap":{"0":{"name":"(anonymous_0)","decl":{"start":{"line":10,"column":28},"end":{"line":10,"column":29}},"loc":{"start":{"line":10,"column":34},"end":{"line":105,"column":1}},"line":10},"1":{"name":"(anonymous_1)","decl":{"start":{"line":11,"column":40},"end":{"line":11,"column":41}},"loc":{"start":{"line":11,"column":46},"end":{"line":30,"column":3}},"line":11},"2":{"name":"(anonymous_2)","decl":{"start":{"line":12,"column":66},"end":{"line":12,"column":67}},"loc":{"start":{"line":12,"column":76},"end":{"line":29,"column":5}},"line":12},"3":{"name":"(anonymous_3)","decl":{"start":{"line":19,"column":14},"end":{"line":19,"column":15}},"loc":{"start":{"line":19,"column":23},"end":{"line":24,"column":9}},"line":19},"4":{"name":"(anonymous_4)","decl":{"start":{"line":25,"column":15},"end":{"line":25,"column":16}},"loc":{"start":{"line":25,"column":24},"end":{"line":27,"column":9}},"line":25},"5":{"name":"(anonymous_5)","decl":{"start":{"line":32,"column":46},"end":{"line":32,"column":47}},"loc":{"start":{"line":32,"column":52},"end":{"line":46,"column":3}},"line":32},"6":{"name":"(anonymous_6)","decl":{"start":{"line":33,"column":29},"end":{"line":33,"column":30}},"loc":{"start":{"line":33,"column":39},"end":{"line":45,"column":5}},"line":33},"7":{"name":"(anonymous_7)","decl":{"start":{"line":37,"column":14},"end":{"line":37,"column":15}},"loc":{"start":{"line":37,"column":23},"end":{"line":40,"column":9}},"line":37},"8":{"name":"(anonymous_8)","decl":{"start":{"line":41,"column":15},"end":{"line":41,"column":16}},"loc":{"start":{"line":41,"column":24},"end":{"line":44,"column":9}},"line":41},"9":{"name":"(anonymous_9)","decl":{"start":{"line":48,"column":55},"end":{"line":48,"column":56}},"loc":{"start":{"line":48,"column":61},"end":{"line":70,"column":3}},"line":48},"10":{"name":"(anonymous_10)","decl":{"start":{"line":49,"column":79},"end":{"line":49,"column":80}},"loc":{"start":{"line":49,"column":89},"end":{"line":69,"column":5}},"line":49},"11":{"name":"(anonymous_11)","decl":{"start":{"line":58,"column":14},"end":{"line":58,"column":15}},"loc":{"start":{"line":58,"column":23},"end":{"line":64,"column":9}},"line":58},"12":{"name":"(anonymous_12)","decl":{"start":{"line":65,"column":15},"end":{"line":65,"column":16}},"loc":{"start":{"line":65,"column":24},"end":{"line":68,"column":9}},"line":65},"13":{"name":"(anonymous_13)","decl":{"start":{"line":72,"column":52},"end":{"line":72,"column":53}},"loc":{"start":{"line":72,"column":58},"end":{"line":87,"column":3}},"line":72},"14":{"name":"(anonymous_14)","decl":{"start":{"line":73,"column":68},"end":{"line":73,"column":69}},"loc":{"start":{"line":73,"column":78},"end":{"line":86,"column":5}},"line":73},"15":{"name":"(anonymous_15)","decl":{"start":{"line":78,"column":14},"end":{"line":78,"column":15}},"loc":{"start":{"line":78,"column":23},"end":{"line":81,"column":9}},"line":78},"16":{"name":"(anonymous_16)","decl":{"start":{"line":82,"column":15},"end":{"line":82,"column":16}},"loc":{"start":{"line":82,"column":24},"end":{"line":85,"column":9}},"line":82},"17":{"name":"(anonymous_17)","decl":{"start":{"line":89,"column":49},"end":{"line":89,"column":50}},"loc":{"start":{"line":89,"column":55},"end":{"line":104,"column":3}},"line":89},"18":{"name":"(anonymous_18)","decl":{"start":{"line":90,"column":76},"end":{"line":90,"column":77}},"loc":{"start":{"line":90,"column":86},"end":{"line":103,"column":5}},"line":90},"19":{"name":"(anonymous_19)","decl":{"start":{"line":95,"column":14},"end":{"line":95,"column":15}},"loc":{"start":{"line":95,"column":23},"end":{"line":98,"column":9}},"line":95},"20":{"name":"(anonymous_20)","decl":{"start":{"line":99,"column":15},"end":{"line":99,"column":16}},"loc":{"start":{"line":99,"column":26},"end":{"line":102,"column":9}},"line":99}},"branchMap":{},"s":{"0":1,"1":1,"2":1,"3":1,"4":1,"5":1,"6":1,"7":1,"8":1,"9":1,"10":0,"11":0,"12":0,"13":1,"14":1,"15":1,"16":1,"17":1,"18":1,"19":0,"20":0,"21":1,"22":1,"23":1,"24":1,"25":1,"26":1,"27":1,"28":0,"29":0,"30":1,"31":1,"32":1,"33":1,"34":1,"35":0,"36":0,"37":1,"38":1,"39":1,"40":1,"41":1,"42":0,"43":0},"f":{"0":1,"1":1,"2":1,"3":0,"4":0,"5":1,"6":1,"7":1,"8":0,"9":1,"10":1,"11":1,"12":0,"13":1,"14":1,"15":1,"16":0,"17":1,"18":1,"19":1,"20":0},"b":{},"_coverageSchema":"43e27e138ebf9cfc5966b082cf9a028302ed4184","hash":"c0b53237f1f60e381055d3c163f99384a12d398f","contentHash":"451ce871a25fce76cc788aad50c6aab31b77d1ae2e9d6ba4825e3c5ed4e115e6"},"C:\\Users\\Tim\\Desktop\\api_teamwork\\api\\v1\\test\\user.spec.js":{"path":"C:\\Users\\Tim\\Desktop\\api_teamwork\\api\\v1\\test\\user.spec.js","statementMap":{"0":{"start":{"line":1,"column":13},"end":{"line":1,"column":28}},"1":{"start":{"line":2,"column":17},"end":{"line":2,"column":37}},"2":{"start":{"line":3,"column":0},"end":{"line":3,"column":27}},"3":{"start":{"line":4,"column":0},"end":{"line":4,"column":32}},"4":{"start":{"line":5,"column":11},"end":{"line":5,"column":24}},"5":{"start":{"line":7,"column":15},"end":{"line":7,"column":26}},"6":{"start":{"line":9,"column":0},"end":{"line":9,"column":19}},"7":{"start":{"line":10,"column":12},"end":{"line":10,"column":32}},"8":{"start":{"line":12,"column":0},"end":{"line":180,"column":3}},"9":{"start":{"line":13,"column":2},"end":{"line":36,"column":5}},"10":{"start":{"line":14,"column":4},"end":{"line":35,"column":7}},"11":{"start":{"line":15,"column":19},"end":{"line":25,"column":7}},"12":{"start":{"line":26,"column":6},"end":{"line":33,"column":11}},"13":{"start":{"line":32,"column":10},"end":{"line":32,"column":42}},"14":{"start":{"line":34,"column":6},"end":{"line":34,"column":13}},"15":{"start":{"line":38,"column":2},"end":{"line":57,"column":5}},"16":{"start":{"line":39,"column":4},"end":{"line":56,"column":7}},"17":{"start":{"line":40,"column":26},"end":{"line":43,"column":7}},"18":{"start":{"line":44,"column":6},"end":{"line":55,"column":11}},"19":{"start":{"line":49,"column":10},"end":{"line":49,"column":42}},"20":{"start":{"line":50,"column":10},"end":{"line":50,"column":17}},"21":{"start":{"line":53,"column":10},"end":{"line":53,"column":35}},"22":{"start":{"line":54,"column":10},"end":{"line":54,"column":17}},"23":{"start":{"line":59,"column":2},"end":{"line":75,"column":5}},"24":{"start":{"line":60,"column":4},"end":{"line":74,"column":7}},"25":{"start":{"line":61,"column":6},"end":{"line":73,"column":11}},"26":{"start":{"line":67,"column":10},"end":{"line":67,"column":42}},"27":{"start":{"line":68,"column":10},"end":{"line":68,"column":17}},"28":{"start":{"line":71,"column":10},"end":{"line":71,"column":35}},"29":{"start":{"line":72,"column":10},"end":{"line":72,"column":17}},"30":{"start":{"line":77,"column":2},"end":{"line":93,"column":5}},"31":{"start":{"line":78,"column":4},"end":{"line":92,"column":7}},"32":{"start":{"line":79,"column":6},"end":{"line":91,"column":11}},"33":{"start":{"line":85,"column":10},"end":{"line":85,"column":42}},"34":{"start":{"line":86,"column":10},"end":{"line":86,"column":17}},"35":{"start":{"line":89,"column":10},"end":{"line":89,"column":35}},"36":{"start":{"line":90,"column":10},"end":{"line":90,"column":17}},"37":{"start":{"line":95,"column":2},"end":{"line":111,"column":5}},"38":{"start":{"line":96,"column":4},"end":{"line":110,"column":7}},"39":{"start":{"line":97,"column":6},"end":{"line":109,"column":11}},"40":{"start":{"line":103,"column":10},"end":{"line":103,"column":42}},"41":{"start":{"line":104,"column":10},"end":{"line":104,"column":17}},"42":{"start":{"line":107,"column":10},"end":{"line":107,"column":35}},"43":{"start":{"line":108,"column":10},"end":{"line":108,"column":17}},"44":{"start":{"line":113,"column":2},"end":{"line":133,"column":5}},"45":{"start":{"line":114,"column":4},"end":{"line":132,"column":7}},"46":{"start":{"line":115,"column":26},"end":{"line":118,"column":7}},"47":{"start":{"line":119,"column":6},"end":{"line":131,"column":11}},"48":{"start":{"line":125,"column":10},"end":{"line":125,"column":42}},"49":{"start":{"line":126,"column":10},"end":{"line":126,"column":17}},"50":{"start":{"line":129,"column":10},"end":{"line":129,"column":35}},"51":{"start":{"line":130,"column":10},"end":{"line":130,"column":17}},"52":{"start":{"line":135,"column":2},"end":{"line":162,"column":5}},"53":{"start":{"line":136,"column":4},"end":{"line":161,"column":7}},"54":{"start":{"line":137,"column":26},"end":{"line":147,"column":7}},"55":{"start":{"line":148,"column":6},"end":{"line":160,"column":11}},"56":{"start":{"line":154,"column":10},"end":{"line":154,"column":42}},"57":{"start":{"line":155,"column":10},"end":{"line":155,"column":17}},"58":{"start":{"line":158,"column":10},"end":{"line":158,"column":35}},"59":{"start":{"line":159,"column":10},"end":{"line":159,"column":17}},"60":{"start":{"line":164,"column":2},"end":{"line":179,"column":5}},"61":{"start":{"line":165,"column":4},"end":{"line":178,"column":7}},"62":{"start":{"line":166,"column":6},"end":{"line":177,"column":11}},"63":{"start":{"line":171,"column":10},"end":{"line":171,"column":42}},"64":{"start":{"line":172,"column":10},"end":{"line":172,"column":17}},"65":{"start":{"line":175,"column":10},"end":{"line":175,"column":35}},"66":{"start":{"line":176,"column":10},"end":{"line":176,"column":17}}},"fnMap":{"0":{"name":"(anonymous_0)","decl":{"start":{"line":12,"column":28},"end":{"line":12,"column":29}},"loc":{"start":{"line":12,"column":34},"end":{"line":180,"column":1}},"line":12},"1":{"name":"(anonymous_1)","decl":{"start":{"line":13,"column":52},"end":{"line":13,"column":53}},"loc":{"start":{"line":13,"column":58},"end":{"line":36,"column":3}},"line":13},"2":{"name":"(anonymous_2)","decl":{"start":{"line":14,"column":72},"end":{"line":14,"column":73}},"loc":{"start":{"line":14,"column":82},"end":{"line":35,"column":5}},"line":14},"3":{"name":"(anonymous_3)","decl":{"start":{"line":31,"column":14},"end":{"line":31,"column":15}},"loc":{"start":{"line":31,"column":23},"end":{"line":33,"column":9}},"line":31},"4":{"name":"(anonymous_4)","decl":{"start":{"line":38,"column":47},"end":{"line":38,"column":48}},"loc":{"start":{"line":38,"column":53},"end":{"line":57,"column":3}},"line":38},"5":{"name":"(anonymous_5)","decl":{"start":{"line":39,"column":30},"end":{"line":39,"column":31}},"loc":{"start":{"line":39,"column":40},"end":{"line":56,"column":5}},"line":39},"6":{"name":"(anonymous_6)","decl":{"start":{"line":48,"column":14},"end":{"line":48,"column":15}},"loc":{"start":{"line":48,"column":23},"end":{"line":51,"column":9}},"line":48},"7":{"name":"(anonymous_7)","decl":{"start":{"line":52,"column":15},"end":{"line":52,"column":16}},"loc":{"start":{"line":52,"column":24},"end":{"line":55,"column":9}},"line":52},"8":{"name":"(anonymous_8)","decl":{"start":{"line":59,"column":45},"end":{"line":59,"column":46}},"loc":{"start":{"line":59,"column":51},"end":{"line":75,"column":3}},"line":59},"9":{"name":"(anonymous_9)","decl":{"start":{"line":60,"column":59},"end":{"line":60,"column":60}},"loc":{"start":{"line":60,"column":69},"end":{"line":74,"column":5}},"line":60},"10":{"name":"(anonymous_10)","decl":{"start":{"line":66,"column":14},"end":{"line":66,"column":15}},"loc":{"start":{"line":66,"column":23},"end":{"line":69,"column":9}},"line":66},"11":{"name":"(anonymous_11)","decl":{"start":{"line":70,"column":15},"end":{"line":70,"column":16}},"loc":{"start":{"line":70,"column":24},"end":{"line":73,"column":9}},"line":70},"12":{"name":"(anonymous_12)","decl":{"start":{"line":77,"column":52},"end":{"line":77,"column":53}},"loc":{"start":{"line":77,"column":58},"end":{"line":93,"column":3}},"line":77},"13":{"name":"(anonymous_13)","decl":{"start":{"line":78,"column":47},"end":{"line":78,"column":48}},"loc":{"start":{"line":78,"column":57},"end":{"line":92,"column":5}},"line":78},"14":{"name":"(anonymous_14)","decl":{"start":{"line":84,"column":14},"end":{"line":84,"column":15}},"loc":{"start":{"line":84,"column":23},"end":{"line":87,"column":9}},"line":84},"15":{"name":"(anonymous_15)","decl":{"start":{"line":88,"column":15},"end":{"line":88,"column":16}},"loc":{"start":{"line":88,"column":24},"end":{"line":91,"column":9}},"line":88},"16":{"name":"(anonymous_16)","decl":{"start":{"line":95,"column":54},"end":{"line":95,"column":55}},"loc":{"start":{"line":95,"column":60},"end":{"line":111,"column":3}},"line":95},"17":{"name":"(anonymous_17)","decl":{"start":{"line":96,"column":67},"end":{"line":96,"column":68}},"loc":{"start":{"line":96,"column":77},"end":{"line":110,"column":5}},"line":96},"18":{"name":"(anonymous_18)","decl":{"start":{"line":102,"column":14},"end":{"line":102,"column":15}},"loc":{"start":{"line":102,"column":23},"end":{"line":105,"column":9}},"line":102},"19":{"name":"(anonymous_19)","decl":{"start":{"line":106,"column":15},"end":{"line":106,"column":16}},"loc":{"start":{"line":106,"column":24},"end":{"line":109,"column":9}},"line":106},"20":{"name":"(anonymous_20)","decl":{"start":{"line":113,"column":57},"end":{"line":113,"column":58}},"loc":{"start":{"line":113,"column":63},"end":{"line":133,"column":3}},"line":113},"21":{"name":"(anonymous_21)","decl":{"start":{"line":114,"column":67},"end":{"line":114,"column":68}},"loc":{"start":{"line":114,"column":77},"end":{"line":132,"column":5}},"line":114},"22":{"name":"(anonymous_22)","decl":{"start":{"line":124,"column":14},"end":{"line":124,"column":15}},"loc":{"start":{"line":124,"column":23},"end":{"line":127,"column":9}},"line":124},"23":{"name":"(anonymous_23)","decl":{"start":{"line":128,"column":15},"end":{"line":128,"column":16}},"loc":{"start":{"line":128,"column":24},"end":{"line":131,"column":9}},"line":128},"24":{"name":"(anonymous_24)","decl":{"start":{"line":135,"column":55},"end":{"line":135,"column":56}},"loc":{"start":{"line":135,"column":61},"end":{"line":162,"column":3}},"line":135},"25":{"name":"(anonymous_25)","decl":{"start":{"line":136,"column":75},"end":{"line":136,"column":76}},"loc":{"start":{"line":136,"column":85},"end":{"line":161,"column":5}},"line":136},"26":{"name":"(anonymous_26)","decl":{"start":{"line":153,"column":14},"end":{"line":153,"column":15}},"loc":{"start":{"line":153,"column":23},"end":{"line":156,"column":9}},"line":153},"27":{"name":"(anonymous_27)","decl":{"start":{"line":157,"column":15},"end":{"line":157,"column":16}},"loc":{"start":{"line":157,"column":24},"end":{"line":160,"column":9}},"line":157},"28":{"name":"(anonymous_28)","decl":{"start":{"line":164,"column":56},"end":{"line":164,"column":57}},"loc":{"start":{"line":164,"column":62},"end":{"line":179,"column":3}},"line":164},"29":{"name":"(anonymous_29)","decl":{"start":{"line":165,"column":75},"end":{"line":165,"column":76}},"loc":{"start":{"line":165,"column":85},"end":{"line":178,"column":5}},"line":165},"30":{"name":"(anonymous_30)","decl":{"start":{"line":170,"column":14},"end":{"line":170,"column":15}},"loc":{"start":{"line":170,"column":23},"end":{"line":173,"column":9}},"line":170},"31":{"name":"(anonymous_31)","decl":{"start":{"line":174,"column":15},"end":{"line":174,"column":16}},"loc":{"start":{"line":174,"column":24},"end":{"line":177,"column":9}},"line":174}},"branchMap":{},"s":{"0":1,"1":1,"2":1,"3":1,"4":1,"5":1,"6":1,"7":1,"8":1,"9":1,"10":1,"11":1,"12":1,"13":1,"14":1,"15":1,"16":1,"17":1,"18":1,"19":1,"20":1,"21":0,"22":0,"23":1,"24":1,"25":1,"26":1,"27":1,"28":0,"29":0,"30":1,"31":1,"32":1,"33":1,"34":1,"35":0,"36":0,"37":1,"38":1,"39":1,"40":1,"41":1,"42":0,"43":0,"44":1,"45":1,"46":1,"47":1,"48":1,"49":1,"50":0,"51":0,"52":1,"53":1,"54":1,"55":1,"56":1,"57":1,"58":0,"59":0,"60":1,"61":1,"62":1,"63":1,"64":1,"65":0,"66":0},"f":{"0":1,"1":1,"2":1,"3":1,"4":1,"5":1,"6":1,"7":0,"8":1,"9":1,"10":1,"11":0,"12":1,"13":1,"14":1,"15":0,"16":1,"17":1,"18":1,"19":0,"20":1,"21":1,"22":1,"23":0,"24":1,"25":1,"26":1,"27":0,"28":1,"29":1,"30":1,"31":0},"b":{},"_coverageSchema":"43e27e138ebf9cfc5966b082cf9a028302ed4184","hash":"24cf0286f7eaef1b1da3ee93ce43df5e8c32b0e2","contentHash":"fb124507ac02c92e7e60e5836c1e29461175f6f623b24d114d2938d3e9309b3d"}}