{"C:\\Users\\Tim\\Desktop\\api_teamwork\\api\\v1\\test\\a_app.spec.js":{"path":"C:\\Users\\Tim\\Desktop\\api_teamwork\\api\\v1\\test\\a_app.spec.js","statementMap":{"0":{"start":{"line":1,"column":13},"end":{"line":1,"column":28}},"1":{"start":{"line":2,"column":17},"end":{"line":2,"column":37}},"2":{"start":{"line":4,"column":15},"end":{"line":4,"column":26}},"3":{"start":{"line":5,"column":15},"end":{"line":5,"column":28}},"4":{"start":{"line":7,"column":0},"end":{"line":7,"column":19}},"5":{"start":{"line":8,"column":12},"end":{"line":8,"column":35}},"6":{"start":{"line":10,"column":0},"end":{"line":80,"column":3}},"7":{"start":{"line":11,"column":2},"end":{"line":15,"column":5}},"8":{"start":{"line":12,"column":4},"end":{"line":12,"column":48}},"9":{"start":{"line":13,"column":4},"end":{"line":13,"column":75}},"10":{"start":{"line":14,"column":4},"end":{"line":14,"column":134}},"11":{"start":{"line":16,"column":2},"end":{"line":26,"column":5}},"12":{"start":{"line":17,"column":4},"end":{"line":25,"column":7}},"13":{"start":{"line":18,"column":6},"end":{"line":24,"column":11}},"14":{"start":{"line":21,"column":10},"end":{"line":21,"column":38}},"15":{"start":{"line":22,"column":10},"end":{"line":22,"column":41}},"16":{"start":{"line":23,"column":10},"end":{"line":23,"column":17}},"17":{"start":{"line":28,"column":2},"end":{"line":79,"column":5}},"18":{"start":{"line":29,"column":4},"end":{"line":38,"column":7}},"19":{"start":{"line":30,"column":6},"end":{"line":37,"column":11}},"20":{"start":{"line":32,"column":10},"end":{"line":32,"column":32}},"21":{"start":{"line":33,"column":10},"end":{"line":33,"column":28}},"22":{"start":{"line":34,"column":10},"end":{"line":34,"column":43}},"23":{"start":{"line":35,"column":10},"end":{"line":35,"column":119}},"24":{"start":{"line":36,"column":10},"end":{"line":36,"column":17}},"25":{"start":{"line":39,"column":4},"end":{"line":48,"column":7}},"26":{"start":{"line":40,"column":6},"end":{"line":47,"column":11}},"27":{"start":{"line":42,"column":10},"end":{"line":42,"column":32}},"28":{"start":{"line":43,"column":10},"end":{"line":43,"column":28}},"29":{"start":{"line":44,"column":10},"end":{"line":44,"column":43}},"30":{"start":{"line":45,"column":10},"end":{"line":45,"column":119}},"31":{"start":{"line":46,"column":10},"end":{"line":46,"column":17}},"32":{"start":{"line":49,"column":4},"end":{"line":58,"column":7}},"33":{"start":{"line":50,"column":6},"end":{"line":57,"column":11}},"34":{"start":{"line":52,"column":10},"end":{"line":52,"column":32}},"35":{"start":{"line":53,"column":10},"end":{"line":53,"column":28}},"36":{"start":{"line":54,"column":10},"end":{"line":54,"column":43}},"37":{"start":{"line":55,"column":10},"end":{"line":55,"column":119}},"38":{"start":{"line":56,"column":10},"end":{"line":56,"column":17}},"39":{"start":{"line":59,"column":4},"end":{"line":68,"column":7}},"40":{"start":{"line":60,"column":6},"end":{"line":67,"column":11}},"41":{"start":{"line":62,"column":10},"end":{"line":62,"column":32}},"42":{"start":{"line":63,"column":10},"end":{"line":63,"column":28}},"43":{"start":{"line":64,"column":10},"end":{"line":64,"column":43}},"44":{"start":{"line":65,"column":10},"end":{"line":65,"column":119}},"45":{"start":{"line":66,"column":10},"end":{"line":66,"column":17}},"46":{"start":{"line":69,"column":4},"end":{"line":78,"column":7}},"47":{"start":{"line":70,"column":6},"end":{"line":77,"column":11}},"48":{"start":{"line":72,"column":10},"end":{"line":72,"column":32}},"49":{"start":{"line":73,"column":10},"end":{"line":73,"column":28}},"50":{"start":{"line":74,"column":10},"end":{"line":74,"column":43}},"51":{"start":{"line":75,"column":10},"end":{"line":75,"column":119}},"52":{"start":{"line":76,"column":10},"end":{"line":76,"column":17}}},"fnMap":{"0":{"name":"(anonymous_0)","decl":{"start":{"line":10,"column":28},"end":{"line":10,"column":29}},"loc":{"start":{"line":10,"column":34},"end":{"line":80,"column":1}},"line":10},"1":{"name":"(anonymous_1)","decl":{"start":{"line":11,"column":9},"end":{"line":11,"column":10}},"loc":{"start":{"line":11,"column":15},"end":{"line":15,"column":3}},"line":11},"2":{"name":"(anonymous_2)","decl":{"start":{"line":16,"column":41},"end":{"line":16,"column":42}},"loc":{"start":{"line":16,"column":47},"end":{"line":26,"column":3}},"line":16},"3":{"name":"(anonymous_3)","decl":{"start":{"line":17,"column":38},"end":{"line":17,"column":39}},"loc":{"start":{"line":17,"column":48},"end":{"line":25,"column":5}},"line":17},"4":{"name":"(anonymous_4)","decl":{"start":{"line":20,"column":13},"end":{"line":20,"column":14}},"loc":{"start":{"line":20,"column":27},"end":{"line":24,"column":9}},"line":20},"5":{"name":"(anonymous_5)","decl":{"start":{"line":28,"column":26},"end":{"line":28,"column":27}},"loc":{"start":{"line":28,"column":32},"end":{"line":79,"column":3}},"line":28},"6":{"name":"(anonymous_6)","decl":{"start":{"line":29,"column":54},"end":{"line":29,"column":55}},"loc":{"start":{"line":29,"column":66},"end":{"line":38,"column":5}},"line":29},"7":{"name":"(anonymous_7)","decl":{"start":{"line":31,"column":18},"end":{"line":31,"column":19}},"loc":{"start":{"line":31,"column":38},"end":{"line":37,"column":9}},"line":31},"8":{"name":"(anonymous_8)","decl":{"start":{"line":39,"column":55},"end":{"line":39,"column":56}},"loc":{"start":{"line":39,"column":67},"end":{"line":48,"column":5}},"line":39},"9":{"name":"(anonymous_9)","decl":{"start":{"line":41,"column":19},"end":{"line":41,"column":20}},"loc":{"start":{"line":41,"column":39},"end":{"line":47,"column":9}},"line":41},"10":{"name":"(anonymous_10)","decl":{"start":{"line":49,"column":56},"end":{"line":49,"column":57}},"loc":{"start":{"line":49,"column":68},"end":{"line":58,"column":5}},"line":49},"11":{"name":"(anonymous_11)","decl":{"start":{"line":51,"column":20},"end":{"line":51,"column":21}},"loc":{"start":{"line":51,"column":40},"end":{"line":57,"column":9}},"line":51},"12":{"name":"(anonymous_12)","decl":{"start":{"line":59,"column":54},"end":{"line":59,"column":55}},"loc":{"start":{"line":59,"column":66},"end":{"line":68,"column":5}},"line":59},"13":{"name":"(anonymous_13)","decl":{"start":{"line":61,"column":18},"end":{"line":61,"column":19}},"loc":{"start":{"line":61,"column":38},"end":{"line":67,"column":9}},"line":61},"14":{"name":"(anonymous_14)","decl":{"start":{"line":69,"column":57},"end":{"line":69,"column":58}},"loc":{"start":{"line":69,"column":69},"end":{"line":78,"column":5}},"line":69},"15":{"name":"(anonymous_15)","decl":{"start":{"line":71,"column":21},"end":{"line":71,"column":22}},"loc":{"start":{"line":71,"column":41},"end":{"line":77,"column":9}},"line":71}},"branchMap":{},"s":{"0":1,"1":1,"2":1,"3":1,"4":1,"5":1,"6":1,"7":1,"8":1,"9":1,"10":1,"11":1,"12":1,"13":1,"14":1,"15":1,"16":1,"17":1,"18":1,"19":1,"20":0,"21":0,"22":0,"23":0,"24":0,"25":1,"26":1,"27":0,"28":0,"29":0,"30":0,"31":0,"32":1,"33":1,"34":0,"35":0,"36":0,"37":0,"38":0,"39":1,"40":1,"41":0,"42":0,"43":0,"44":0,"45":0,"46":1,"47":1,"48":0,"49":0,"50":0,"51":0,"52":0},"f":{"0":1,"1":1,"2":1,"3":1,"4":1,"5":1,"6":1,"7":0,"8":1,"9":0,"10":1,"11":0,"12":1,"13":0,"14":1,"15":0},"b":{},"_coverageSchema":"43e27e138ebf9cfc5966b082cf9a028302ed4184","hash":"5365c62f99c46de35c034ace2ace12587c48cfd2","contentHash":"ac333b6401a63be92ae6218a2e040434b0b410e3ee5a2a292aba8cc61dd20dc3"},"C:\\Users\\Tim\\Desktop\\api_teamwork\\api\\app.js":{"path":"C:\\Users\\Tim\\Desktop\\api_teamwork\\api\\app.js","statementMap":{"0":{"start":{"line":1,"column":16},"end":{"line":1,"column":34}},"1":{"start":{"line":2,"column":19},"end":{"line":2,"column":41}},"2":{"start":{"line":3,"column":13},"end":{"line":3,"column":28}},"3":{"start":{"line":4,"column":12},"end":{"line":4,"column":26}},"4":{"start":{"line":5,"column":15},"end":{"line":5,"column":32}},"5":{"start":{"line":6,"column":12},"end":{"line":6,"column":26}},"6":{"start":{"line":7,"column":19},"end":{"line":7,"column":48}},"7":{"start":{"line":9,"column":12},"end":{"line":9,"column":21}},"8":{"start":{"line":10,"column":0},"end":{"line":10,"column":51}},"9":{"start":{"line":11,"column":0},"end":{"line":11,"column":27}},"10":{"start":{"line":12,"column":0},"end":{"line":12,"column":16}},"11":{"start":{"line":13,"column":0},"end":{"line":13,"column":15}},"12":{"start":{"line":14,"column":0},"end":{"line":14,"column":18}},"13":{"start":{"line":15,"column":0},"end":{"line":20,"column":4}},"14":{"start":{"line":22,"column":19},"end":{"line":22,"column":52}},"15":{"start":{"line":23,"column":23},"end":{"line":23,"column":60}},"16":{"start":{"line":24,"column":22},"end":{"line":24,"column":58}},"17":{"start":{"line":25,"column":18},"end":{"line":25,"column":50}},"18":{"start":{"line":26,"column":18},"end":{"line":26,"column":50}},"19":{"start":{"line":27,"column":21},"end":{"line":27,"column":56}},"20":{"start":{"line":28,"column":18},"end":{"line":28,"column":50}},"21":{"start":{"line":30,"column":0},"end":{"line":35,"column":3}},"22":{"start":{"line":31,"column":2},"end":{"line":31,"column":76}},"23":{"start":{"line":32,"column":2},"end":{"line":32,"column":135}},"24":{"start":{"line":33,"column":2},"end":{"line":33,"column":49}},"25":{"start":{"line":34,"column":2},"end":{"line":34,"column":9}},"26":{"start":{"line":37,"column":0},"end":{"line":39,"column":3}},"27":{"start":{"line":38,"column":2},"end":{"line":38,"column":140}},"28":{"start":{"line":42,"column":0},"end":{"line":42,"column":36}},"29":{"start":{"line":43,"column":0},"end":{"line":43,"column":46}},"30":{"start":{"line":44,"column":0},"end":{"line":44,"column":43}},"31":{"start":{"line":45,"column":0},"end":{"line":45,"column":35}},"32":{"start":{"line":46,"column":0},"end":{"line":46,"column":35}},"33":{"start":{"line":47,"column":0},"end":{"line":47,"column":42}},"34":{"start":{"line":48,"column":0},"end":{"line":48,"column":36}},"35":{"start":{"line":51,"column":0},"end":{"line":60,"column":3}},"36":{"start":{"line":52,"column":18},"end":{"line":52,"column":42}},"37":{"start":{"line":53,"column":18},"end":{"line":53,"column":45}},"38":{"start":{"line":54,"column":2},"end":{"line":58,"column":3}},"39":{"start":{"line":55,"column":4},"end":{"line":55,"column":87}},"40":{"start":{"line":57,"column":4},"end":{"line":57,"column":11}},"41":{"start":{"line":59,"column":2},"end":{"line":59,"column":12}},"42":{"start":{"line":63,"column":0},"end":{"line":65,"column":3}},"43":{"start":{"line":64,"column":2},"end":{"line":64,"column":107}},"44":{"start":{"line":67,"column":0},"end":{"line":67,"column":21}}},"fnMap":{"0":{"name":"(anonymous_0)","decl":{"start":{"line":30,"column":13},"end":{"line":30,"column":14}},"loc":{"start":{"line":30,"column":33},"end":{"line":35,"column":1}},"line":30},"1":{"name":"(anonymous_1)","decl":{"start":{"line":37,"column":13},"end":{"line":37,"column":14}},"loc":{"start":{"line":37,"column":27},"end":{"line":39,"column":1}},"line":37},"2":{"name":"(anonymous_2)","decl":{"start":{"line":51,"column":16},"end":{"line":51,"column":17}},"loc":{"start":{"line":51,"column":36},"end":{"line":60,"column":1}},"line":51},"3":{"name":"(anonymous_3)","decl":{"start":{"line":63,"column":13},"end":{"line":63,"column":14}},"loc":{"start":{"line":63,"column":27},"end":{"line":65,"column":1}},"line":63}},"branchMap":{"0":{"loc":{"start":{"line":54,"column":2},"end":{"line":58,"column":3}},"type":"if","locations":[{"start":{"line":54,"column":2},"end":{"line":58,"column":3}},{"start":{"line":54,"column":2},"end":{"line":58,"column":3}}],"line":54}},"s":{"0":1,"1":1,"2":1,"3":1,"4":1,"5":1,"6":1,"7":1,"8":1,"9":1,"10":1,"11":1,"12":1,"13":1,"14":1,"15":1,"16":1,"17":1,"18":1,"19":1,"20":1,"21":1,"22":40,"23":40,"24":40,"25":40,"26":1,"27":1,"28":1,"29":1,"30":1,"31":1,"32":1,"33":1,"34":1,"35":1,"36":2,"37":2,"38":2,"39":0,"40":2,"41":2,"42":1,"43":2,"44":1},"f":{"0":40,"1":1,"2":2,"3":2},"b":{"0":[0,2]},"_coverageSchema":"43e27e138ebf9cfc5966b082cf9a028302ed4184","hash":"3bb1620e613917f44bad21df6c34adaf7426c6be","contentHash":"f96d44377f304946ce6292128dbe5def566a55d3b6c951c0f1764a1569a80eaf"},"C:\\Users\\Tim\\Desktop\\api_teamwork\\api\\v1\\routes\\userRoutes.js":{"path":"C:\\Users\\Tim\\Desktop\\api_teamwork\\api\\v1\\routes\\userRoutes.js","statementMap":{"0":{"start":{"line":1,"column":16},"end":{"line":1,"column":34}},"1":{"start":{"line":3,"column":15},"end":{"line":3,"column":31}},"2":{"start":{"line":4,"column":20},"end":{"line":4,"column":62}},"3":{"start":{"line":5,"column":13},"end":{"line":5,"column":52}},"4":{"start":{"line":6,"column":23},"end":{"line":6,"column":63}},"5":{"start":{"line":9,"column":4},"end":{"line":9,"column":49}},"6":{"start":{"line":11,"column":0},"end":{"line":11,"column":88}},"7":{"start":{"line":12,"column":0},"end":{"line":12,"column":79}},"8":{"start":{"line":14,"column":0},"end":{"line":14,"column":100}},"9":{"start":{"line":15,"column":0},"end":{"line":15,"column":111}},"10":{"start":{"line":16,"column":0},"end":{"line":16,"column":72}},"11":{"start":{"line":18,"column":0},"end":{"line":18,"column":52}},"12":{"start":{"line":19,"column":0},"end":{"line":19,"column":59}},"13":{"start":{"line":20,"column":0},"end":{"line":20,"column":64}},"14":{"start":{"line":21,"column":0},"end":{"line":21,"column":107}},"15":{"start":{"line":23,"column":0},"end":{"line":23,"column":24}}},"fnMap":{},"branchMap":{},"s":{"0":1,"1":1,"2":1,"3":1,"4":1,"5":1,"6":1,"7":1,"8":1,"9":1,"10":1,"11":1,"12":1,"13":1,"14":1,"15":1},"f":{},"b":{},"_coverageSchema":"43e27e138ebf9cfc5966b082cf9a028302ed4184","hash":"75c1545d3a9117c8fa0fa5a649832296f25e9192","contentHash":"2e1e16a4399ed061a1b9333a3c4afe72045f4dd555a9c0be208daf0466221be1"},"C:\\Users\\Tim\\Desktop\\api_teamwork\\api\\v1\\middleware\\accountMiddleware.js":{"path":"C:\\Users\\Tim\\Desktop\\api_teamwork\\api\\v1\\middleware\\accountMiddleware.js","statementMap":{"0":{"start":{"line":1,"column":16},"end":{"line":1,"column":43}},"1":{"start":{"line":3,"column":20},"end":{"line":3,"column":54}},"2":{"start":{"line":4,"column":13},"end":{"line":4,"column":38}},"3":{"start":{"line":6,"column":13},"end":{"line":6,"column":23}},"4":{"start":{"line":8,"column":0},"end":{"line":38,"column":2}},"5":{"start":{"line":9,"column":20},"end":{"line":9,"column":45}},"6":{"start":{"line":10,"column":2},"end":{"line":13,"column":3}},"7":{"start":{"line":11,"column":4},"end":{"line":11,"column":48}},"8":{"start":{"line":12,"column":4},"end":{"line":12,"column":26}},"9":{"start":{"line":14,"column":2},"end":{"line":37,"column":3}},"10":{"start":{"line":15,"column":18},"end":{"line":15,"column":57}},"11":{"start":{"line":16,"column":25},"end":{"line":16,"column":57}},"12":{"start":{"line":17,"column":19},"end":{"line":17,"column":38}},"13":{"start":{"line":18,"column":19},"end":{"line":18,"column":54}},"14":{"start":{"line":19,"column":4},"end":{"line":22,"column":5}},"15":{"start":{"line":20,"column":6},"end":{"line":20,"column":48}},"16":{"start":{"line":21,"column":6},"end":{"line":21,"column":28}},"17":{"start":{"line":23,"column":17},"end":{"line":23,"column":26}},"18":{"start":{"line":24,"column":4},"end":{"line":27,"column":5}},"19":{"start":{"line":25,"column":6},"end":{"line":25,"column":37}},"20":{"start":{"line":26,"column":6},"end":{"line":26,"column":28}},"21":{"start":{"line":28,"column":4},"end":{"line":31,"column":5}},"22":{"start":{"line":29,"column":6},"end":{"line":29,"column":74}},"23":{"start":{"line":30,"column":6},"end":{"line":30,"column":28}},"24":{"start":{"line":32,"column":4},"end":{"line":32,"column":11}},"25":{"start":{"line":33,"column":4},"end":{"line":33,"column":24}},"26":{"start":{"line":35,"column":4},"end":{"line":35,"column":38}},"27":{"start":{"line":36,"column":4},"end":{"line":36,"column":26}}},"fnMap":{"0":{"name":"(anonymous_0)","decl":{"start":{"line":8,"column":17},"end":{"line":8,"column":18}},"loc":{"start":{"line":8,"column":43},"end":{"line":38,"column":1}},"line":8}},"branchMap":{"0":{"loc":{"start":{"line":10,"column":2},"end":{"line":13,"column":3}},"type":"if","locations":[{"start":{"line":10,"column":2},"end":{"line":13,"column":3}},{"start":{"line":10,"column":2},"end":{"line":13,"column":3}}],"line":10},"1":{"loc":{"start":{"line":19,"column":4},"end":{"line":22,"column":5}},"type":"if","locations":[{"start":{"line":19,"column":4},"end":{"line":22,"column":5}},{"start":{"line":19,"column":4},"end":{"line":22,"column":5}}],"line":19},"2":{"loc":{"start":{"line":24,"column":4},"end":{"line":27,"column":5}},"type":"if","locations":[{"start":{"line":24,"column":4},"end":{"line":27,"column":5}},{"start":{"line":24,"column":4},"end":{"line":27,"column":5}}],"line":24},"3":{"loc":{"start":{"line":28,"column":4},"end":{"line":31,"column":5}},"type":"if","locations":[{"start":{"line":28,"column":4},"end":{"line":31,"column":5}},{"start":{"line":28,"column":4},"end":{"line":31,"column":5}}],"line":28}},"s":{"0":1,"1":1,"2":1,"3":1,"4":1,"5":10,"6":10,"7":1,"8":1,"9":9,"10":9,"11":9,"12":9,"13":9,"14":9,"15":0,"16":0,"17":9,"18":9,"19":0,"20":0,"21":9,"22":0,"23":0,"24":9,"25":9,"26":0,"27":0},"f":{"0":10},"b":{"0":[1,9],"1":[0,9],"2":[0,9],"3":[0,9]},"_coverageSchema":"43e27e138ebf9cfc5966b082cf9a028302ed4184","hash":"d5466ed5264c593e63e9d373ccfcbaeea2cec78d","contentHash":"03b2d254b9fe486cbd4c623b65db0db3d508e5783b64171cdb416003c2b1a751"},"C:\\Users\\Tim\\Desktop\\api_teamwork\\api\\v1\\helper\\Helper.js":{"path":"C:\\Users\\Tim\\Desktop\\api_teamwork\\api\\v1\\helper\\Helper.js","statementMap":{"0":{"start":{"line":1,"column":15},"end":{"line":1,"column":32}},"1":{"start":{"line":2,"column":12},"end":{"line":2,"column":35}},"2":{"start":{"line":3,"column":19},"end":{"line":3,"column":43}},"3":{"start":{"line":4,"column":0},"end":{"line":4,"column":27}},"4":{"start":{"line":6,"column":0},"end":{"line":10,"column":3}},"5":{"start":{"line":14,"column":16},"end":{"line":14,"column":70}},"6":{"start":{"line":15,"column":4},"end":{"line":15,"column":15}},"7":{"start":{"line":19,"column":16},"end":{"line":19,"column":60}},"8":{"start":{"line":20,"column":4},"end":{"line":20,"column":15}},"9":{"start":{"line":24,"column":16},"end":{"line":24,"column":90}},"10":{"start":{"line":25,"column":4},"end":{"line":25,"column":15}},"11":{"start":{"line":29,"column":16},"end":{"line":29,"column":65}},"12":{"start":{"line":30,"column":4},"end":{"line":30,"column":15}},"13":{"start":{"line":34,"column":19},"end":{"line":34,"column":57}},"14":{"start":{"line":35,"column":4},"end":{"line":35,"column":24}},"15":{"start":{"line":36,"column":4},"end":{"line":36,"column":18}},"16":{"start":{"line":40,"column":19},"end":{"line":40,"column":62}},"17":{"start":{"line":41,"column":4},"end":{"line":41,"column":24}},"18":{"start":{"line":42,"column":4},"end":{"line":42,"column":18}},"19":{"start":{"line":47,"column":21},"end":{"line":47,"column":34}},"20":{"start":{"line":48,"column":4},"end":{"line":61,"column":5}},"21":{"start":{"line":50,"column":8},"end":{"line":50,"column":25}},"22":{"start":{"line":51,"column":8},"end":{"line":51,"column":14}},"23":{"start":{"line":53,"column":8},"end":{"line":53,"column":25}},"24":{"start":{"line":54,"column":8},"end":{"line":54,"column":14}},"25":{"start":{"line":56,"column":8},"end":{"line":56,"column":25}},"26":{"start":{"line":57,"column":8},"end":{"line":57,"column":14}},"27":{"start":{"line":59,"column":8},"end":{"line":59,"column":22}},"28":{"start":{"line":60,"column":8},"end":{"line":60,"column":14}},"29":{"start":{"line":62,"column":4},"end":{"line":64,"column":5}},"30":{"start":{"line":63,"column":6},"end":{"line":63,"column":22}},"31":{"start":{"line":65,"column":4},"end":{"line":65,"column":34}},"32":{"start":{"line":66,"column":4},"end":{"line":71,"column":7}},"33":{"start":{"line":67,"column":6},"end":{"line":69,"column":7}},"34":{"start":{"line":68,"column":8},"end":{"line":68,"column":46}},"35":{"start":{"line":70,"column":6},"end":{"line":70,"column":18}},"36":{"start":{"line":72,"column":4},"end":{"line":72,"column":16}},"37":{"start":{"line":75,"column":0},"end":{"line":75,"column":25}}},"fnMap":{"0":{"name":"(anonymous_0)","decl":{"start":{"line":13,"column":2},"end":{"line":13,"column":3}},"loc":{"start":{"line":13,"column":38},"end":{"line":16,"column":3}},"line":13},"1":{"name":"(anonymous_1)","decl":{"start":{"line":18,"column":2},"end":{"line":18,"column":3}},"loc":{"start":{"line":18,"column":55},"end":{"line":21,"column":3}},"line":18},"2":{"name":"(anonymous_2)","decl":{"start":{"line":23,"column":2},"end":{"line":23,"column":3}},"loc":{"start":{"line":23,"column":37},"end":{"line":26,"column":3}},"line":23},"3":{"name":"(anonymous_3)","decl":{"start":{"line":28,"column":2},"end":{"line":28,"column":3}},"loc":{"start":{"line":28,"column":34},"end":{"line":31,"column":3}},"line":28},"4":{"name":"(anonymous_4)","decl":{"start":{"line":33,"column":2},"end":{"line":33,"column":3}},"loc":{"start":{"line":33,"column":38},"end":{"line":37,"column":3}},"line":33},"5":{"name":"(anonymous_5)","decl":{"start":{"line":39,"column":2},"end":{"line":39,"column":3}},"loc":{"start":{"line":39,"column":46},"end":{"line":43,"column":3}},"line":39},"6":{"name":"(anonymous_6)","decl":{"start":{"line":45,"column":2},"end":{"line":45,"column":3}},"loc":{"start":{"line":45,"column":33},"end":{"line":73,"column":3}},"line":45},"7":{"name":"(anonymous_7)","decl":{"start":{"line":66,"column":26},"end":{"line":66,"column":27}},"loc":{"start":{"line":66,"column":35},"end":{"line":71,"column":5}},"line":66}},"branchMap":{"0":{"loc":{"start":{"line":48,"column":4},"end":{"line":61,"column":5}},"type":"switch","locations":[{"start":{"line":49,"column":6},"end":{"line":51,"column":14}},{"start":{"line":52,"column":6},"end":{"line":54,"column":14}},{"start":{"line":55,"column":6},"end":{"line":57,"column":14}},{"start":{"line":58,"column":6},"end":{"line":60,"column":14}}],"line":48},"1":{"loc":{"start":{"line":62,"column":4},"end":{"line":64,"column":5}},"type":"if","locations":[{"start":{"line":62,"column":4},"end":{"line":64,"column":5}},{"start":{"line":62,"column":4},"end":{"line":64,"column":5}}],"line":62},"2":{"loc":{"start":{"line":67,"column":6},"end":{"line":69,"column":7}},"type":"if","locations":[{"start":{"line":67,"column":6},"end":{"line":69,"column":7}},{"start":{"line":67,"column":6},"end":{"line":69,"column":7}}],"line":67}},"s":{"0":1,"1":1,"2":1,"3":1,"4":1,"5":3,"6":3,"7":2,"8":2,"9":1,"10":1,"11":43,"12":43,"13":1,"14":0,"15":0,"16":0,"17":0,"18":0,"19":3,"20":3,"21":0,"22":0,"23":3,"24":3,"25":0,"26":0,"27":0,"28":0,"29":3,"30":0,"31":3,"32":3,"33":3,"34":0,"35":3,"36":3,"37":1},"f":{"0":3,"1":2,"2":1,"3":43,"4":1,"5":0,"6":3,"7":3},"b":{"0":[0,3,0,0],"1":[0,3],"2":[0,3]},"_coverageSchema":"43e27e138ebf9cfc5966b082cf9a028302ed4184","hash":"7cb85dece7676674a97f9fe1028a6e53d8388b9d","contentHash":"184d0fb09328c4f0735a102ace5a1f9a46a248b8842a03cb9abf42b43b2da9d4"},"C:\\Users\\Tim\\Desktop\\api_teamwork\\api\\v1\\services\\UserService.js":{"path":"C:\\Users\\Tim\\Desktop\\api_teamwork\\api\\v1\\services\\UserService.js","statementMap":{"0":{"start":{"line":1,"column":14},"end":{"line":1,"column":46}},"1":{"start":{"line":2,"column":23},"end":{"line":2,"column":60}},"2":{"start":{"line":3,"column":19},"end":{"line":3,"column":52}},"3":{"start":{"line":4,"column":23},"end":{"line":4,"column":60}},"4":{"start":{"line":5,"column":20},"end":{"line":5,"column":54}},"5":{"start":{"line":9,"column":25},"end":{"line":9,"column":203}},"6":{"start":{"line":10,"column":19},"end":{"line":10,"column":221}},"7":{"start":{"line":11,"column":4},"end":{"line":16,"column":5}},"8":{"start":{"line":12,"column":21},"end":{"line":12,"column":66}},"9":{"start":{"line":13,"column":6},"end":{"line":13,"column":20}},"10":{"start":{"line":15,"column":6},"end":{"line":15,"column":19}},"11":{"start":{"line":20,"column":25},"end":{"line":20,"column":176}},"12":{"start":{"line":21,"column":19},"end":{"line":21,"column":28}},"13":{"start":{"line":22,"column":4},"end":{"line":27,"column":5}},"14":{"start":{"line":23,"column":21},"end":{"line":23,"column":66}},"15":{"start":{"line":24,"column":6},"end":{"line":24,"column":20}},"16":{"start":{"line":26,"column":6},"end":{"line":26,"column":19}},"17":{"start":{"line":31,"column":25},"end":{"line":31,"column":184}},"18":{"start":{"line":32,"column":19},"end":{"line":32,"column":30}},"19":{"start":{"line":33,"column":4},"end":{"line":38,"column":5}},"20":{"start":{"line":34,"column":21},"end":{"line":34,"column":60}},"21":{"start":{"line":35,"column":6},"end":{"line":35,"column":20}},"22":{"start":{"line":37,"column":6},"end":{"line":37,"column":19}},"23":{"start":{"line":42,"column":23},"end":{"line":42,"column":143}},"24":{"start":{"line":43,"column":4},"end":{"line":48,"column":5}},"25":{"start":{"line":44,"column":21},"end":{"line":44,"column":50}},"26":{"start":{"line":45,"column":6},"end":{"line":45,"column":20}},"27":{"start":{"line":47,"column":6},"end":{"line":47,"column":19}},"28":{"start":{"line":52,"column":20},"end":{"line":52,"column":56}},"29":{"start":{"line":53,"column":4},"end":{"line":55,"column":5}},"30":{"start":{"line":54,"column":6},"end":{"line":54,"column":22}},"31":{"start":{"line":56,"column":22},"end":{"line":56,"column":80}},"32":{"start":{"line":57,"column":19},"end":{"line":57,"column":37}},"33":{"start":{"line":58,"column":19},"end":{"line":58,"column":67}},"34":{"start":{"line":59,"column":4},"end":{"line":61,"column":5}},"35":{"start":{"line":60,"column":6},"end":{"line":60,"column":21}},"36":{"start":{"line":62,"column":4},"end":{"line":62,"column":19}},"37":{"start":{"line":66,"column":20},"end":{"line":66,"column":60}},"38":{"start":{"line":67,"column":4},"end":{"line":69,"column":5}},"39":{"start":{"line":68,"column":6},"end":{"line":68,"column":19}},"40":{"start":{"line":70,"column":22},"end":{"line":70,"column":208}},"41":{"start":{"line":71,"column":19},"end":{"line":71,"column":187}},"42":{"start":{"line":72,"column":19},"end":{"line":72,"column":67}},"43":{"start":{"line":73,"column":4},"end":{"line":75,"column":5}},"44":{"start":{"line":74,"column":6},"end":{"line":74,"column":21}},"45":{"start":{"line":76,"column":4},"end":{"line":76,"column":19}},"46":{"start":{"line":80,"column":20},"end":{"line":80,"column":53}},"47":{"start":{"line":81,"column":4},"end":{"line":83,"column":5}},"48":{"start":{"line":82,"column":6},"end":{"line":82,"column":19}},"49":{"start":{"line":84,"column":4},"end":{"line":84,"column":49}},"50":{"start":{"line":85,"column":4},"end":{"line":85,"column":41}},"51":{"start":{"line":86,"column":4},"end":{"line":86,"column":50}},"52":{"start":{"line":87,"column":4},"end":{"line":87,"column":44}},"53":{"start":{"line":88,"column":19},"end":{"line":88,"column":99}},"54":{"start":{"line":89,"column":4},"end":{"line":91,"column":5}},"55":{"start":{"line":90,"column":6},"end":{"line":90,"column":29}},"56":{"start":{"line":92,"column":4},"end":{"line":92,"column":19}},"57":{"start":{"line":96,"column":0},"end":{"line":96,"column":29}}},"fnMap":{"0":{"name":"(anonymous_0)","decl":{"start":{"line":8,"column":2},"end":{"line":8,"column":3}},"loc":{"start":{"line":8,"column":35},"end":{"line":17,"column":3}},"line":8},"1":{"name":"(anonymous_1)","decl":{"start":{"line":19,"column":2},"end":{"line":19,"column":3}},"loc":{"start":{"line":19,"column":34},"end":{"line":28,"column":3}},"line":19},"2":{"name":"(anonymous_2)","decl":{"start":{"line":30,"column":2},"end":{"line":30,"column":3}},"loc":{"start":{"line":30,"column":34},"end":{"line":39,"column":3}},"line":30},"3":{"name":"(anonymous_3)","decl":{"start":{"line":41,"column":2},"end":{"line":41,"column":3}},"loc":{"start":{"line":41,"column":26},"end":{"line":49,"column":3}},"line":41},"4":{"name":"(anonymous_4)","decl":{"start":{"line":51,"column":2},"end":{"line":51,"column":3}},"loc":{"start":{"line":51,"column":32},"end":{"line":63,"column":3}},"line":51},"5":{"name":"(anonymous_5)","decl":{"start":{"line":65,"column":2},"end":{"line":65,"column":3}},"loc":{"start":{"line":65,"column":30},"end":{"line":77,"column":3}},"line":65},"6":{"name":"(anonymous_6)","decl":{"start":{"line":79,"column":2},"end":{"line":79,"column":3}},"loc":{"start":{"line":79,"column":32},"end":{"line":93,"column":3}},"line":79}},"branchMap":{"0":{"loc":{"start":{"line":53,"column":4},"end":{"line":55,"column":5}},"type":"if","locations":[{"start":{"line":53,"column":4},"end":{"line":55,"column":5}},{"start":{"line":53,"column":4},"end":{"line":55,"column":5}}],"line":53},"1":{"loc":{"start":{"line":59,"column":4},"end":{"line":61,"column":5}},"type":"if","locations":[{"start":{"line":59,"column":4},"end":{"line":61,"column":5}},{"start":{"line":59,"column":4},"end":{"line":61,"column":5}}],"line":59},"2":{"loc":{"start":{"line":67,"column":4},"end":{"line":69,"column":5}},"type":"if","locations":[{"start":{"line":67,"column":4},"end":{"line":69,"column":5}},{"start":{"line":67,"column":4},"end":{"line":69,"column":5}}],"line":67},"3":{"loc":{"start":{"line":73,"column":4},"end":{"line":75,"column":5}},"type":"if","locations":[{"start":{"line":73,"column":4},"end":{"line":75,"column":5}},{"start":{"line":73,"column":4},"end":{"line":75,"column":5}}],"line":73},"4":{"loc":{"start":{"line":81,"column":4},"end":{"line":83,"column":5}},"type":"if","locations":[{"start":{"line":81,"column":4},"end":{"line":83,"column":5}},{"start":{"line":81,"column":4},"end":{"line":83,"column":5}}],"line":81},"5":{"loc":{"start":{"line":89,"column":4},"end":{"line":91,"column":5}},"type":"if","locations":[{"start":{"line":89,"column":4},"end":{"line":91,"column":5}},{"start":{"line":89,"column":4},"end":{"line":91,"column":5}}],"line":89}},"s":{"0":1,"1":1,"2":1,"3":1,"4":1,"5":2,"6":2,"7":2,"8":2,"9":2,"10":0,"11":37,"12":37,"13":37,"14":37,"15":37,"16":0,"17":5,"18":5,"19":5,"20":5,"21":5,"22":0,"23":1,"24":1,"25":1,"26":1,"27":0,"28":2,"29":2,"30":0,"31":2,"32":2,"33":2,"34":2,"35":2,"36":0,"37":2,"38":2,"39":1,"40":1,"41":1,"42":1,"43":1,"44":1,"45":0,"46":2,"47":2,"48":0,"49":0,"50":0,"51":0,"52":0,"53":0,"54":0,"55":0,"56":0,"57":1},"f":{"0":2,"1":37,"2":5,"3":1,"4":2,"5":2,"6":2},"b":{"0":[0,2],"1":[2,0],"2":[1,1],"3":[1,0],"4":[0,0],"5":[0,0]},"_coverageSchema":"43e27e138ebf9cfc5966b082cf9a028302ed4184","hash":"3fe76a19ad1f993be4992ddc83687b9b87aacb6d","contentHash":"b60d8a7a470faa15382573d2b66861f558b381588b0ba5a52e55ed53273bfc51"},"C:\\Users\\Tim\\Desktop\\api_teamwork\\api\\v1\\config\\queryConfig.js":{"path":"C:\\Users\\Tim\\Desktop\\api_teamwork\\api\\v1\\config\\queryConfig.js","statementMap":{"0":{"start":{"line":1,"column":13},"end":{"line":1,"column":42}},"1":{"start":{"line":3,"column":0},"end":{"line":10,"column":2}},"2":{"start":{"line":4,"column":2},"end":{"line":9,"column":3}},"3":{"start":{"line":5,"column":21},"end":{"line":5,"column":52}},"4":{"start":{"line":6,"column":4},"end":{"line":6,"column":16}},"5":{"start":{"line":8,"column":4},"end":{"line":8,"column":36}},"6":{"start":{"line":12,"column":0},"end":{"line":19,"column":2}},"7":{"start":{"line":13,"column":2},"end":{"line":18,"column":3}},"8":{"start":{"line":14,"column":4},"end":{"line":14,"column":36}},"9":{"start":{"line":15,"column":4},"end":{"line":15,"column":24}},"10":{"start":{"line":17,"column":4},"end":{"line":17,"column":36}}},"fnMap":{"0":{"name":"(anonymous_0)","decl":{"start":{"line":3,"column":22},"end":{"line":3,"column":23}},"loc":{"start":{"line":3,"column":54},"end":{"line":10,"column":1}},"line":3},"1":{"name":"(anonymous_1)","decl":{"start":{"line":12,"column":28},"end":{"line":12,"column":29}},"loc":{"start":{"line":12,"column":60},"end":{"line":19,"column":1}},"line":12}},"branchMap":{"0":{"loc":{"start":{"line":3,"column":36},"end":{"line":3,"column":49}},"type":"default-arg","locations":[{"start":{"line":3,"column":45},"end":{"line":3,"column":49}}],"line":3},"1":{"loc":{"start":{"line":12,"column":42},"end":{"line":12,"column":55}},"type":"default-arg","locations":[{"start":{"line":12,"column":51},"end":{"line":12,"column":55}}],"line":12}},"s":{"0":1,"1":1,"2":72,"3":72,"4":70,"5":2,"6":1,"7":7,"8":7,"9":7,"10":0},"f":{"0":72,"1":7},"b":{"0":[2],"1":[0]},"_coverageSchema":"43e27e138ebf9cfc5966b082cf9a028302ed4184","hash":"40a4c5d84466de602419b1eb14dcf90500e324fb","contentHash":"0a1c44d05682fc77846991481ab68d29e185cfc07c07f6395a765ba9a6ceaf1a"},"C:\\Users\\Tim\\Desktop\\api_teamwork\\api\\v1\\config\\dbConfig.js":{"path":"C:\\Users\\Tim\\Desktop\\api_teamwork\\api\\v1\\config\\dbConfig.js","statementMap":{"0":{"start":{"line":1,"column":0},"end":{"line":1,"column":27}},"1":{"start":{"line":2,"column":17},"end":{"line":2,"column":30}},"2":{"start":{"line":5,"column":25},"end":{"line":5,"column":162}},"3":{"start":{"line":6,"column":29},"end":{"line":6,"column":153}},"4":{"start":{"line":8,"column":0},"end":{"line":21,"column":1}},"5":{"start":{"line":9,"column":2},"end":{"line":12,"column":5}},"6":{"start":{"line":13,"column":7},"end":{"line":21,"column":1}},"7":{"start":{"line":14,"column":2},"end":{"line":16,"column":5}},"8":{"start":{"line":18,"column":2},"end":{"line":20,"column":5}},"9":{"start":{"line":23,"column":0},"end":{"line":31,"column":1}},"10":{"start":{"line":24,"column":2},"end":{"line":24,"column":50}},"11":{"start":{"line":25,"column":2},"end":{"line":25,"column":18}},"12":{"start":{"line":27,"column":2},"end":{"line":29,"column":5}},"13":{"start":{"line":28,"column":4},"end":{"line":28,"column":51}},"14":{"start":{"line":30,"column":2},"end":{"line":30,"column":64}},"15":{"start":{"line":33,"column":0},"end":{"line":33,"column":22}}},"fnMap":{"0":{"name":"(anonymous_0)","decl":{"start":{"line":27,"column":21},"end":{"line":27,"column":22}},"loc":{"start":{"line":27,"column":27},"end":{"line":29,"column":3}},"line":27}},"branchMap":{"0":{"loc":{"start":{"line":8,"column":0},"end":{"line":21,"column":1}},"type":"if","locations":[{"start":{"line":8,"column":0},"end":{"line":21,"column":1}},{"start":{"line":8,"column":0},"end":{"line":21,"column":1}}],"line":8},"1":{"loc":{"start":{"line":13,"column":7},"end":{"line":21,"column":1}},"type":"if","locations":[{"start":{"line":13,"column":7},"end":{"line":21,"column":1}},{"start":{"line":13,"column":7},"end":{"line":21,"column":1}}],"line":13},"2":{"loc":{"start":{"line":23,"column":0},"end":{"line":31,"column":1}},"type":"if","locations":[{"start":{"line":23,"column":0},"end":{"line":31,"column":1}},{"start":{"line":23,"column":0},"end":{"line":31,"column":1}}],"line":23}},"s":{"0":1,"1":1,"2":1,"3":1,"4":1,"5":0,"6":1,"7":1,"8":0,"9":1,"10":0,"11":0,"12":1,"13":4,"14":1,"15":1},"f":{"0":4},"b":{"0":[0,1],"1":[1,0],"2":[0,1]},"_coverageSchema":"43e27e138ebf9cfc5966b082cf9a028302ed4184","hash":"6a37ecfc5b42f9a38efb791e632c8f30bba73915","contentHash":"760aa436114e6b1b86ac19091c61be49fd04a48a0583175c452378de73d10afd"},"C:\\Users\\Tim\\Desktop\\api_teamwork\\api\\v1\\services\\ArticleService.js":{"path":"C:\\Users\\Tim\\Desktop\\api_teamwork\\api\\v1\\services\\ArticleService.js","statementMap":{"0":{"start":{"line":1,"column":14},"end":{"line":1,"column":46}},"1":{"start":{"line":2,"column":23},"end":{"line":2,"column":60}},"2":{"start":{"line":3,"column":20},"end":{"line":3,"column":54}},"3":{"start":{"line":7,"column":28},"end":{"line":7,"column":130}},"4":{"start":{"line":8,"column":19},"end":{"line":8,"column":119}},"5":{"start":{"line":9,"column":4},"end":{"line":14,"column":5}},"6":{"start":{"line":10,"column":23},"end":{"line":10,"column":71}},"7":{"start":{"line":11,"column":6},"end":{"line":11,"column":22}},"8":{"start":{"line":13,"column":6},"end":{"line":13,"column":19}},"9":{"start":{"line":18,"column":28},"end":{"line":18,"column":150}},"10":{"start":{"line":19,"column":19},"end":{"line":19,"column":149}},"11":{"start":{"line":20,"column":4},"end":{"line":25,"column":5}},"12":{"start":{"line":21,"column":23},"end":{"line":21,"column":71}},"13":{"start":{"line":22,"column":6},"end":{"line":22,"column":22}},"14":{"start":{"line":24,"column":6},"end":{"line":24,"column":19}},"15":{"start":{"line":29,"column":24},"end":{"line":34,"column":38}},"16":{"start":{"line":35,"column":19},"end":{"line":35,"column":31}},"17":{"start":{"line":36,"column":4},"end":{"line":41,"column":5}},"18":{"start":{"line":37,"column":23},"end":{"line":37,"column":67}},"19":{"start":{"line":38,"column":6},"end":{"line":38,"column":22}},"20":{"start":{"line":40,"column":6},"end":{"line":40,"column":19}},"21":{"start":{"line":45,"column":28},"end":{"line":50,"column":37}},"22":{"start":{"line":51,"column":19},"end":{"line":51,"column":30}},"23":{"start":{"line":52,"column":23},"end":{"line":52,"column":71}},"24":{"start":{"line":53,"column":4},"end":{"line":55,"column":5}},"25":{"start":{"line":54,"column":6},"end":{"line":54,"column":25}},"26":{"start":{"line":56,"column":4},"end":{"line":62,"column":5}},"27":{"start":{"line":57,"column":6},"end":{"line":57,"column":61}},"28":{"start":{"line":58,"column":6},"end":{"line":58,"column":55}},"29":{"start":{"line":59,"column":6},"end":{"line":59,"column":24}},"30":{"start":{"line":61,"column":6},"end":{"line":61,"column":19}},"31":{"start":{"line":66,"column":17},"end":{"line":66,"column":113}},"32":{"start":{"line":67,"column":4},"end":{"line":69,"column":5}},"33":{"start":{"line":68,"column":6},"end":{"line":68,"column":19}},"34":{"start":{"line":70,"column":19},"end":{"line":70,"column":26}},"35":{"start":{"line":71,"column":4},"end":{"line":79,"column":5}},"36":{"start":{"line":72,"column":30},"end":{"line":72,"column":153}},"37":{"start":{"line":73,"column":21},"end":{"line":73,"column":129}},"38":{"start":{"line":74,"column":32},"end":{"line":74,"column":86}},"39":{"start":{"line":75,"column":6},"end":{"line":77,"column":7}},"40":{"start":{"line":76,"column":8},"end":{"line":76,"column":20}},"41":{"start":{"line":78,"column":6},"end":{"line":78,"column":32}},"42":{"start":{"line":80,"column":4},"end":{"line":80,"column":30}},"43":{"start":{"line":84,"column":17},"end":{"line":84,"column":113}},"44":{"start":{"line":85,"column":4},"end":{"line":87,"column":5}},"45":{"start":{"line":86,"column":6},"end":{"line":86,"column":19}},"46":{"start":{"line":88,"column":19},"end":{"line":88,"column":26}},"47":{"start":{"line":89,"column":4},"end":{"line":97,"column":5}},"48":{"start":{"line":90,"column":30},"end":{"line":90,"column":130}},"49":{"start":{"line":91,"column":21},"end":{"line":91,"column":104}},"50":{"start":{"line":92,"column":32},"end":{"line":92,"column":86}},"51":{"start":{"line":93,"column":6},"end":{"line":95,"column":7}},"52":{"start":{"line":94,"column":8},"end":{"line":94,"column":20}},"53":{"start":{"line":96,"column":6},"end":{"line":96,"column":32}},"54":{"start":{"line":98,"column":4},"end":{"line":98,"column":30}},"55":{"start":{"line":102,"column":17},"end":{"line":102,"column":114}},"56":{"start":{"line":103,"column":4},"end":{"line":105,"column":5}},"57":{"start":{"line":104,"column":6},"end":{"line":104,"column":19}},"58":{"start":{"line":106,"column":19},"end":{"line":106,"column":26}},"59":{"start":{"line":107,"column":4},"end":{"line":119,"column":5}},"60":{"start":{"line":108,"column":28},"end":{"line":108,"column":81}},"61":{"start":{"line":109,"column":6},"end":{"line":109,"column":62}},"62":{"start":{"line":110,"column":6},"end":{"line":110,"column":56}},"63":{"start":{"line":112,"column":30},"end":{"line":112,"column":77}},"64":{"start":{"line":113,"column":21},"end":{"line":113,"column":52}},"65":{"start":{"line":114,"column":34},"end":{"line":114,"column":88}},"66":{"start":{"line":115,"column":6},"end":{"line":117,"column":7}},"67":{"start":{"line":116,"column":8},"end":{"line":116,"column":20}},"68":{"start":{"line":118,"column":6},"end":{"line":118,"column":34}},"69":{"start":{"line":120,"column":4},"end":{"line":120,"column":30}},"70":{"start":{"line":125,"column":17},"end":{"line":125,"column":96}},"71":{"start":{"line":126,"column":4},"end":{"line":128,"column":5}},"72":{"start":{"line":127,"column":6},"end":{"line":127,"column":19}},"73":{"start":{"line":129,"column":26},"end":{"line":129,"column":72}},"74":{"start":{"line":130,"column":4},"end":{"line":130,"column":60}},"75":{"start":{"line":131,"column":4},"end":{"line":131,"column":54}},"76":{"start":{"line":133,"column":28},"end":{"line":133,"column":72}},"77":{"start":{"line":134,"column":19},"end":{"line":134,"column":27}},"78":{"start":{"line":135,"column":32},"end":{"line":135,"column":86}},"79":{"start":{"line":136,"column":4},"end":{"line":138,"column":5}},"80":{"start":{"line":137,"column":6},"end":{"line":137,"column":18}},"81":{"start":{"line":139,"column":4},"end":{"line":139,"column":32}},"82":{"start":{"line":143,"column":17},"end":{"line":143,"column":115}},"83":{"start":{"line":144,"column":4},"end":{"line":146,"column":5}},"84":{"start":{"line":145,"column":6},"end":{"line":145,"column":40}},"85":{"start":{"line":147,"column":19},"end":{"line":147,"column":67}},"86":{"start":{"line":148,"column":4},"end":{"line":148,"column":18}},"87":{"start":{"line":152,"column":17},"end":{"line":152,"column":109}},"88":{"start":{"line":153,"column":4},"end":{"line":155,"column":5}},"89":{"start":{"line":154,"column":6},"end":{"line":154,"column":40}},"90":{"start":{"line":156,"column":19},"end":{"line":156,"column":58}},"91":{"start":{"line":157,"column":4},"end":{"line":157,"column":26}},"92":{"start":{"line":161,"column":0},"end":{"line":161,"column":32}}},"fnMap":{"0":{"name":"(anonymous_0)","decl":{"start":{"line":6,"column":2},"end":{"line":6,"column":3}},"loc":{"start":{"line":6,"column":41},"end":{"line":15,"column":3}},"line":6},"1":{"name":"(anonymous_1)","decl":{"start":{"line":17,"column":2},"end":{"line":17,"column":3}},"loc":{"start":{"line":17,"column":50},"end":{"line":26,"column":3}},"line":17},"2":{"name":"(anonymous_2)","decl":{"start":{"line":28,"column":2},"end":{"line":28,"column":3}},"loc":{"start":{"line":28,"column":47},"end":{"line":42,"column":3}},"line":28},"3":{"name":"(anonymous_3)","decl":{"start":{"line":44,"column":2},"end":{"line":44,"column":3}},"loc":{"start":{"line":44,"column":37},"end":{"line":63,"column":3}},"line":44},"4":{"name":"(anonymous_4)","decl":{"start":{"line":65,"column":2},"end":{"line":65,"column":3}},"loc":{"start":{"line":65,"column":48},"end":{"line":81,"column":3}},"line":65},"5":{"name":"(anonymous_5)","decl":{"start":{"line":83,"column":2},"end":{"line":83,"column":3}},"loc":{"start":{"line":83,"column":39},"end":{"line":99,"column":3}},"line":83},"6":{"name":"(anonymous_6)","decl":{"start":{"line":101,"column":2},"end":{"line":101,"column":3}},"loc":{"start":{"line":101,"column":45},"end":{"line":121,"column":3}},"line":101},"7":{"name":"(anonymous_7)","decl":{"start":{"line":124,"column":2},"end":{"line":124,"column":3}},"loc":{"start":{"line":124,"column":41},"end":{"line":140,"column":3}},"line":124},"8":{"name":"(anonymous_8)","decl":{"start":{"line":142,"column":2},"end":{"line":142,"column":3}},"loc":{"start":{"line":142,"column":44},"end":{"line":149,"column":3}},"line":142},"9":{"name":"(anonymous_9)","decl":{"start":{"line":151,"column":2},"end":{"line":151,"column":3}},"loc":{"start":{"line":151,"column":38},"end":{"line":158,"column":3}},"line":151}},"branchMap":{"0":{"loc":{"start":{"line":53,"column":4},"end":{"line":55,"column":5}},"type":"if","locations":[{"start":{"line":53,"column":4},"end":{"line":55,"column":5}},{"start":{"line":53,"column":4},"end":{"line":55,"column":5}}],"line":53},"1":{"loc":{"start":{"line":67,"column":4},"end":{"line":69,"column":5}},"type":"if","locations":[{"start":{"line":67,"column":4},"end":{"line":69,"column":5}},{"start":{"line":67,"column":4},"end":{"line":69,"column":5}}],"line":67},"2":{"loc":{"start":{"line":67,"column":8},"end":{"line":67,"column":32}},"type":"binary-expr","locations":[{"start":{"line":67,"column":8},"end":{"line":67,"column":13}},{"start":{"line":67,"column":17},"end":{"line":67,"column":32}}],"line":67},"3":{"loc":{"start":{"line":71,"column":4},"end":{"line":79,"column":5}},"type":"if","locations":[{"start":{"line":71,"column":4},"end":{"line":79,"column":5}},{"start":{"line":71,"column":4},"end":{"line":79,"column":5}}],"line":71},"4":{"loc":{"start":{"line":75,"column":6},"end":{"line":77,"column":7}},"type":"if","locations":[{"start":{"line":75,"column":6},"end":{"line":77,"column":7}},{"start":{"line":75,"column":6},"end":{"line":77,"column":7}}],"line":75},"5":{"loc":{"start":{"line":85,"column":4},"end":{"line":87,"column":5}},"type":"if","locations":[{"start":{"line":85,"column":4},"end":{"line":87,"column":5}},{"start":{"line":85,"column":4},"end":{"line":87,"column":5}}],"line":85},"6":{"loc":{"start":{"line":85,"column":8},"end":{"line":85,"column":32}},"type":"binary-expr","locations":[{"start":{"line":85,"column":8},"end":{"line":85,"column":13}},{"start":{"line":85,"column":17},"end":{"line":85,"column":32}}],"line":85},"7":{"loc":{"start":{"line":89,"column":4},"end":{"line":97,"column":5}},"type":"if","locations":[{"start":{"line":89,"column":4},"end":{"line":97,"column":5}},{"start":{"line":89,"column":4},"end":{"line":97,"column":5}}],"line":89},"8":{"loc":{"start":{"line":93,"column":6},"end":{"line":95,"column":7}},"type":"if","locations":[{"start":{"line":93,"column":6},"end":{"line":95,"column":7}},{"start":{"line":93,"column":6},"end":{"line":95,"column":7}}],"line":93},"9":{"loc":{"start":{"line":103,"column":4},"end":{"line":105,"column":5}},"type":"if","locations":[{"start":{"line":103,"column":4},"end":{"line":105,"column":5}},{"start":{"line":103,"column":4},"end":{"line":105,"column":5}}],"line":103},"10":{"loc":{"start":{"line":103,"column":8},"end":{"line":103,"column":32}},"type":"binary-expr","locations":[{"start":{"line":103,"column":8},"end":{"line":103,"column":13}},{"start":{"line":103,"column":17},"end":{"line":103,"column":32}}],"line":103},"11":{"loc":{"start":{"line":107,"column":4},"end":{"line":119,"column":5}},"type":"if","locations":[{"start":{"line":107,"column":4},"end":{"line":119,"column":5}},{"start":{"line":107,"column":4},"end":{"line":119,"column":5}}],"line":107},"12":{"loc":{"start":{"line":115,"column":6},"end":{"line":117,"column":7}},"type":"if","locations":[{"start":{"line":115,"column":6},"end":{"line":117,"column":7}},{"start":{"line":115,"column":6},"end":{"line":117,"column":7}}],"line":115},"13":{"loc":{"start":{"line":126,"column":4},"end":{"line":128,"column":5}},"type":"if","locations":[{"start":{"line":126,"column":4},"end":{"line":128,"column":5}},{"start":{"line":126,"column":4},"end":{"line":128,"column":5}}],"line":126},"14":{"loc":{"start":{"line":126,"column":8},"end":{"line":126,"column":32}},"type":"binary-expr","locations":[{"start":{"line":126,"column":8},"end":{"line":126,"column":13}},{"start":{"line":126,"column":17},"end":{"line":126,"column":32}}],"line":126},"15":{"loc":{"start":{"line":136,"column":4},"end":{"line":138,"column":5}},"type":"if","locations":[{"start":{"line":136,"column":4},"end":{"line":138,"column":5}},{"start":{"line":136,"column":4},"end":{"line":138,"column":5}}],"line":136},"16":{"loc":{"start":{"line":144,"column":4},"end":{"line":146,"column":5}},"type":"if","locations":[{"start":{"line":144,"column":4},"end":{"line":146,"column":5}},{"start":{"line":144,"column":4},"end":{"line":146,"column":5}}],"line":144},"17":{"loc":{"start":{"line":153,"column":4},"end":{"line":155,"column":5}},"type":"if","locations":[{"start":{"line":153,"column":4},"end":{"line":155,"column":5}},{"start":{"line":153,"column":4},"end":{"line":155,"column":5}}],"line":153}},"s":{"0":1,"1":1,"2":1,"3":1,"4":1,"5":1,"6":1,"7":1,"8":0,"9":1,"10":1,"11":1,"12":1,"13":1,"14":0,"15":0,"16":0,"17":0,"18":0,"19":0,"20":0,"21":1,"22":1,"23":1,"24":1,"25":0,"26":1,"27":1,"28":0,"29":0,"30":1,"31":1,"32":1,"33":1,"34":0,"35":0,"36":0,"37":0,"38":0,"39":0,"40":0,"41":0,"42":0,"43":1,"44":1,"45":0,"46":1,"47":1,"48":1,"49":1,"50":1,"51":1,"52":1,"53":0,"54":0,"55":1,"56":1,"57":0,"58":1,"59":1,"60":1,"61":1,"62":1,"63":1,"64":1,"65":1,"66":1,"67":1,"68":0,"69":0,"70":0,"71":0,"72":0,"73":0,"74":0,"75":0,"76":0,"77":0,"78":0,"79":0,"80":0,"81":0,"82":1,"83":1,"84":0,"85":1,"86":1,"87":1,"88":1,"89":0,"90":1,"91":1,"92":1},"f":{"0":1,"1":1,"2":0,"3":1,"4":1,"5":1,"6":1,"7":0,"8":1,"9":1},"b":{"0":[0,1],"1":[1,0],"2":[1,1],"3":[0,0],"4":[0,0],"5":[0,1],"6":[1,1],"7":[1,0],"8":[1,0],"9":[0,1],"10":[1,1],"11":[1,0],"12":[1,0],"13":[0,0],"14":[0,0],"15":[0,0],"16":[0,1],"17":[0,1]},"_coverageSchema":"43e27e138ebf9cfc5966b082cf9a028302ed4184","hash":"b56d074ac1cdac6d652b2c3066575d019b7ac095","contentHash":"0f950320179abad5abf60e72cb403a840cd57a5ef1edfa85220137ae8a3823fd"},"C:\\Users\\Tim\\Desktop\\api_teamwork\\api\\v1\\services\\CommentService.js":{"path":"C:\\Users\\Tim\\Desktop\\api_teamwork\\api\\v1\\services\\CommentService.js","statementMap":{"0":{"start":{"line":2,"column":14},"end":{"line":2,"column":46}},"1":{"start":{"line":3,"column":20},"end":{"line":3,"column":54}},"2":{"start":{"line":8,"column":28},"end":{"line":8,"column":125}},"3":{"start":{"line":9,"column":19},"end":{"line":9,"column":122}},"4":{"start":{"line":10,"column":4},"end":{"line":15,"column":5}},"5":{"start":{"line":11,"column":25},"end":{"line":11,"column":73}},"6":{"start":{"line":12,"column":6},"end":{"line":12,"column":24}},"7":{"start":{"line":14,"column":6},"end":{"line":14,"column":19}},"8":{"start":{"line":19,"column":17},"end":{"line":19,"column":109}},"9":{"start":{"line":20,"column":4},"end":{"line":22,"column":5}},"10":{"start":{"line":21,"column":6},"end":{"line":21,"column":40}},"11":{"start":{"line":23,"column":19},"end":{"line":23,"column":58}},"12":{"start":{"line":24,"column":4},"end":{"line":24,"column":26}},"13":{"start":{"line":29,"column":17},"end":{"line":29,"column":156}},"14":{"start":{"line":30,"column":4},"end":{"line":32,"column":5}},"15":{"start":{"line":31,"column":6},"end":{"line":31,"column":19}},"16":{"start":{"line":33,"column":19},"end":{"line":33,"column":197}},"17":{"start":{"line":34,"column":4},"end":{"line":34,"column":26}},"18":{"start":{"line":39,"column":17},"end":{"line":39,"column":156}},"19":{"start":{"line":40,"column":4},"end":{"line":42,"column":5}},"20":{"start":{"line":41,"column":6},"end":{"line":41,"column":19}},"21":{"start":{"line":43,"column":19},"end":{"line":43,"column":162}},"22":{"start":{"line":44,"column":4},"end":{"line":44,"column":26}},"23":{"start":{"line":49,"column":17},"end":{"line":49,"column":146}},"24":{"start":{"line":50,"column":4},"end":{"line":52,"column":5}},"25":{"start":{"line":51,"column":6},"end":{"line":51,"column":19}},"26":{"start":{"line":53,"column":19},"end":{"line":53,"column":152}},"27":{"start":{"line":54,"column":4},"end":{"line":54,"column":26}},"28":{"start":{"line":59,"column":17},"end":{"line":59,"column":96}},"29":{"start":{"line":60,"column":4},"end":{"line":62,"column":5}},"30":{"start":{"line":61,"column":6},"end":{"line":61,"column":19}},"31":{"start":{"line":63,"column":19},"end":{"line":63,"column":102}},"32":{"start":{"line":64,"column":4},"end":{"line":64,"column":26}},"33":{"start":{"line":68,"column":25},"end":{"line":73,"column":40}},"34":{"start":{"line":74,"column":19},"end":{"line":74,"column":63}},"35":{"start":{"line":75,"column":19},"end":{"line":75,"column":64}},"36":{"start":{"line":76,"column":17},"end":{"line":76,"column":65}},"37":{"start":{"line":77,"column":4},"end":{"line":77,"column":32}},"38":{"start":{"line":82,"column":0},"end":{"line":82,"column":32}}},"fnMap":{"0":{"name":"(anonymous_0)","decl":{"start":{"line":7,"column":2},"end":{"line":7,"column":3}},"loc":{"start":{"line":7,"column":43},"end":{"line":16,"column":3}},"line":7},"1":{"name":"(anonymous_1)","decl":{"start":{"line":18,"column":2},"end":{"line":18,"column":3}},"loc":{"start":{"line":18,"column":38},"end":{"line":25,"column":3}},"line":18},"2":{"name":"(anonymous_2)","decl":{"start":{"line":28,"column":2},"end":{"line":28,"column":3}},"loc":{"start":{"line":28,"column":43},"end":{"line":35,"column":3}},"line":28},"3":{"name":"(anonymous_3)","decl":{"start":{"line":38,"column":2},"end":{"line":38,"column":3}},"loc":{"start":{"line":38,"column":45},"end":{"line":45,"column":3}},"line":38},"4":{"name":"(anonymous_4)","decl":{"start":{"line":48,"column":2},"end":{"line":48,"column":3}},"loc":{"start":{"line":48,"column":51},"end":{"line":55,"column":3}},"line":48},"5":{"name":"(anonymous_5)","decl":{"start":{"line":58,"column":2},"end":{"line":58,"column":3}},"loc":{"start":{"line":58,"column":42},"end":{"line":65,"column":3}},"line":58},"6":{"name":"(anonymous_6)","decl":{"start":{"line":67,"column":2},"end":{"line":67,"column":3}},"loc":{"start":{"line":67,"column":43},"end":{"line":79,"column":3}},"line":67}},"branchMap":{"0":{"loc":{"start":{"line":20,"column":4},"end":{"line":22,"column":5}},"type":"if","locations":[{"start":{"line":20,"column":4},"end":{"line":22,"column":5}},{"start":{"line":20,"column":4},"end":{"line":22,"column":5}}],"line":20},"1":{"loc":{"start":{"line":30,"column":4},"end":{"line":32,"column":5}},"type":"if","locations":[{"start":{"line":30,"column":4},"end":{"line":32,"column":5}},{"start":{"line":30,"column":4},"end":{"line":32,"column":5}}],"line":30},"2":{"loc":{"start":{"line":40,"column":4},"end":{"line":42,"column":5}},"type":"if","locations":[{"start":{"line":40,"column":4},"end":{"line":42,"column":5}},{"start":{"line":40,"column":4},"end":{"line":42,"column":5}}],"line":40},"3":{"loc":{"start":{"line":50,"column":4},"end":{"line":52,"column":5}},"type":"if","locations":[{"start":{"line":50,"column":4},"end":{"line":52,"column":5}},{"start":{"line":50,"column":4},"end":{"line":52,"column":5}}],"line":50},"4":{"loc":{"start":{"line":60,"column":4},"end":{"line":62,"column":5}},"type":"if","locations":[{"start":{"line":60,"column":4},"end":{"line":62,"column":5}},{"start":{"line":60,"column":4},"end":{"line":62,"column":5}}],"line":60}},"s":{"0":1,"1":1,"2":2,"3":2,"4":2,"5":2,"6":2,"7":0,"8":1,"9":1,"10":0,"11":1,"12":1,"13":0,"14":0,"15":0,"16":0,"17":0,"18":0,"19":0,"20":0,"21":0,"22":0,"23":1,"24":1,"25":0,"26":1,"27":1,"28":0,"29":0,"30":0,"31":0,"32":0,"33":1,"34":1,"35":1,"36":1,"37":1,"38":1},"f":{"0":2,"1":1,"2":0,"3":0,"4":1,"5":0,"6":1},"b":{"0":[0,1],"1":[0,0],"2":[0,0],"3":[0,1],"4":[0,0]},"_coverageSchema":"43e27e138ebf9cfc5966b082cf9a028302ed4184","hash":"5cb18aedaff1f5b54b9e024b31ab27e0ed45b098","contentHash":"9d9eb52fdd82317edc85a6d051b49aa4dc8e4a8dd8074ea777495d4cf81b6241"},"C:\\Users\\Tim\\Desktop\\api_teamwork\\api\\v1\\services\\FlagService.js":{"path":"C:\\Users\\Tim\\Desktop\\api_teamwork\\api\\v1\\services\\FlagService.js","statementMap":{"0":{"start":{"line":1,"column":14},"end":{"line":1,"column":46}},"1":{"start":{"line":6,"column":22},"end":{"line":6,"column":199}},"2":{"start":{"line":7,"column":4},"end":{"line":10,"column":5}},"3":{"start":{"line":8,"column":6},"end":{"line":8,"column":159}},"4":{"start":{"line":9,"column":6},"end":{"line":9,"column":56}},"5":{"start":{"line":11,"column":25},"end":{"line":11,"column":104}},"6":{"start":{"line":12,"column":19},"end":{"line":12,"column":86}},"7":{"start":{"line":13,"column":4},"end":{"line":18,"column":5}},"8":{"start":{"line":14,"column":6},"end":{"line":14,"column":52}},"9":{"start":{"line":15,"column":6},"end":{"line":15,"column":54}},"10":{"start":{"line":17,"column":6},"end":{"line":17,"column":19}},"11":{"start":{"line":23,"column":22},"end":{"line":27,"column":54}},"12":{"start":{"line":28,"column":19},"end":{"line":28,"column":53}},"13":{"start":{"line":29,"column":19},"end":{"line":29,"column":61}},"14":{"start":{"line":30,"column":4},"end":{"line":32,"column":5}},"15":{"start":{"line":31,"column":6},"end":{"line":31,"column":21}},"16":{"start":{"line":33,"column":4},"end":{"line":33,"column":18}},"17":{"start":{"line":38,"column":22},"end":{"line":42,"column":54}},"18":{"start":{"line":43,"column":19},"end":{"line":43,"column":53}},"19":{"start":{"line":44,"column":19},"end":{"line":44,"column":61}},"20":{"start":{"line":45,"column":4},"end":{"line":47,"column":5}},"21":{"start":{"line":46,"column":6},"end":{"line":46,"column":21}},"22":{"start":{"line":48,"column":4},"end":{"line":48,"column":18}},"23":{"start":{"line":53,"column":17},"end":{"line":53,"column":182}},"24":{"start":{"line":54,"column":4},"end":{"line":56,"column":5}},"25":{"start":{"line":55,"column":6},"end":{"line":55,"column":19}},"26":{"start":{"line":57,"column":4},"end":{"line":57,"column":122}},"27":{"start":{"line":58,"column":4},"end":{"line":58,"column":16}},"28":{"start":{"line":63,"column":17},"end":{"line":63,"column":137}},"29":{"start":{"line":64,"column":4},"end":{"line":66,"column":5}},"30":{"start":{"line":65,"column":6},"end":{"line":65,"column":19}},"31":{"start":{"line":67,"column":4},"end":{"line":67,"column":77}},"32":{"start":{"line":68,"column":4},"end":{"line":68,"column":16}},"33":{"start":{"line":72,"column":0},"end":{"line":72,"column":29}}},"fnMap":{"0":{"name":"(anonymous_0)","decl":{"start":{"line":5,"column":2},"end":{"line":5,"column":3}},"loc":{"start":{"line":5,"column":37},"end":{"line":19,"column":3}},"line":5},"1":{"name":"(anonymous_1)","decl":{"start":{"line":22,"column":2},"end":{"line":22,"column":3}},"loc":{"start":{"line":22,"column":41},"end":{"line":34,"column":3}},"line":22},"2":{"name":"(anonymous_2)","decl":{"start":{"line":37,"column":2},"end":{"line":37,"column":3}},"loc":{"start":{"line":37,"column":42},"end":{"line":49,"column":3}},"line":37},"3":{"name":"(anonymous_3)","decl":{"start":{"line":52,"column":2},"end":{"line":52,"column":3}},"loc":{"start":{"line":52,"column":46},"end":{"line":59,"column":3}},"line":52},"4":{"name":"(anonymous_4)","decl":{"start":{"line":62,"column":2},"end":{"line":62,"column":3}},"loc":{"start":{"line":62,"column":39},"end":{"line":69,"column":3}},"line":62}},"branchMap":{"0":{"loc":{"start":{"line":7,"column":4},"end":{"line":10,"column":5}},"type":"if","locations":[{"start":{"line":7,"column":4},"end":{"line":10,"column":5}},{"start":{"line":7,"column":4},"end":{"line":10,"column":5}}],"line":7},"1":{"loc":{"start":{"line":30,"column":4},"end":{"line":32,"column":5}},"type":"if","locations":[{"start":{"line":30,"column":4},"end":{"line":32,"column":5}},{"start":{"line":30,"column":4},"end":{"line":32,"column":5}}],"line":30},"2":{"loc":{"start":{"line":30,"column":8},"end":{"line":30,"column":36}},"type":"binary-expr","locations":[{"start":{"line":30,"column":8},"end":{"line":30,"column":25}},{"start":{"line":30,"column":29},"end":{"line":30,"column":36}}],"line":30},"3":{"loc":{"start":{"line":45,"column":4},"end":{"line":47,"column":5}},"type":"if","locations":[{"start":{"line":45,"column":4},"end":{"line":47,"column":5}},{"start":{"line":45,"column":4},"end":{"line":47,"column":5}}],"line":45},"4":{"loc":{"start":{"line":45,"column":8},"end":{"line":45,"column":36}},"type":"binary-expr","locations":[{"start":{"line":45,"column":8},"end":{"line":45,"column":25}},{"start":{"line":45,"column":29},"end":{"line":45,"column":36}}],"line":45},"5":{"loc":{"start":{"line":54,"column":4},"end":{"line":56,"column":5}},"type":"if","locations":[{"start":{"line":54,"column":4},"end":{"line":56,"column":5}},{"start":{"line":54,"column":4},"end":{"line":56,"column":5}}],"line":54},"6":{"loc":{"start":{"line":54,"column":8},"end":{"line":54,"column":32}},"type":"binary-expr","locations":[{"start":{"line":54,"column":8},"end":{"line":54,"column":23}},{"start":{"line":54,"column":27},"end":{"line":54,"column":32}}],"line":54},"7":{"loc":{"start":{"line":64,"column":4},"end":{"line":66,"column":5}},"type":"if","locations":[{"start":{"line":64,"column":4},"end":{"line":66,"column":5}},{"start":{"line":64,"column":4},"end":{"line":66,"column":5}}],"line":64},"8":{"loc":{"start":{"line":64,"column":8},"end":{"line":64,"column":32}},"type":"binary-expr","locations":[{"start":{"line":64,"column":8},"end":{"line":64,"column":23}},{"start":{"line":64,"column":27},"end":{"line":64,"column":32}}],"line":64}},"s":{"0":1,"1":3,"2":3,"3":0,"4":0,"5":3,"6":3,"7":3,"8":3,"9":3,"10":0,"11":1,"12":1,"13":1,"14":1,"15":1,"16":0,"17":1,"18":1,"19":0,"20":0,"21":0,"22":0,"23":1,"24":1,"25":0,"26":1,"27":1,"28":0,"29":0,"30":0,"31":0,"32":0,"33":1},"f":{"0":3,"1":1,"2":1,"3":1,"4":0},"b":{"0":[0,3],"1":[1,0],"2":[1,0],"3":[0,0],"4":[0,0],"5":[0,1],"6":[1,1],"7":[0,0],"8":[0,0]},"_coverageSchema":"43e27e138ebf9cfc5966b082cf9a028302ed4184","hash":"76d018030feba4b4dced01fdd10a06f6a11db258","contentHash":"7cd76defef0193b0d90d8cb14d67cd8c0913a3afcca8cdf73b6168c2ea80a3d8"},"C:\\Users\\Tim\\Desktop\\api_teamwork\\api\\v1\\services\\GifService.js":{"path":"C:\\Users\\Tim\\Desktop\\api_teamwork\\api\\v1\\services\\GifService.js","statementMap":{"0":{"start":{"line":2,"column":14},"end":{"line":2,"column":46}},"1":{"start":{"line":3,"column":23},"end":{"line":3,"column":60}},"2":{"start":{"line":4,"column":20},"end":{"line":4,"column":54}},"3":{"start":{"line":8,"column":24},"end":{"line":8,"column":122}},"4":{"start":{"line":9,"column":19},"end":{"line":9,"column":103}},"5":{"start":{"line":10,"column":17},"end":{"line":10,"column":61}},"6":{"start":{"line":11,"column":4},"end":{"line":11,"column":16}},"7":{"start":{"line":15,"column":24},"end":{"line":19,"column":33}},"8":{"start":{"line":20,"column":19},"end":{"line":20,"column":26}},"9":{"start":{"line":21,"column":25},"end":{"line":21,"column":55}},"10":{"start":{"line":22,"column":20},"end":{"line":22,"column":66}},"11":{"start":{"line":23,"column":17},"end":{"line":23,"column":63}},"12":{"start":{"line":24,"column":16},"end":{"line":24,"column":60}},"13":{"start":{"line":25,"column":4},"end":{"line":25,"column":35}},"14":{"start":{"line":29,"column":4},"end":{"line":45,"column":5}},"15":{"start":{"line":30,"column":20},"end":{"line":30,"column":22}},"16":{"start":{"line":31,"column":19},"end":{"line":31,"column":105}},"17":{"start":{"line":32,"column":6},"end":{"line":34,"column":7}},"18":{"start":{"line":33,"column":8},"end":{"line":33,"column":21}},"19":{"start":{"line":35,"column":6},"end":{"line":35,"column":24}},"20":{"start":{"line":36,"column":28},"end":{"line":36,"column":70}},"21":{"start":{"line":37,"column":6},"end":{"line":37,"column":62}},"22":{"start":{"line":38,"column":6},"end":{"line":38,"column":56}},"23":{"start":{"line":39,"column":26},"end":{"line":39,"column":65}},"24":{"start":{"line":40,"column":21},"end":{"line":40,"column":45}},"25":{"start":{"line":41,"column":6},"end":{"line":41,"column":57}},"26":{"start":{"line":42,"column":6},"end":{"line":42,"column":21}},"27":{"start":{"line":44,"column":6},"end":{"line":44,"column":18}},"28":{"start":{"line":50,"column":4},"end":{"line":66,"column":5}},"29":{"start":{"line":51,"column":20},"end":{"line":51,"column":22}},"30":{"start":{"line":52,"column":19},"end":{"line":52,"column":95}},"31":{"start":{"line":53,"column":6},"end":{"line":55,"column":7}},"32":{"start":{"line":54,"column":8},"end":{"line":54,"column":21}},"33":{"start":{"line":56,"column":6},"end":{"line":56,"column":24}},"34":{"start":{"line":57,"column":28},"end":{"line":57,"column":66}},"35":{"start":{"line":58,"column":6},"end":{"line":58,"column":62}},"36":{"start":{"line":59,"column":6},"end":{"line":59,"column":56}},"37":{"start":{"line":60,"column":26},"end":{"line":60,"column":64}},"38":{"start":{"line":61,"column":21},"end":{"line":61,"column":29}},"39":{"start":{"line":62,"column":6},"end":{"line":62,"column":57}},"40":{"start":{"line":63,"column":6},"end":{"line":63,"column":21}},"41":{"start":{"line":65,"column":6},"end":{"line":65,"column":18}},"42":{"start":{"line":70,"column":17},"end":{"line":70,"column":103}},"43":{"start":{"line":71,"column":4},"end":{"line":73,"column":5}},"44":{"start":{"line":72,"column":6},"end":{"line":72,"column":36}},"45":{"start":{"line":74,"column":19},"end":{"line":74,"column":61}},"46":{"start":{"line":75,"column":4},"end":{"line":75,"column":18}},"47":{"start":{"line":79,"column":17},"end":{"line":79,"column":101}},"48":{"start":{"line":80,"column":4},"end":{"line":82,"column":5}},"49":{"start":{"line":81,"column":6},"end":{"line":81,"column":40}},"50":{"start":{"line":83,"column":19},"end":{"line":83,"column":58}},"51":{"start":{"line":84,"column":4},"end":{"line":84,"column":26}},"52":{"start":{"line":88,"column":0},"end":{"line":88,"column":28}}},"fnMap":{"0":{"name":"(anonymous_0)","decl":{"start":{"line":7,"column":2},"end":{"line":7,"column":3}},"loc":{"start":{"line":7,"column":33},"end":{"line":12,"column":3}},"line":7},"1":{"name":"(anonymous_1)","decl":{"start":{"line":14,"column":2},"end":{"line":14,"column":3}},"loc":{"start":{"line":14,"column":29},"end":{"line":26,"column":3}},"line":14},"2":{"name":"(anonymous_2)","decl":{"start":{"line":28,"column":2},"end":{"line":28,"column":3}},"loc":{"start":{"line":28,"column":38},"end":{"line":46,"column":3}},"line":28},"3":{"name":"(anonymous_3)","decl":{"start":{"line":49,"column":2},"end":{"line":49,"column":3}},"loc":{"start":{"line":49,"column":37},"end":{"line":67,"column":3}},"line":49},"4":{"name":"(anonymous_4)","decl":{"start":{"line":69,"column":2},"end":{"line":69,"column":3}},"loc":{"start":{"line":69,"column":40},"end":{"line":76,"column":3}},"line":69},"5":{"name":"(anonymous_5)","decl":{"start":{"line":78,"column":2},"end":{"line":78,"column":3}},"loc":{"start":{"line":78,"column":34},"end":{"line":85,"column":3}},"line":78}},"branchMap":{"0":{"loc":{"start":{"line":32,"column":6},"end":{"line":34,"column":7}},"type":"if","locations":[{"start":{"line":32,"column":6},"end":{"line":34,"column":7}},{"start":{"line":32,"column":6},"end":{"line":34,"column":7}}],"line":32},"1":{"loc":{"start":{"line":32,"column":10},"end":{"line":32,"column":34}},"type":"binary-expr","locations":[{"start":{"line":32,"column":10},"end":{"line":32,"column":15}},{"start":{"line":32,"column":19},"end":{"line":32,"column":34}}],"line":32},"2":{"loc":{"start":{"line":53,"column":6},"end":{"line":55,"column":7}},"type":"if","locations":[{"start":{"line":53,"column":6},"end":{"line":55,"column":7}},{"start":{"line":53,"column":6},"end":{"line":55,"column":7}}],"line":53},"3":{"loc":{"start":{"line":53,"column":10},"end":{"line":53,"column":34}},"type":"binary-expr","locations":[{"start":{"line":53,"column":10},"end":{"line":53,"column":15}},{"start":{"line":53,"column":19},"end":{"line":53,"column":34}}],"line":53},"4":{"loc":{"start":{"line":71,"column":4},"end":{"line":73,"column":5}},"type":"if","locations":[{"start":{"line":71,"column":4},"end":{"line":73,"column":5}},{"start":{"line":71,"column":4},"end":{"line":73,"column":5}}],"line":71},"5":{"loc":{"start":{"line":80,"column":4},"end":{"line":82,"column":5}},"type":"if","locations":[{"start":{"line":80,"column":4},"end":{"line":82,"column":5}},{"start":{"line":80,"column":4},"end":{"line":82,"column":5}}],"line":80}},"s":{"0":1,"1":1,"2":1,"3":0,"4":0,"5":0,"6":0,"7":0,"8":0,"9":0,"10":0,"11":0,"12":0,"13":0,"14":1,"15":1,"16":1,"17":0,"18":0,"19":0,"20":0,"21":0,"22":0,"23":0,"24":0,"25":0,"26":0,"27":1,"28":0,"29":0,"30":0,"31":0,"32":0,"33":0,"34":0,"35":0,"36":0,"37":0,"38":0,"39":0,"40":0,"41":0,"42":1,"43":1,"44":0,"45":1,"46":1,"47":1,"48":1,"49":0,"50":1,"51":1,"52":1},"f":{"0":0,"1":0,"2":1,"3":0,"4":1,"5":1},"b":{"0":[0,0],"1":[0,0],"2":[0,0],"3":[0,0],"4":[0,1],"5":[0,1]},"_coverageSchema":"43e27e138ebf9cfc5966b082cf9a028302ed4184","hash":"7b95ef87822d9cfba7eab3bfa93fc9700a61a136","contentHash":"18e01c71b9ca87f8e2c252ce572075fca2b09ed2cf393978d1f06c83efb34a23"},"C:\\Users\\Tim\\Desktop\\api_teamwork\\api\\v1\\utils\\Utils.js":{"path":"C:\\Users\\Tim\\Desktop\\api_teamwork\\api\\v1\\utils\\Utils.js","statementMap":{"0":{"start":{"line":3,"column":4},"end":{"line":3,"column":27}},"1":{"start":{"line":4,"column":4},"end":{"line":4,"column":21}},"2":{"start":{"line":5,"column":4},"end":{"line":5,"column":21}},"3":{"start":{"line":6,"column":4},"end":{"line":6,"column":24}},"4":{"start":{"line":10,"column":4},"end":{"line":10,"column":33}},"5":{"start":{"line":11,"column":4},"end":{"line":11,"column":21}},"6":{"start":{"line":12,"column":4},"end":{"line":12,"column":26}},"7":{"start":{"line":16,"column":4},"end":{"line":16,"column":33}},"8":{"start":{"line":17,"column":4},"end":{"line":17,"column":27}},"9":{"start":{"line":18,"column":4},"end":{"line":18,"column":24}},"10":{"start":{"line":22,"column":19},"end":{"line":25,"column":5}},"11":{"start":{"line":27,"column":4},"end":{"line":29,"column":5}},"12":{"start":{"line":28,"column":6},"end":{"line":28,"column":54}},"13":{"start":{"line":30,"column":4},"end":{"line":33,"column":7}},"14":{"start":{"line":37,"column":0},"end":{"line":37,"column":22}}},"fnMap":{"0":{"name":"(anonymous_0)","decl":{"start":{"line":2,"column":2},"end":{"line":2,"column":3}},"loc":{"start":{"line":2,"column":16},"end":{"line":7,"column":3}},"line":2},"1":{"name":"(anonymous_1)","decl":{"start":{"line":9,"column":2},"end":{"line":9,"column":3}},"loc":{"start":{"line":9,"column":31},"end":{"line":13,"column":3}},"line":9},"2":{"name":"(anonymous_2)","decl":{"start":{"line":15,"column":2},"end":{"line":15,"column":3}},"loc":{"start":{"line":15,"column":32},"end":{"line":19,"column":3}},"line":15},"3":{"name":"(anonymous_3)","decl":{"start":{"line":21,"column":2},"end":{"line":21,"column":3}},"loc":{"start":{"line":21,"column":12},"end":{"line":34,"column":3}},"line":21}},"branchMap":{"0":{"loc":{"start":{"line":27,"column":4},"end":{"line":29,"column":5}},"type":"if","locations":[{"start":{"line":27,"column":4},"end":{"line":29,"column":5}},{"start":{"line":27,"column":4},"end":{"line":29,"column":5}}],"line":27}},"s":{"0":9,"1":9,"2":9,"3":9,"4":19,"5":19,"6":19,"7":17,"8":17,"9":17,"10":36,"11":36,"12":19,"13":17,"14":1},"f":{"0":9,"1":19,"2":17,"3":36},"b":{"0":[19,17]},"_coverageSchema":"43e27e138ebf9cfc5966b082cf9a028302ed4184","hash":"a8f40b3914ef28ad028b225f8077ae008f71c1f6","contentHash":"9d9146890a2f512a6c70a5637c2219ddaff01ea2912b4b035f4e195d00ba710f"},"C:\\Users\\Tim\\Desktop\\api_teamwork\\api\\v1\\middleware\\authMiddleware.js":{"path":"C:\\Users\\Tim\\Desktop\\api_teamwork\\api\\v1\\middleware\\authMiddleware.js","statementMap":{"0":{"start":{"line":1,"column":16},"end":{"line":1,"column":43}},"1":{"start":{"line":3,"column":20},"end":{"line":3,"column":54}},"2":{"start":{"line":4,"column":13},"end":{"line":4,"column":38}},"3":{"start":{"line":6,"column":13},"end":{"line":6,"column":23}},"4":{"start":{"line":8,"column":0},"end":{"line":38,"column":2}},"5":{"start":{"line":9,"column":20},"end":{"line":9,"column":45}},"6":{"start":{"line":10,"column":2},"end":{"line":13,"column":3}},"7":{"start":{"line":11,"column":4},"end":{"line":11,"column":48}},"8":{"start":{"line":12,"column":4},"end":{"line":12,"column":26}},"9":{"start":{"line":14,"column":2},"end":{"line":37,"column":3}},"10":{"start":{"line":15,"column":18},"end":{"line":15,"column":57}},"11":{"start":{"line":16,"column":25},"end":{"line":16,"column":57}},"12":{"start":{"line":17,"column":19},"end":{"line":17,"column":38}},"13":{"start":{"line":18,"column":19},"end":{"line":18,"column":54}},"14":{"start":{"line":19,"column":4},"end":{"line":22,"column":5}},"15":{"start":{"line":20,"column":6},"end":{"line":20,"column":48}},"16":{"start":{"line":21,"column":6},"end":{"line":21,"column":28}},"17":{"start":{"line":23,"column":17},"end":{"line":23,"column":26}},"18":{"start":{"line":24,"column":4},"end":{"line":27,"column":5}},"19":{"start":{"line":25,"column":6},"end":{"line":25,"column":37}},"20":{"start":{"line":26,"column":6},"end":{"line":26,"column":28}},"21":{"start":{"line":28,"column":4},"end":{"line":31,"column":5}},"22":{"start":{"line":29,"column":6},"end":{"line":29,"column":74}},"23":{"start":{"line":30,"column":6},"end":{"line":30,"column":28}},"24":{"start":{"line":32,"column":4},"end":{"line":32,"column":11}},"25":{"start":{"line":33,"column":4},"end":{"line":33,"column":23}},"26":{"start":{"line":35,"column":4},"end":{"line":35,"column":38}},"27":{"start":{"line":36,"column":4},"end":{"line":36,"column":26}}},"fnMap":{"0":{"name":"(anonymous_0)","decl":{"start":{"line":8,"column":17},"end":{"line":8,"column":18}},"loc":{"start":{"line":8,"column":43},"end":{"line":38,"column":1}},"line":8}},"branchMap":{"0":{"loc":{"start":{"line":10,"column":2},"end":{"line":13,"column":3}},"type":"if","locations":[{"start":{"line":10,"column":2},"end":{"line":13,"column":3}},{"start":{"line":10,"column":2},"end":{"line":13,"column":3}}],"line":10},"1":{"loc":{"start":{"line":19,"column":4},"end":{"line":22,"column":5}},"type":"if","locations":[{"start":{"line":19,"column":4},"end":{"line":22,"column":5}},{"start":{"line":19,"column":4},"end":{"line":22,"column":5}}],"line":19},"2":{"loc":{"start":{"line":24,"column":4},"end":{"line":27,"column":5}},"type":"if","locations":[{"start":{"line":24,"column":4},"end":{"line":27,"column":5}},{"start":{"line":24,"column":4},"end":{"line":27,"column":5}}],"line":24},"3":{"loc":{"start":{"line":28,"column":4},"end":{"line":31,"column":5}},"type":"if","locations":[{"start":{"line":28,"column":4},"end":{"line":31,"column":5}},{"start":{"line":28,"column":4},"end":{"line":31,"column":5}}],"line":28}},"s":{"0":1,"1":1,"2":1,"3":1,"4":1,"5":23,"6":23,"7":3,"8":3,"9":20,"10":20,"11":20,"12":20,"13":20,"14":20,"15":0,"16":0,"17":20,"18":20,"19":0,"20":0,"21":20,"22":0,"23":0,"24":20,"25":20,"26":0,"27":0},"f":{"0":23},"b":{"0":[3,20],"1":[0,20],"2":[0,20],"3":[0,20]},"_coverageSchema":"43e27e138ebf9cfc5966b082cf9a028302ed4184","hash":"a414b8ec75fdef37d1254c4cedec147468bd6ea7","contentHash":"67f912b536f2f4e973a0df92ba8aa0d830dea5b28ebb2e32e9e9b56b144080e8"},"C:\\Users\\Tim\\Desktop\\api_teamwork\\api\\v1\\controllers\\UserController.js":{"path":"C:\\Users\\Tim\\Desktop\\api_teamwork\\api\\v1\\controllers\\UserController.js","statementMap":{"0":{"start":{"line":1,"column":16},"end":{"line":1,"column":43}},"1":{"start":{"line":2,"column":18},"end":{"line":2,"column":62}},"2":{"start":{"line":3,"column":20},"end":{"line":3,"column":54}},"3":{"start":{"line":4,"column":13},"end":{"line":4,"column":38}},"4":{"start":{"line":6,"column":13},"end":{"line":6,"column":23}},"5":{"start":{"line":8,"column":0},"end":{"line":35,"column":2}},"6":{"start":{"line":9,"column":2},"end":{"line":9,"column":76}},"7":{"start":{"line":10,"column":2},"end":{"line":34,"column":3}},"8":{"start":{"line":11,"column":17},"end":{"line":11,"column":59}},"9":{"start":{"line":12,"column":4},"end":{"line":15,"column":5}},"10":{"start":{"line":13,"column":6},"end":{"line":13,"column":37}},"11":{"start":{"line":14,"column":6},"end":{"line":14,"column":33}},"12":{"start":{"line":16,"column":17},"end":{"line":16,"column":24}},"13":{"start":{"line":17,"column":4},"end":{"line":29,"column":7}},"14":{"start":{"line":30,"column":4},"end":{"line":30,"column":31}},"15":{"start":{"line":32,"column":4},"end":{"line":32,"column":38}},"16":{"start":{"line":33,"column":4},"end":{"line":33,"column":31}},"17":{"start":{"line":37,"column":0},"end":{"line":74,"column":2}},"18":{"start":{"line":38,"column":30},"end":{"line":38,"column":42}},"19":{"start":{"line":39,"column":2},"end":{"line":73,"column":3}},"20":{"start":{"line":40,"column":17},"end":{"line":40,"column":49}},"21":{"start":{"line":41,"column":4},"end":{"line":44,"column":5}},"22":{"start":{"line":42,"column":6},"end":{"line":42,"column":37}},"23":{"start":{"line":43,"column":6},"end":{"line":43,"column":33}},"24":{"start":{"line":45,"column":4},"end":{"line":48,"column":5}},"25":{"start":{"line":46,"column":6},"end":{"line":46,"column":43}},"26":{"start":{"line":47,"column":6},"end":{"line":47,"column":33}},"27":{"start":{"line":49,"column":17},"end":{"line":49,"column":24}},"28":{"start":{"line":50,"column":20},"end":{"line":50,"column":33}},"29":{"start":{"line":51,"column":17},"end":{"line":51,"column":65}},"30":{"start":{"line":52,"column":4},"end":{"line":67,"column":5}},"31":{"start":{"line":53,"column":20},"end":{"line":53,"column":60}},"32":{"start":{"line":54,"column":6},"end":{"line":65,"column":9}},"33":{"start":{"line":66,"column":6},"end":{"line":66,"column":33}},"34":{"start":{"line":68,"column":4},"end":{"line":68,"column":46}},"35":{"start":{"line":69,"column":4},"end":{"line":69,"column":31}},"36":{"start":{"line":71,"column":4},"end":{"line":71,"column":38}},"37":{"start":{"line":72,"column":4},"end":{"line":72,"column":31}},"38":{"start":{"line":76,"column":0},"end":{"line":93,"column":2}},"39":{"start":{"line":77,"column":2},"end":{"line":92,"column":3}},"40":{"start":{"line":78,"column":19},"end":{"line":78,"column":47}},"41":{"start":{"line":79,"column":4},"end":{"line":82,"column":5}},"42":{"start":{"line":80,"column":6},"end":{"line":80,"column":39}},"43":{"start":{"line":81,"column":6},"end":{"line":81,"column":33}},"44":{"start":{"line":83,"column":4},"end":{"line":86,"column":5}},"45":{"start":{"line":84,"column":6},"end":{"line":84,"column":42}},"46":{"start":{"line":85,"column":6},"end":{"line":85,"column":33}},"47":{"start":{"line":87,"column":4},"end":{"line":87,"column":33}},"48":{"start":{"line":88,"column":4},"end":{"line":88,"column":31}},"49":{"start":{"line":90,"column":4},"end":{"line":90,"column":38}},"50":{"start":{"line":91,"column":4},"end":{"line":91,"column":31}},"51":{"start":{"line":95,"column":0},"end":{"line":125,"column":2}},"52":{"start":{"line":96,"column":17},"end":{"line":96,"column":38}},"53":{"start":{"line":97,"column":2},"end":{"line":124,"column":3}},"54":{"start":{"line":98,"column":19},"end":{"line":98,"column":54}},"55":{"start":{"line":99,"column":4},"end":{"line":102,"column":5}},"56":{"start":{"line":100,"column":6},"end":{"line":100,"column":39}},"57":{"start":{"line":101,"column":6},"end":{"line":101,"column":33}},"58":{"start":{"line":103,"column":4},"end":{"line":106,"column":5}},"59":{"start":{"line":104,"column":6},"end":{"line":104,"column":43}},"60":{"start":{"line":105,"column":6},"end":{"line":105,"column":33}},"61":{"start":{"line":107,"column":17},"end":{"line":107,"column":26}},"62":{"start":{"line":108,"column":4},"end":{"line":119,"column":7}},"63":{"start":{"line":120,"column":4},"end":{"line":120,"column":31}},"64":{"start":{"line":122,"column":4},"end":{"line":122,"column":38}},"65":{"start":{"line":123,"column":4},"end":{"line":123,"column":31}},"66":{"start":{"line":127,"column":0},"end":{"line":158,"column":2}},"67":{"start":{"line":128,"column":17},"end":{"line":128,"column":41}},"68":{"start":{"line":129,"column":2},"end":{"line":132,"column":3}},"69":{"start":{"line":130,"column":4},"end":{"line":130,"column":46}},"70":{"start":{"line":131,"column":4},"end":{"line":131,"column":31}},"71":{"start":{"line":133,"column":15},"end":{"line":133,"column":36}},"72":{"start":{"line":134,"column":14},"end":{"line":134,"column":60}},"73":{"start":{"line":135,"column":14},"end":{"line":135,"column":63}},"74":{"start":{"line":136,"column":19},"end":{"line":136,"column":53}},"75":{"start":{"line":137,"column":2},"end":{"line":140,"column":3}},"76":{"start":{"line":138,"column":4},"end":{"line":138,"column":42}},"77":{"start":{"line":139,"column":4},"end":{"line":139,"column":31}},"78":{"start":{"line":141,"column":22},"end":{"line":141,"column":57}},"79":{"start":{"line":142,"column":2},"end":{"line":157,"column":3}},"80":{"start":{"line":143,"column":19},"end":{"line":143,"column":60}},"81":{"start":{"line":144,"column":4},"end":{"line":147,"column":5}},"82":{"start":{"line":145,"column":6},"end":{"line":145,"column":42}},"83":{"start":{"line":146,"column":6},"end":{"line":146,"column":33}},"84":{"start":{"line":148,"column":17},"end":{"line":148,"column":26}},"85":{"start":{"line":149,"column":4},"end":{"line":152,"column":7}},"86":{"start":{"line":153,"column":4},"end":{"line":153,"column":31}},"87":{"start":{"line":155,"column":4},"end":{"line":155,"column":38}},"88":{"start":{"line":156,"column":4},"end":{"line":156,"column":31}},"89":{"start":{"line":160,"column":0},"end":{"line":1
[...]
nymous_14)","decl":{"start":{"line":102,"column":52},"end":{"line":102,"column":53}},"loc":{"start":{"line":102,"column":58},"end":{"line":116,"column":1}},"line":102},"15":{"name":"(anonymous_15)","decl":{"start":{"line":103,"column":79},"end":{"line":103,"column":80}},"loc":{"start":{"line":103,"column":89},"end":{"line":115,"column":3}},"line":103},"16":{"name":"(anonymous_16)","decl":{"start":{"line":107,"column":12},"end":{"line":107,"column":13}},"loc":{"start":{"line":107,"column":21},"end":{"line":110,"column":7}},"line":107},"17":{"name":"(anonymous_17)","decl":{"start":{"line":111,"column":13},"end":{"line":111,"column":14}},"loc":{"start":{"line":111,"column":24},"end":{"line":114,"column":7}},"line":111},"18":{"name":"(anonymous_18)","decl":{"start":{"line":118,"column":61},"end":{"line":118,"column":62}},"loc":{"start":{"line":118,"column":67},"end":{"line":140,"column":1}},"line":118},"19":{"name":"(anonymous_19)","decl":{"start":{"line":119,"column":81},"end":{"line":119,"column":82}},"loc":{"start":{"line":119,"column":91},"end":{"line":139,"column":3}},"line":119},"20":{"name":"(anonymous_20)","decl":{"start":{"line":128,"column":12},"end":{"line":128,"column":13}},"loc":{"start":{"line":128,"column":21},"end":{"line":134,"column":7}},"line":128},"21":{"name":"(anonymous_21)","decl":{"start":{"line":135,"column":13},"end":{"line":135,"column":14}},"loc":{"start":{"line":135,"column":22},"end":{"line":138,"column":7}},"line":135},"22":{"name":"(anonymous_22)","decl":{"start":{"line":142,"column":58},"end":{"line":142,"column":59}},"loc":{"start":{"line":142,"column":64},"end":{"line":157,"column":1}},"line":142},"23":{"name":"(anonymous_23)","decl":{"start":{"line":143,"column":70},"end":{"line":143,"column":71}},"loc":{"start":{"line":143,"column":80},"end":{"line":156,"column":3}},"line":143},"24":{"name":"(anonymous_24)","decl":{"start":{"line":148,"column":12},"end":{"line":148,"column":13}},"loc":{"start":{"line":148,"column":21},"end":{"line":151,"column":7}},"line":148},"25":{"name":"(anonymous_25)","decl":{"start":{"line":152,"column":13},"end":{"line":152,"column":14}},"loc":{"start":{"line":152,"column":22},"end":{"line":155,"column":7}},"line":152},"26":{"name":"(anonymous_26)","decl":{"start":{"line":159,"column":55},"end":{"line":159,"column":56}},"loc":{"start":{"line":159,"column":61},"end":{"line":174,"column":1}},"line":159},"27":{"name":"(anonymous_27)","decl":{"start":{"line":160,"column":78},"end":{"line":160,"column":79}},"loc":{"start":{"line":160,"column":88},"end":{"line":173,"column":3}},"line":160},"28":{"name":"(anonymous_28)","decl":{"start":{"line":165,"column":12},"end":{"line":165,"column":13}},"loc":{"start":{"line":165,"column":21},"end":{"line":168,"column":7}},"line":165},"29":{"name":"(anonymous_29)","decl":{"start":{"line":169,"column":13},"end":{"line":169,"column":14}},"loc":{"start":{"line":169,"column":24},"end":{"line":172,"column":7}},"line":169}},"branchMap":{},"s":{"0":1,"1":1,"2":1,"3":1,"4":1,"5":1,"6":1,"7":1,"8":1,"9":1,"10":1,"11":0,"12":0,"13":1,"14":1,"15":1,"16":1,"17":1,"18":1,"19":0,"20":0,"21":1,"22":1,"23":1,"24":1,"25":0,"26":0,"27":1,"28":1,"29":1,"30":1,"31":1,"32":1,"33":0,"34":0,"35":1,"36":1,"37":1,"38":1,"39":1,"40":1,"41":0,"42":1,"43":1,"44":1,"45":1,"46":1,"47":1,"48":1,"49":1,"50":1,"51":0,"52":0,"53":1,"54":1,"55":1,"56":1,"57":1,"58":0,"59":0,"60":1,"61":1,"62":1,"63":1,"64":1,"65":0,"66":0},"f":{"0":1,"1":1,"2":1,"3":0,"4":1,"5":1,"6":0,"7":1,"8":1,"9":1,"10":1,"11":1,"12":1,"13":1,"14":1,"15":1,"16":1,"17":1,"18":1,"19":1,"20":1,"21":0,"22":1,"23":1,"24":1,"25":0,"26":1,"27":1,"28":1,"29":0},"b":{},"_coverageSchema":"43e27e138ebf9cfc5966b082cf9a028302ed4184","hash":"5aea1d06d07da255e3ebe505f330cc18ee2f7b7b","contentHash":"17390d7583d5b3012ca039b9cd4e86aeadceb4a8e2066cdf97d712a8202e3e71"},"C:\\Users\\Tim\\Desktop\\api_teamwork\\api\\v1\\test\\d_gif.spec.js":{"path":"C:\\Users\\Tim\\Desktop\\api_teamwork\\api\\v1\\test\\d_gif.spec.js","statementMap":{"0":{"start":{"line":1,"column":13},"end":{"line":1,"column":28}},"1":{"start":{"line":2,"column":17},"end":{"line":2,"column":37}},"2":{"start":{"line":3,"column":11},"end":{"line":3,"column":24}},"3":{"start":{"line":5,"column":15},"end":{"line":5,"column":26}},"4":{"start":{"line":7,"column":0},"end":{"line":7,"column":19}},"5":{"start":{"line":8,"column":12},"end":{"line":8,"column":35}},"6":{"start":{"line":10,"column":0},"end":{"line":23,"column":3}},"7":{"start":{"line":11,"column":2},"end":{"line":22,"column":5}},"8":{"start":{"line":12,"column":4},"end":{"line":21,"column":9}},"9":{"start":{"line":19,"column":8},"end":{"line":19,"column":41}},"10":{"start":{"line":20,"column":8},"end":{"line":20,"column":15}},"11":{"start":{"line":25,"column":0},"end":{"line":39,"column":3}},"12":{"start":{"line":26,"column":2},"end":{"line":38,"column":5}},"13":{"start":{"line":27,"column":4},"end":{"line":37,"column":9}},"14":{"start":{"line":31,"column":8},"end":{"line":31,"column":41}},"15":{"start":{"line":32,"column":8},"end":{"line":32,"column":15}},"16":{"start":{"line":35,"column":8},"end":{"line":35,"column":33}},"17":{"start":{"line":36,"column":8},"end":{"line":36,"column":15}},"18":{"start":{"line":41,"column":0},"end":{"line":63,"column":3}},"19":{"start":{"line":42,"column":2},"end":{"line":62,"column":5}},"20":{"start":{"line":43,"column":20},"end":{"line":45,"column":5}},"21":{"start":{"line":46,"column":4},"end":{"line":61,"column":9}},"22":{"start":{"line":52,"column":8},"end":{"line":52,"column":41}},"23":{"start":{"line":53,"column":8},"end":{"line":55,"column":11}},"24":{"start":{"line":56,"column":8},"end":{"line":56,"column":15}},"25":{"start":{"line":59,"column":8},"end":{"line":59,"column":33}},"26":{"start":{"line":60,"column":8},"end":{"line":60,"column":15}},"27":{"start":{"line":65,"column":0},"end":{"line":80,"column":3}},"28":{"start":{"line":66,"column":2},"end":{"line":79,"column":5}},"29":{"start":{"line":67,"column":4},"end":{"line":78,"column":9}},"30":{"start":{"line":72,"column":8},"end":{"line":72,"column":40}},"31":{"start":{"line":73,"column":8},"end":{"line":73,"column":15}},"32":{"start":{"line":76,"column":8},"end":{"line":76,"column":33}},"33":{"start":{"line":77,"column":8},"end":{"line":77,"column":15}},"34":{"start":{"line":82,"column":0},"end":{"line":97,"column":3}},"35":{"start":{"line":83,"column":2},"end":{"line":96,"column":5}},"36":{"start":{"line":84,"column":4},"end":{"line":95,"column":9}},"37":{"start":{"line":89,"column":8},"end":{"line":89,"column":40}},"38":{"start":{"line":90,"column":8},"end":{"line":90,"column":15}},"39":{"start":{"line":93,"column":8},"end":{"line":93,"column":35}},"40":{"start":{"line":94,"column":8},"end":{"line":94,"column":15}}},"fnMap":{"0":{"name":"(anonymous_0)","decl":{"start":{"line":10,"column":38},"end":{"line":10,"column":39}},"loc":{"start":{"line":10,"column":44},"end":{"line":23,"column":1}},"line":10},"1":{"name":"(anonymous_1)","decl":{"start":{"line":11,"column":64},"end":{"line":11,"column":65}},"loc":{"start":{"line":11,"column":74},"end":{"line":22,"column":3}},"line":11},"2":{"name":"(anonymous_2)","decl":{"start":{"line":18,"column":11},"end":{"line":18,"column":12}},"loc":{"start":{"line":18,"column":25},"end":{"line":21,"column":7}},"line":18},"3":{"name":"(anonymous_3)","decl":{"start":{"line":25,"column":44},"end":{"line":25,"column":45}},"loc":{"start":{"line":25,"column":50},"end":{"line":39,"column":1}},"line":25},"4":{"name":"(anonymous_4)","decl":{"start":{"line":26,"column":27},"end":{"line":26,"column":28}},"loc":{"start":{"line":26,"column":37},"end":{"line":38,"column":3}},"line":26},"5":{"name":"(anonymous_5)","decl":{"start":{"line":30,"column":12},"end":{"line":30,"column":13}},"loc":{"start":{"line":30,"column":21},"end":{"line":33,"column":7}},"line":30},"6":{"name":"(anonymous_6)","decl":{"start":{"line":34,"column":13},"end":{"line":34,"column":14}},"loc":{"start":{"line":34,"column":22},"end":{"line":37,"column":7}},"line":34},"7":{"name":"(anonymous_7)","decl":{"start":{"line":41,"column":53},"end":{"line":41,"column":54}},"loc":{"start":{"line":41,"column":59},"end":{"line":63,"column":1}},"line":41},"8":{"name":"(anonymous_8)","decl":{"start":{"line":42,"column":77},"end":{"line":42,"column":78}},"loc":{"start":{"line":42,"column":87},"end":{"line":62,"column":3}},"line":42},"9":{"name":"(anonymous_9)","decl":{"start":{"line":51,"column":12},"end":{"line":51,"column":13}},"loc":{"start":{"line":51,"column":21},"end":{"line":57,"column":7}},"line":51},"10":{"name":"(anonymous_10)","decl":{"start":{"line":58,"column":13},"end":{"line":58,"column":14}},"loc":{"start":{"line":58,"column":22},"end":{"line":61,"column":7}},"line":58},"11":{"name":"(anonymous_11)","decl":{"start":{"line":65,"column":50},"end":{"line":65,"column":51}},"loc":{"start":{"line":65,"column":56},"end":{"line":80,"column":1}},"line":65},"12":{"name":"(anonymous_12)","decl":{"start":{"line":66,"column":66},"end":{"line":66,"column":67}},"loc":{"start":{"line":66,"column":76},"end":{"line":79,"column":3}},"line":66},"13":{"name":"(anonymous_13)","decl":{"start":{"line":71,"column":12},"end":{"line":71,"column":13}},"loc":{"start":{"line":71,"column":21},"end":{"line":74,"column":7}},"line":71},"14":{"name":"(anonymous_14)","decl":{"start":{"line":75,"column":13},"end":{"line":75,"column":14}},"loc":{"start":{"line":75,"column":22},"end":{"line":78,"column":7}},"line":75},"15":{"name":"(anonymous_15)","decl":{"start":{"line":82,"column":47},"end":{"line":82,"column":48}},"loc":{"start":{"line":82,"column":53},"end":{"line":97,"column":1}},"line":82},"16":{"name":"(anonymous_16)","decl":{"start":{"line":83,"column":74},"end":{"line":83,"column":75}},"loc":{"start":{"line":83,"column":84},"end":{"line":96,"column":3}},"line":83},"17":{"name":"(anonymous_17)","decl":{"start":{"line":88,"column":12},"end":{"line":88,"column":13}},"loc":{"start":{"line":88,"column":21},"end":{"line":91,"column":7}},"line":88},"18":{"name":"(anonymous_18)","decl":{"start":{"line":92,"column":13},"end":{"line":92,"column":14}},"loc":{"start":{"line":92,"column":24},"end":{"line":95,"column":7}},"line":92}},"branchMap":{},"s":{"0":1,"1":1,"2":1,"3":1,"4":1,"5":1,"6":1,"7":1,"8":1,"9":0,"10":0,"11":1,"12":1,"13":1,"14":1,"15":0,"16":1,"17":1,"18":1,"19":1,"20":1,"21":1,"22":1,"23":1,"24":1,"25":0,"26":0,"27":1,"28":1,"29":1,"30":1,"31":0,"32":1,"33":1,"34":1,"35":1,"36":1,"37":1,"38":0,"39":1,"40":1},"f":{"0":1,"1":1,"2":0,"3":1,"4":1,"5":1,"6":1,"7":1,"8":1,"9":1,"10":0,"11":1,"12":1,"13":1,"14":1,"15":1,"16":1,"17":1,"18":1},"b":{},"_coverageSchema":"43e27e138ebf9cfc5966b082cf9a028302ed4184","hash":"e3fc4048b42979b9273ee8dd70b99c4909d8f0b0","contentHash":"165a82792c91ebde647e61a1c6fb354d88bc129cdc172e00cbbdc204647be237"},"C:\\Users\\Tim\\Desktop\\api_teamwork\\api\\v1\\test\\e_comment.spec.js":{"path":"C:\\Users\\Tim\\Desktop\\api_teamwork\\api\\v1\\test\\e_comment.spec.js","statementMap":{"0":{"start":{"line":1,"column":13},"end":{"line":1,"column":28}},"1":{"start":{"line":2,"column":17},"end":{"line":2,"column":37}},"2":{"start":{"line":4,"column":15},"end":{"line":4,"column":26}},"3":{"start":{"line":5,"column":15},"end":{"line":5,"column":28}},"4":{"start":{"line":7,"column":0},"end":{"line":7,"column":19}},"5":{"start":{"line":8,"column":12},"end":{"line":8,"column":35}},"6":{"start":{"line":10,"column":0},"end":{"line":26,"column":3}},"7":{"start":{"line":11,"column":2},"end":{"line":25,"column":5}},"8":{"start":{"line":12,"column":4},"end":{"line":24,"column":9}},"9":{"start":{"line":17,"column":8},"end":{"line":17,"column":41}},"10":{"start":{"line":18,"column":8},"end":{"line":18,"column":36}},"11":{"start":{"line":19,"column":8},"end":{"line":19,"column":15}},"12":{"start":{"line":22,"column":8},"end":{"line":22,"column":33}},"13":{"start":{"line":23,"column":8},"end":{"line":23,"column":15}}},"fnMap":{"0":{"name":"(anonymous_0)","decl":{"start":{"line":10,"column":57},"end":{"line":10,"column":58}},"loc":{"start":{"line":10,"column":63},"end":{"line":26,"column":1}},"line":10},"1":{"name":"(anonymous_1)","decl":{"start":{"line":11,"column":64},"end":{"line":11,"column":65}},"loc":{"start":{"line":11,"column":74},"end":{"line":25,"column":3}},"line":11},"2":{"name":"(anonymous_2)","decl":{"start":{"line":16,"column":12},"end":{"line":16,"column":13}},"loc":{"start":{"line":16,"column":21},"end":{"line":20,"column":7}},"line":16},"3":{"name":"(anonymous_3)","decl":{"start":{"line":21,"column":13},"end":{"line":21,"column":14}},"loc":{"start":{"line":21,"column":22},"end":{"line":24,"column":7}},"line":21}},"branchMap":{},"s":{"0":1,"1":1,"2":1,"3":1,"4":1,"5":1,"6":1,"7":1,"8":1,"9":1,"10":0,"11":0,"12":1,"13":1},"f":{"0":1,"1":1,"2":1,"3":1},"b":{},"_coverageSchema":"43e27e138ebf9cfc5966b082cf9a028302ed4184","hash":"db616ba0a4a518b89944d930fe5947b8ad669623","contentHash":"c2a5b823bd7606ed710e64c26969c16573d708bca6de2ce422f71d3db1c8b578"},"C:\\Users\\Tim\\Desktop\\api_teamwork\\api\\v1\\test\\e_flag.spec.js":{"path":"C:\\Users\\Tim\\Desktop\\api_teamwork\\api\\v1\\test\\e_flag.spec.js","statementMap":{"0":{"start":{"line":1,"column":13},"end":{"line":1,"column":28}},"1":{"start":{"line":2,"column":17},"end":{"line":2,"column":37}},"2":{"start":{"line":4,"column":15},"end":{"line":4,"column":26}},"3":{"start":{"line":5,"column":15},"end":{"line":5,"column":28}},"4":{"start":{"line":7,"column":0},"end":{"line":7,"column":19}},"5":{"start":{"line":8,"column":12},"end":{"line":8,"column":35}},"6":{"start":{"line":10,"column":0},"end":{"line":27,"column":3}},"7":{"start":{"line":11,"column":2},"end":{"line":26,"column":5}},"8":{"start":{"line":12,"column":4},"end":{"line":25,"column":9}},"9":{"start":{"line":17,"column":8},"end":{"line":17,"column":41}},"10":{"start":{"line":18,"column":8},"end":{"line":18,"column":36}},"11":{"start":{"line":19,"column":8},"end":{"line":19,"column":43}},"12":{"start":{"line":20,"column":8},"end":{"line":20,"column":15}},"13":{"start":{"line":23,"column":8},"end":{"line":23,"column":33}},"14":{"start":{"line":24,"column":8},"end":{"line":24,"column":15}},"15":{"start":{"line":29,"column":0},"end":{"line":44,"column":3}},"16":{"start":{"line":30,"column":2},"end":{"line":43,"column":5}},"17":{"start":{"line":31,"column":4},"end":{"line":42,"column":9}},"18":{"start":{"line":36,"column":8},"end":{"line":36,"column":41}},"19":{"start":{"line":37,"column":8},"end":{"line":37,"column":15}},"20":{"start":{"line":40,"column":8},"end":{"line":40,"column":33}},"21":{"start":{"line":41,"column":8},"end":{"line":41,"column":15}},"22":{"start":{"line":46,"column":0},"end":{"line":61,"column":3}},"23":{"start":{"line":47,"column":2},"end":{"line":60,"column":5}},"24":{"start":{"line":48,"column":4},"end":{"line":59,"column":9}},"25":{"start":{"line":53,"column":8},"end":{"line":53,"column":41}},"26":{"start":{"line":54,"column":8},"end":{"line":54,"column":15}},"27":{"start":{"line":57,"column":8},"end":{"line":57,"column":33}},"28":{"start":{"line":58,"column":8},"end":{"line":58,"column":15}}},"fnMap":{"0":{"name":"(anonymous_0)","decl":{"start":{"line":10,"column":38},"end":{"line":10,"column":39}},"loc":{"start":{"line":10,"column":44},"end":{"line":27,"column":1}},"line":10},"1":{"name":"(anonymous_1)","decl":{"start":{"line":11,"column":64},"end":{"line":11,"column":65}},"loc":{"start":{"line":11,"column":74},"end":{"line":26,"column":3}},"line":11},"2":{"name":"(anonymous_2)","decl":{"start":{"line":16,"column":12},"end":{"line":16,"column":13}},"loc":{"start":{"line":16,"column":21},"end":{"line":21,"column":7}},"line":16},"3":{"name":"(anonymous_3)","decl":{"start":{"line":22,"column":13},"end":{"line":22,"column":14}},"loc":{"start":{"line":22,"column":22},"end":{"line":25,"column":7}},"line":22},"4":{"name":"(anonymous_4)","decl":{"start":{"line":29,"column":46},"end":{"line":29,"column":47}},"loc":{"start":{"line":29,"column":52},"end":{"line":44,"column":1}},"line":29},"5":{"name":"(anonymous_5)","decl":{"start":{"line":30,"column":54},"end":{"line":30,"column":55}},"loc":{"start":{"line":30,"column":64},"end":{"line":43,"column":3}},"line":30},"6":{"name":"(anonymous_6)","decl":{"start":{"line":35,"column":12},"end":{"line":35,"column":13}},"loc":{"start":{"line":35,"column":21},"end":{"line":38,"column":7}},"line":35},"7":{"name":"(anonymous_7)","decl":{"start":{"line":39,"column":13},"end":{"line":39,"column":14}},"loc":{"start":{"line":39,"column":22},"end":{"line":42,"column":7}},"line":39},"8":{"name":"(anonymous_8)","decl":{"start":{"line":46,"column":49},"end":{"line":46,"column":50}},"loc":{"start":{"line":46,"column":55},"end":{"line":61,"column":1}},"line":46},"9":{"name":"(anonymous_9)","decl":{"start":{"line":47,"column":48},"end":{"line":47,"column":49}},"loc":{"start":{"line":47,"column":58},"end":{"line":60,"column":3}},"line":47},"10":{"name":"(anonymous_10)","decl":{"start":{"line":52,"column":12},"end":{"line":52,"column":13}},"loc":{"start":{"line":52,"column":21},"end":{"line":55,"column":7}},"line":52},"11":{"name":"(anonymous_11)","decl":{"start":{"line":56,"column":13},"end":{"line":56,"column":14}},"loc":{"start":{"line":56,"column":22},"end":{"line":59,"column":7}},"line":56}},"branchMap":{},"s":{"0":1,"1":1,"2":1,"3":1,"4":1,"5":1,"6":1,"7":1,"8":1,"9":1,"10":0,"11":0,"12":0,"13":1,"14":1,"15":1,"16":1,"17":1,"18":1,"19":0,"20":1,"21":1,"22":1,"23":1,"24":1,"25":1,"26":0,"27":1,"28":1},"f":{"0":1,"1":1,"2":1,"3":1,"4":1,"5":1,"6":1,"7":1,"8":1,"9":1,"10":1,"11":1},"b":{},"_coverageSchema":"43e27e138ebf9cfc5966b082cf9a028302ed4184","hash":"7896a1ca8f5cd3632d01645b7d2898db42d90ed7","contentHash":"652f15cc412cc4ad0ba52db07a5f613edcde331483a495681f21a92962fe59c9"},"C:\\Users\\Tim\\Desktop\\api_teamwork\\api\\v1\\test\\f_feed.spec.js":{"path":"C:\\Users\\Tim\\Desktop\\api_teamwork\\api\\v1\\test\\f_feed.spec.js","statementMap":{"0":{"start":{"line":1,"column":13},"end":{"line":1,"column":28}},"1":{"start":{"line":2,"column":17},"end":{"line":2,"column":37}},"2":{"start":{"line":4,"column":15},"end":{"line":4,"column":26}},"3":{"start":{"line":5,"column":15},"end":{"line":5,"column":28}},"4":{"start":{"line":7,"column":0},"end":{"line":7,"column":19}},"5":{"start":{"line":8,"column":12},"end":{"line":8,"column":35}},"6":{"start":{"line":10,"column":0},"end":{"line":26,"column":3}},"7":{"start":{"line":11,"column":2},"end":{"line":25,"column":5}},"8":{"start":{"line":12,"column":4},"end":{"line":24,"column":9}},"9":{"start":{"line":16,"column":8},"end":{"line":16,"column":41}},"10":{"start":{"line":17,"column":8},"end":{"line":17,"column":36}},"11":{"start":{"line":18,"column":8},"end":{"line":18,"column":43}},"12":{"start":{"line":19,"column":8},"end":{"line":19,"column":15}},"13":{"start":{"line":22,"column":8},"end":{"line":22,"column":33}},"14":{"start":{"line":23,"column":8},"end":{"line":23,"column":15}}},"fnMap":{"0":{"name":"(anonymous_0)","decl":{"start":{"line":10,"column":37},"end":{"line":10,"column":38}},"loc":{"start":{"line":10,"column":43},"end":{"line":26,"column":1}},"line":10},"1":{"name":"(anonymous_1)","decl":{"start":{"line":11,"column":69},"end":{"line":11,"column":70}},"loc":{"start":{"line":11,"column":79},"end":{"line":25,"column":3}},"line":11},"2":{"name":"(anonymous_2)","decl":{"start":{"line":15,"column":12},"end":{"line":15,"column":13}},"loc":{"start":{"line":15,"column":21},"end":{"line":20,"column":7}},"line":15},"3":{"name":"(anonymous_3)","decl":{"start":{"line":21,"column":13},"end":{"line":21,"column":14}},"loc":{"start":{"line":21,"column":22},"end":{"line":24,"column":7}},"line":21}},"branchMap":{},"s":{"0":1,"1":1,"2":1,"3":1,"4":1,"5":1,"6":1,"7":1,"8":1,"9":1,"10":0,"11":0,"12":0,"13":1,"14":1},"f":{"0":1,"1":1,"2":1,"3":1},"b":{},"_coverageSchema":"43e27e138ebf9cfc5966b082cf9a028302ed4184","hash":"1a83f72adb56d1c87a48eca2f2bc6d4acde9bb30","contentHash":"0571fec1b1f9ee37fd66000a7d46a4748ae24ed06e9496cea1c6703ca1313520"}}